2022-05-14 22:24:08 INFO  Logs:12 - ============Started:Test============
2022-05-14 22:24:14 INFO  Logs:12 - VerifyAddUser has passed
2022-05-14 22:24:54 INFO  Logs:12 - VerifyAddUser has passed
2022-05-14 22:24:54 INFO  Logs:12 - 
2022-05-14 22:25:04 INFO  Logs:12 - ============Finished:Test============
2022-05-14 23:30:08 INFO  Logs:12 - ============Started:Test============
2022-05-14 23:30:22 INFO  Logs:12 - VerifyAddUser has passed
2022-05-14 23:31:02 INFO  Logs:12 - VerifyAddUser has passed
2022-05-14 23:31:02 INFO  Logs:12 - 
2022-05-14 23:31:12 INFO  Logs:12 - ============Finished:Test============
2022-05-14 23:36:12 INFO  Logs:12 - ============Started:Test============
2022-05-14 23:36:18 INFO  Logs:12 - VerifyAddUser has passed
2022-05-14 23:37:07 INFO  Logs:12 - VerifyAddUser has passed
2022-05-14 23:37:07 INFO  Logs:12 - 
2022-05-14 23:37:13 INFO  Logs:12 - ============Finished:Test============
2022-05-14 23:39:28 INFO  Logs:12 - ============Started:Test============
2022-05-14 23:39:34 INFO  Logs:12 - VerifyAddUser has passed
2022-05-14 23:40:24 INFO  Logs:12 - VerifyAddUser has passed
2022-05-14 23:40:24 INFO  Logs:12 - 
2022-05-14 23:40:30 INFO  Logs:12 - ============Finished:Test============
2022-05-14 23:42:21 INFO  Logs:12 - ============Started:Test============
2022-05-14 23:42:29 INFO  Logs:12 - VerifyAddUser has passed
2022-05-14 23:43:18 FATAL Logs:22 - Failed, Exception: [java.base/jdk.internal.reflect.NativeConstructorAccessorImpl.newInstance0(Native Method), java.base/jdk.internal.reflect.NativeConstructorAccessorImpl.newInstance(NativeConstructorAccessorImpl.java:77), java.base/jdk.internal.reflect.DelegatingConstructorAccessorImpl.newInstance(DelegatingConstructorAccessorImpl.java:45), java.base/java.lang.reflect.Constructor.newInstanceWithCaller(Constructor.java:499), java.base/java.lang.reflect.Constructor.newInstance(Constructor.java:480), org.openqa.selenium.remote.codec.w3c.W3CHttpResponseCodec.createException(W3CHttpResponseCodec.java:200), org.openqa.selenium.remote.codec.w3c.W3CHttpResponseCodec.decode(W3CHttpResponseCodec.java:133), org.openqa.selenium.remote.codec.w3c.W3CHttpResponseCodec.decode(W3CHttpResponseCodec.java:53), org.openqa.selenium.remote.HttpCommandExecutor.execute(HttpCommandExecutor.java:184), org.openqa.selenium.remote.service.DriverCommandExecutor.invokeExecute(DriverCommandExecutor.java:167), org.openqa.selenium.remote.service.DriverCommandExecutor.execute(DriverCommandExecutor.java:142), org.openqa.selenium.remote.RemoteWebDriver.execute(RemoteWebDriver.java:567), org.openqa.selenium.remote.RemoteWebElement.execute(RemoteWebElement.java:251), org.openqa.selenium.remote.RemoteWebElement.click(RemoteWebElement.java:77), resman.qa.TestCases.addUser.VerifyAddUser(addUser.java:63), java.base/jdk.internal.reflect.NativeMethodAccessorImpl.invoke0(Native Method), java.base/jdk.internal.reflect.NativeMethodAccessorImpl.invoke(NativeMethodAccessorImpl.java:77), java.base/jdk.internal.reflect.DelegatingMethodAccessorImpl.invoke(DelegatingMethodAccessorImpl.java:43), java.base/java.lang.reflect.Method.invoke(Method.java:568), org.testng.internal.MethodInvocationHelper.invokeMethod(MethodInvocationHelper.java:133), org.testng.internal.TestInvoker.invokeMethod(TestInvoker.java:598), org.testng.internal.TestInvoker.invokeTestMethod(TestInvoker.java:173), org.testng.internal.MethodRunner.runInSequence(MethodRunner.java:46), org.testng.internal.TestInvoker$MethodInvocationAgent.invoke(TestInvoker.java:824), org.testng.internal.TestInvoker.invokeTestMethods(TestInvoker.java:146), org.testng.internal.TestMethodWorker.invokeTestMethods(TestMethodWorker.java:146), org.testng.internal.TestMethodWorker.run(TestMethodWorker.java:128), java.base/java.util.ArrayList.forEach(ArrayList.java:1511), org.testng.TestRunner.privateRun(TestRunner.java:794), org.testng.TestRunner.run(TestRunner.java:596), org.testng.SuiteRunner.runTest(SuiteRunner.java:377), org.testng.SuiteRunner.runSequentially(SuiteRunner.java:371), org.testng.SuiteRunner.privateRun(SuiteRunner.java:332), org.testng.SuiteRunner.run(SuiteRunner.java:276), org.testng.SuiteRunnerWorker.runSuite(SuiteRunnerWorker.java:53), org.testng.SuiteRunnerWorker.run(SuiteRunnerWorker.java:96), org.testng.TestNG.runSuitesSequentially(TestNG.java:1212), org.testng.TestNG.runSuitesLocally(TestNG.java:1134), org.testng.TestNG.runSuites(TestNG.java:1063), org.testng.TestNG.run(TestNG.java:1031), org.testng.remote.AbstractRemoteTestNG.run(AbstractRemoteTestNG.java:115), org.testng.remote.RemoteTestNG.initAndRun(RemoteTestNG.java:251), org.testng.remote.RemoteTestNG.main(RemoteTestNG.java:77)]
2022-05-14 23:43:28 INFO  Logs:12 - ============Finished:Test============
2022-05-15 00:33:09 INFO  Logs:12 - ============Started:Test============
2022-05-15 00:33:19 INFO  Logs:12 - VerifyAddUser has passed
2022-05-15 00:34:09 FATAL Logs:22 - Failed, Exception: [java.base/jdk.internal.reflect.NativeConstructorAccessorImpl.newInstance0(Native Method), java.base/jdk.internal.reflect.NativeConstructorAccessorImpl.newInstance(NativeConstructorAccessorImpl.java:77), java.base/jdk.internal.reflect.DelegatingConstructorAccessorImpl.newInstance(DelegatingConstructorAccessorImpl.java:45), java.base/java.lang.reflect.Constructor.newInstanceWithCaller(Constructor.java:499), java.base/java.lang.reflect.Constructor.newInstance(Constructor.java:480), org.openqa.selenium.remote.codec.w3c.W3CHttpResponseCodec.createException(W3CHttpResponseCodec.java:200), org.openqa.selenium.remote.codec.w3c.W3CHttpResponseCodec.decode(W3CHttpResponseCodec.java:133), org.openqa.selenium.remote.codec.w3c.W3CHttpResponseCodec.decode(W3CHttpResponseCodec.java:53), org.openqa.selenium.remote.HttpCommandExecutor.execute(HttpCommandExecutor.java:184), org.openqa.selenium.remote.service.DriverCommandExecutor.invokeExecute(DriverCommandExecutor.java:167), org.openqa.selenium.remote.service.DriverCommandExecutor.execute(DriverCommandExecutor.java:142), org.openqa.selenium.remote.RemoteWebDriver.execute(RemoteWebDriver.java:567), org.openqa.selenium.remote.RemoteWebElement.execute(RemoteWebElement.java:251), org.openqa.selenium.remote.RemoteWebElement.click(RemoteWebElement.java:77), resman.qa.TestCases.addUser.VerifyAddUser(addUser.java:63), java.base/jdk.internal.reflect.NativeMethodAccessorImpl.invoke0(Native Method), java.base/jdk.internal.reflect.NativeMethodAccessorImpl.invoke(NativeMethodAccessorImpl.java:77), java.base/jdk.internal.reflect.DelegatingMethodAccessorImpl.invoke(DelegatingMethodAccessorImpl.java:43), java.base/java.lang.reflect.Method.invoke(Method.java:568), org.testng.internal.MethodInvocationHelper.invokeMethod(MethodInvocationHelper.java:133), org.testng.internal.TestInvoker.invokeMethod(TestInvoker.java:598), org.testng.internal.TestInvoker.invokeTestMethod(TestInvoker.java:173), org.testng.internal.MethodRunner.runInSequence(MethodRunner.java:46), org.testng.internal.TestInvoker$MethodInvocationAgent.invoke(TestInvoker.java:824), org.testng.internal.TestInvoker.invokeTestMethods(TestInvoker.java:146), org.testng.internal.TestMethodWorker.invokeTestMethods(TestMethodWorker.java:146), org.testng.internal.TestMethodWorker.run(TestMethodWorker.java:128), java.base/java.util.ArrayList.forEach(ArrayList.java:1511), org.testng.TestRunner.privateRun(TestRunner.java:794), org.testng.TestRunner.run(TestRunner.java:596), org.testng.SuiteRunner.runTest(SuiteRunner.java:377), org.testng.SuiteRunner.runSequentially(SuiteRunner.java:371), org.testng.SuiteRunner.privateRun(SuiteRunner.java:332), org.testng.SuiteRunner.run(SuiteRunner.java:276), org.testng.SuiteRunnerWorker.runSuite(SuiteRunnerWorker.java:53), org.testng.SuiteRunnerWorker.run(SuiteRunnerWorker.java:96), org.testng.TestNG.runSuitesSequentially(TestNG.java:1212), org.testng.TestNG.runSuitesLocally(TestNG.java:1134), org.testng.TestNG.runSuites(TestNG.java:1063), org.testng.TestNG.run(TestNG.java:1031), org.testng.remote.AbstractRemoteTestNG.run(AbstractRemoteTestNG.java:115), org.testng.remote.RemoteTestNG.initAndRun(RemoteTestNG.java:251), org.testng.remote.RemoteTestNG.main(RemoteTestNG.java:77)]
2022-05-15 00:34:19 INFO  Logs:12 - ============Finished:Test============
2022-05-15 00:39:25 INFO  Logs:12 - ============Started:Test============
2022-05-15 00:39:33 INFO  Logs:12 - VerifyAddUser has passed
2022-05-15 00:40:22 FATAL Logs:22 - Failed, Exception: [java.base/jdk.internal.reflect.NativeConstructorAccessorImpl.newInstance0(Native Method), java.base/jdk.internal.reflect.NativeConstructorAccessorImpl.newInstance(NativeConstructorAccessorImpl.java:77), java.base/jdk.internal.reflect.DelegatingConstructorAccessorImpl.newInstance(DelegatingConstructorAccessorImpl.java:45), java.base/java.lang.reflect.Constructor.newInstanceWithCaller(Constructor.java:499), java.base/java.lang.reflect.Constructor.newInstance(Constructor.java:480), org.openqa.selenium.remote.codec.w3c.W3CHttpResponseCodec.createException(W3CHttpResponseCodec.java:200), org.openqa.selenium.remote.codec.w3c.W3CHttpResponseCodec.decode(W3CHttpResponseCodec.java:133), org.openqa.selenium.remote.codec.w3c.W3CHttpResponseCodec.decode(W3CHttpResponseCodec.java:53), org.openqa.selenium.remote.HttpCommandExecutor.execute(HttpCommandExecutor.java:184), org.openqa.selenium.remote.service.DriverCommandExecutor.invokeExecute(DriverCommandExecutor.java:167), org.openqa.selenium.remote.service.DriverCommandExecutor.execute(DriverCommandExecutor.java:142), org.openqa.selenium.remote.RemoteWebDriver.execute(RemoteWebDriver.java:567), org.openqa.selenium.remote.RemoteWebElement.execute(RemoteWebElement.java:251), org.openqa.selenium.remote.RemoteWebElement.click(RemoteWebElement.java:77), resman.qa.TestCases.addUser.VerifyAddUser(addUser.java:65), java.base/jdk.internal.reflect.NativeMethodAccessorImpl.invoke0(Native Method), java.base/jdk.internal.reflect.NativeMethodAccessorImpl.invoke(NativeMethodAccessorImpl.java:77), java.base/jdk.internal.reflect.DelegatingMethodAccessorImpl.invoke(DelegatingMethodAccessorImpl.java:43), java.base/java.lang.reflect.Method.invoke(Method.java:568), org.testng.internal.MethodInvocationHelper.invokeMethod(MethodInvocationHelper.java:133), org.testng.internal.TestInvoker.invokeMethod(TestInvoker.java:598), org.testng.internal.TestInvoker.invokeTestMethod(TestInvoker.java:173), org.testng.internal.MethodRunner.runInSequence(MethodRunner.java:46), org.testng.internal.TestInvoker$MethodInvocationAgent.invoke(TestInvoker.java:824), org.testng.internal.TestInvoker.invokeTestMethods(TestInvoker.java:146), org.testng.internal.TestMethodWorker.invokeTestMethods(TestMethodWorker.java:146), org.testng.internal.TestMethodWorker.run(TestMethodWorker.java:128), java.base/java.util.ArrayList.forEach(ArrayList.java:1511), org.testng.TestRunner.privateRun(TestRunner.java:794), org.testng.TestRunner.run(TestRunner.java:596), org.testng.SuiteRunner.runTest(SuiteRunner.java:377), org.testng.SuiteRunner.runSequentially(SuiteRunner.java:371), org.testng.SuiteRunner.privateRun(SuiteRunner.java:332), org.testng.SuiteRunner.run(SuiteRunner.java:276), org.testng.SuiteRunnerWorker.runSuite(SuiteRunnerWorker.java:53), org.testng.SuiteRunnerWorker.run(SuiteRunnerWorker.java:96), org.testng.TestNG.runSuitesSequentially(TestNG.java:1212), org.testng.TestNG.runSuitesLocally(TestNG.java:1134), org.testng.TestNG.runSuites(TestNG.java:1063), org.testng.TestNG.run(TestNG.java:1031), org.testng.remote.AbstractRemoteTestNG.run(AbstractRemoteTestNG.java:115), org.testng.remote.RemoteTestNG.initAndRun(RemoteTestNG.java:251), org.testng.remote.RemoteTestNG.main(RemoteTestNG.java:77)]
2022-05-15 00:40:33 INFO  Logs:12 - ============Finished:Test============
2022-05-15 00:41:30 INFO  Logs:12 - ============Started:Test============
2022-05-15 00:41:37 INFO  Logs:12 - VerifyAddUser has passed
2022-05-15 00:42:26 FATAL Logs:22 - Failed, Exception: [java.base/jdk.internal.reflect.NativeConstructorAccessorImpl.newInstance0(Native Method), java.base/jdk.internal.reflect.NativeConstructorAccessorImpl.newInstance(NativeConstructorAccessorImpl.java:77), java.base/jdk.internal.reflect.DelegatingConstructorAccessorImpl.newInstance(DelegatingConstructorAccessorImpl.java:45), java.base/java.lang.reflect.Constructor.newInstanceWithCaller(Constructor.java:499), java.base/java.lang.reflect.Constructor.newInstance(Constructor.java:480), org.openqa.selenium.remote.codec.w3c.W3CHttpResponseCodec.createException(W3CHttpResponseCodec.java:200), org.openqa.selenium.remote.codec.w3c.W3CHttpResponseCodec.decode(W3CHttpResponseCodec.java:133), org.openqa.selenium.remote.codec.w3c.W3CHttpResponseCodec.decode(W3CHttpResponseCodec.java:53), org.openqa.selenium.remote.HttpCommandExecutor.execute(HttpCommandExecutor.java:184), org.openqa.selenium.remote.service.DriverCommandExecutor.invokeExecute(DriverCommandExecutor.java:167), org.openqa.selenium.remote.service.DriverCommandExecutor.execute(DriverCommandExecutor.java:142), org.openqa.selenium.remote.RemoteWebDriver.execute(RemoteWebDriver.java:567), org.openqa.selenium.remote.RemoteWebElement.execute(RemoteWebElement.java:251), org.openqa.selenium.remote.RemoteWebElement.click(RemoteWebElement.java:77), resman.qa.TestCases.addUser.VerifyAddUser(addUser.java:65), java.base/jdk.internal.reflect.NativeMethodAccessorImpl.invoke0(Native Method), java.base/jdk.internal.reflect.NativeMethodAccessorImpl.invoke(NativeMethodAccessorImpl.java:77), java.base/jdk.internal.reflect.DelegatingMethodAccessorImpl.invoke(DelegatingMethodAccessorImpl.java:43), java.base/java.lang.reflect.Method.invoke(Method.java:568), org.testng.internal.MethodInvocationHelper.invokeMethod(MethodInvocationHelper.java:133), org.testng.internal.TestInvoker.invokeMethod(TestInvoker.java:598), org.testng.internal.TestInvoker.invokeTestMethod(TestInvoker.java:173), org.testng.internal.MethodRunner.runInSequence(MethodRunner.java:46), org.testng.internal.TestInvoker$MethodInvocationAgent.invoke(TestInvoker.java:824), org.testng.internal.TestInvoker.invokeTestMethods(TestInvoker.java:146), org.testng.internal.TestMethodWorker.invokeTestMethods(TestMethodWorker.java:146), org.testng.internal.TestMethodWorker.run(TestMethodWorker.java:128), java.base/java.util.ArrayList.forEach(ArrayList.java:1511), org.testng.TestRunner.privateRun(TestRunner.java:794), org.testng.TestRunner.run(TestRunner.java:596), org.testng.SuiteRunner.runTest(SuiteRunner.java:377), org.testng.SuiteRunner.runSequentially(SuiteRunner.java:371), org.testng.SuiteRunner.privateRun(SuiteRunner.java:332), org.testng.SuiteRunner.run(SuiteRunner.java:276), org.testng.SuiteRunnerWorker.runSuite(SuiteRunnerWorker.java:53), org.testng.SuiteRunnerWorker.run(SuiteRunnerWorker.java:96), org.testng.TestNG.runSuitesSequentially(TestNG.java:1212), org.testng.TestNG.runSuitesLocally(TestNG.java:1134), org.testng.TestNG.runSuites(TestNG.java:1063), org.testng.TestNG.run(TestNG.java:1031), org.testng.remote.AbstractRemoteTestNG.run(AbstractRemoteTestNG.java:115), org.testng.remote.RemoteTestNG.initAndRun(RemoteTestNG.java:251), org.testng.remote.RemoteTestNG.main(RemoteTestNG.java:77)]
2022-05-15 00:42:32 INFO  Logs:12 - ============Finished:Test============
2022-05-16 22:49:44 INFO  Logs:12 - ============Started:Test============
2022-05-16 22:50:00 INFO  Logs:12 - verifyAddUser has passed
2022-05-16 22:51:17 FATAL Logs:22 - Failed, Exception: [java.base/jdk.internal.reflect.NativeConstructorAccessorImpl.newInstance0(Native Method), java.base/jdk.internal.reflect.NativeConstructorAccessorImpl.newInstance(NativeConstructorAccessorImpl.java:77), java.base/jdk.internal.reflect.DelegatingConstructorAccessorImpl.newInstance(DelegatingConstructorAccessorImpl.java:45), java.base/java.lang.reflect.Constructor.newInstanceWithCaller(Constructor.java:499), java.base/java.lang.reflect.Constructor.newInstance(Constructor.java:480), org.openqa.selenium.remote.codec.w3c.W3CHttpResponseCodec.createException(W3CHttpResponseCodec.java:200), org.openqa.selenium.remote.codec.w3c.W3CHttpResponseCodec.decode(W3CHttpResponseCodec.java:133), org.openqa.selenium.remote.codec.w3c.W3CHttpResponseCodec.decode(W3CHttpResponseCodec.java:53), org.openqa.selenium.remote.HttpCommandExecutor.execute(HttpCommandExecutor.java:184), org.openqa.selenium.remote.service.DriverCommandExecutor.invokeExecute(DriverCommandExecutor.java:167), org.openqa.selenium.remote.service.DriverCommandExecutor.execute(DriverCommandExecutor.java:142), org.openqa.selenium.remote.RemoteWebDriver.execute(RemoteWebDriver.java:567), org.openqa.selenium.remote.RemoteWebElement.execute(RemoteWebElement.java:251), org.openqa.selenium.remote.RemoteWebElement.click(RemoteWebElement.java:77), resman.qa.TestCases.addUser.verifyAddUserLists(addUser.java:127), resman.qa.TestCases.addUser.verifyAddUser(addUser.java:36), java.base/jdk.internal.reflect.NativeMethodAccessorImpl.invoke0(Native Method), java.base/jdk.internal.reflect.NativeMethodAccessorImpl.invoke(NativeMethodAccessorImpl.java:77), java.base/jdk.internal.reflect.DelegatingMethodAccessorImpl.invoke(DelegatingMethodAccessorImpl.java:43), java.base/java.lang.reflect.Method.invoke(Method.java:568), org.testng.internal.MethodInvocationHelper.invokeMethod(MethodInvocationHelper.java:133), org.testng.internal.TestInvoker.invokeMethod(TestInvoker.java:598), org.testng.internal.TestInvoker.invokeTestMethod(TestInvoker.java:173), org.testng.internal.MethodRunner.runInSequence(MethodRunner.java:46), org.testng.internal.TestInvoker$MethodInvocationAgent.invoke(TestInvoker.java:824), org.testng.internal.TestInvoker.invokeTestMethods(TestInvoker.java:146), org.testng.internal.TestMethodWorker.invokeTestMethods(TestMethodWorker.java:146), org.testng.internal.TestMethodWorker.run(TestMethodWorker.java:128), java.base/java.util.ArrayList.forEach(ArrayList.java:1511), org.testng.TestRunner.privateRun(TestRunner.java:794), org.testng.TestRunner.run(TestRunner.java:596), org.testng.SuiteRunner.runTest(SuiteRunner.java:377), org.testng.SuiteRunner.runSequentially(SuiteRunner.java:371), org.testng.SuiteRunner.privateRun(SuiteRunner.java:332), org.testng.SuiteRunner.run(SuiteRunner.java:276), org.testng.SuiteRunnerWorker.runSuite(SuiteRunnerWorker.java:53), org.testng.SuiteRunnerWorker.run(SuiteRunnerWorker.java:96), org.testng.TestNG.runSuitesSequentially(TestNG.java:1212), org.testng.TestNG.runSuitesLocally(TestNG.java:1134), org.testng.TestNG.runSuites(TestNG.java:1063), org.testng.TestNG.run(TestNG.java:1031), org.testng.remote.AbstractRemoteTestNG.run(AbstractRemoteTestNG.java:115), org.testng.remote.RemoteTestNG.initAndRun(RemoteTestNG.java:251), org.testng.remote.RemoteTestNG.main(RemoteTestNG.java:77)]
2022-05-16 22:51:22 INFO  Logs:12 - navigateToUserPage has passed
2022-05-16 22:53:11 INFO  Logs:12 - navigateToUserPage has passed
2022-05-16 22:53:11 INFO  Logs:12 - 
2022-05-16 22:53:26 INFO  Logs:12 - ============Finished:Test============
2022-05-16 23:44:43 INFO  Logs:12 - ============Started:Test============
2022-05-16 23:44:56 INFO  Logs:12 - verifyAddUser has passed
2022-05-16 23:46:03 FATAL Logs:22 - Failed, Exception: [java.base/jdk.internal.reflect.NativeConstructorAccessorImpl.newInstance0(Native Method), java.base/jdk.internal.reflect.NativeConstructorAccessorImpl.newInstance(NativeConstructorAccessorImpl.java:77), java.base/jdk.internal.reflect.DelegatingConstructorAccessorImpl.newInstance(DelegatingConstructorAccessorImpl.java:45), java.base/java.lang.reflect.Constructor.newInstanceWithCaller(Constructor.java:499), java.base/java.lang.reflect.Constructor.newInstance(Constructor.java:480), org.openqa.selenium.remote.codec.w3c.W3CHttpResponseCodec.createException(W3CHttpResponseCodec.java:200), org.openqa.selenium.remote.codec.w3c.W3CHttpResponseCodec.decode(W3CHttpResponseCodec.java:133), org.openqa.selenium.remote.codec.w3c.W3CHttpResponseCodec.decode(W3CHttpResponseCodec.java:53), org.openqa.selenium.remote.HttpCommandExecutor.execute(HttpCommandExecutor.java:184), org.openqa.selenium.remote.service.DriverCommandExecutor.invokeExecute(DriverCommandExecutor.java:167), org.openqa.selenium.remote.service.DriverCommandExecutor.execute(DriverCommandExecutor.java:142), org.openqa.selenium.remote.RemoteWebDriver.execute(RemoteWebDriver.java:567), org.openqa.selenium.remote.RemoteWebElement.execute(RemoteWebElement.java:251), org.openqa.selenium.remote.RemoteWebElement.click(RemoteWebElement.java:77), resman.qa.TestCases.addUser.verifyAddUserLists(addUser.java:160), resman.qa.TestCases.addUser.verifyAddUser(addUser.java:40), java.base/jdk.internal.reflect.NativeMethodAccessorImpl.invoke0(Native Method), java.base/jdk.internal.reflect.NativeMethodAccessorImpl.invoke(NativeMethodAccessorImpl.java:77), java.base/jdk.internal.reflect.DelegatingMethodAccessorImpl.invoke(DelegatingMethodAccessorImpl.java:43), java.base/java.lang.reflect.Method.invoke(Method.java:568), org.testng.internal.MethodInvocationHelper.invokeMethod(MethodInvocationHelper.java:133), org.testng.internal.TestInvoker.invokeMethod(TestInvoker.java:598), org.testng.internal.TestInvoker.invokeTestMethod(TestInvoker.java:173), org.testng.internal.MethodRunner.runInSequence(MethodRunner.java:46), org.testng.internal.TestInvoker$MethodInvocationAgent.invoke(TestInvoker.java:824), org.testng.internal.TestInvoker.invokeTestMethods(TestInvoker.java:146), org.testng.internal.TestMethodWorker.invokeTestMethods(TestMethodWorker.java:146), org.testng.internal.TestMethodWorker.run(TestMethodWorker.java:128), java.base/java.util.ArrayList.forEach(ArrayList.java:1511), org.testng.TestRunner.privateRun(TestRunner.java:794), org.testng.TestRunner.run(TestRunner.java:596), org.testng.SuiteRunner.runTest(SuiteRunner.java:377), org.testng.SuiteRunner.runSequentially(SuiteRunner.java:371), org.testng.SuiteRunner.privateRun(SuiteRunner.java:332), org.testng.SuiteRunner.run(SuiteRunner.java:276), org.testng.SuiteRunnerWorker.runSuite(SuiteRunnerWorker.java:53), org.testng.SuiteRunnerWorker.run(SuiteRunnerWorker.java:96), org.testng.TestNG.runSuitesSequentially(TestNG.java:1212), org.testng.TestNG.runSuitesLocally(TestNG.java:1134), org.testng.TestNG.runSuites(TestNG.java:1063), org.testng.TestNG.run(TestNG.java:1031), org.testng.remote.AbstractRemoteTestNG.run(AbstractRemoteTestNG.java:115), org.testng.remote.RemoteTestNG.initAndRun(RemoteTestNG.java:251), org.testng.remote.RemoteTestNG.main(RemoteTestNG.java:77)]
2022-05-16 23:46:13 INFO  Logs:12 - ============Finished:Test============
2022-05-16 23:51:35 INFO  Logs:12 - ============Started:Test============
2022-05-16 23:51:43 INFO  Logs:12 - verifyAddUser has passed
2022-05-16 23:52:50 FATAL Logs:22 - Failed, Exception: [java.base/jdk.internal.reflect.NativeConstructorAccessorImpl.newInstance0(Native Method), java.base/jdk.internal.reflect.NativeConstructorAccessorImpl.newInstance(NativeConstructorAccessorImpl.java:77), java.base/jdk.internal.reflect.DelegatingConstructorAccessorImpl.newInstance(DelegatingConstructorAccessorImpl.java:45), java.base/java.lang.reflect.Constructor.newInstanceWithCaller(Constructor.java:499), java.base/java.lang.reflect.Constructor.newInstance(Constructor.java:480), org.openqa.selenium.remote.codec.w3c.W3CHttpResponseCodec.createException(W3CHttpResponseCodec.java:200), org.openqa.selenium.remote.codec.w3c.W3CHttpResponseCodec.decode(W3CHttpResponseCodec.java:133), org.openqa.selenium.remote.codec.w3c.W3CHttpResponseCodec.decode(W3CHttpResponseCodec.java:53), org.openqa.selenium.remote.HttpCommandExecutor.execute(HttpCommandExecutor.java:184), org.openqa.selenium.remote.service.DriverCommandExecutor.invokeExecute(DriverCommandExecutor.java:167), org.openqa.selenium.remote.service.DriverCommandExecutor.execute(DriverCommandExecutor.java:142), org.openqa.selenium.remote.RemoteWebDriver.execute(RemoteWebDriver.java:567), org.openqa.selenium.remote.RemoteWebElement.execute(RemoteWebElement.java:251), org.openqa.selenium.remote.RemoteWebElement.click(RemoteWebElement.java:77), resman.qa.TestCases.addUser.verifyAddUserLists(addUser.java:160), resman.qa.TestCases.addUser.verifyAddUser(addUser.java:40), java.base/jdk.internal.reflect.NativeMethodAccessorImpl.invoke0(Native Method), java.base/jdk.internal.reflect.NativeMethodAccessorImpl.invoke(NativeMethodAccessorImpl.java:77), java.base/jdk.internal.reflect.DelegatingMethodAccessorImpl.invoke(DelegatingMethodAccessorImpl.java:43), java.base/java.lang.reflect.Method.invoke(Method.java:568), org.testng.internal.MethodInvocationHelper.invokeMethod(MethodInvocationHelper.java:133), org.testng.internal.TestInvoker.invokeMethod(TestInvoker.java:598), org.testng.internal.TestInvoker.invokeTestMethod(TestInvoker.java:173), org.testng.internal.MethodRunner.runInSequence(MethodRunner.java:46), org.testng.internal.TestInvoker$MethodInvocationAgent.invoke(TestInvoker.java:824), org.testng.internal.TestInvoker.invokeTestMethods(TestInvoker.java:146), org.testng.internal.TestMethodWorker.invokeTestMethods(TestMethodWorker.java:146), org.testng.internal.TestMethodWorker.run(TestMethodWorker.java:128), java.base/java.util.ArrayList.forEach(ArrayList.java:1511), org.testng.TestRunner.privateRun(TestRunner.java:794), org.testng.TestRunner.run(TestRunner.java:596), org.testng.SuiteRunner.runTest(SuiteRunner.java:377), org.testng.SuiteRunner.runSequentially(SuiteRunner.java:371), org.testng.SuiteRunner.privateRun(SuiteRunner.java:332), org.testng.SuiteRunner.run(SuiteRunner.java:276), org.testng.SuiteRunnerWorker.runSuite(SuiteRunnerWorker.java:53), org.testng.SuiteRunnerWorker.run(SuiteRunnerWorker.java:96), org.testng.TestNG.runSuitesSequentially(TestNG.java:1212), org.testng.TestNG.runSuitesLocally(TestNG.java:1134), org.testng.TestNG.runSuites(TestNG.java:1063), org.testng.TestNG.run(TestNG.java:1031), org.testng.remote.AbstractRemoteTestNG.run(AbstractRemoteTestNG.java:115), org.testng.remote.RemoteTestNG.initAndRun(RemoteTestNG.java:251), org.testng.remote.RemoteTestNG.main(RemoteTestNG.java:77)]
2022-05-16 23:53:00 INFO  Logs:12 - ============Finished:Test============
2022-05-17 00:00:07 INFO  Logs:12 - ============Started:Test============
2022-05-17 00:00:16 INFO  Logs:12 - verifyAddUser has passed
2022-05-17 00:03:07 FATAL Logs:22 - Failed, Exception: [java.base/jdk.internal.reflect.NativeConstructorAccessorImpl.newInstance0(Native Method), java.base/jdk.internal.reflect.NativeConstructorAccessorImpl.newInstance(NativeConstructorAccessorImpl.java:77), java.base/jdk.internal.reflect.DelegatingConstructorAccessorImpl.newInstance(DelegatingConstructorAccessorImpl.java:45), java.base/java.lang.reflect.Constructor.newInstanceWithCaller(Constructor.java:499), java.base/java.lang.reflect.Constructor.newInstance(Constructor.java:480), org.openqa.selenium.remote.codec.w3c.W3CHttpResponseCodec.createException(W3CHttpResponseCodec.java:200), org.openqa.selenium.remote.codec.w3c.W3CHttpResponseCodec.decode(W3CHttpResponseCodec.java:133), org.openqa.selenium.remote.codec.w3c.W3CHttpResponseCodec.decode(W3CHttpResponseCodec.java:53), org.openqa.selenium.remote.HttpCommandExecutor.execute(HttpCommandExecutor.java:184), org.openqa.selenium.remote.service.DriverCommandExecutor.invokeExecute(DriverCommandExecutor.java:167), org.openqa.selenium.remote.service.DriverCommandExecutor.execute(DriverCommandExecutor.java:142), org.openqa.selenium.remote.RemoteWebDriver.execute(RemoteWebDriver.java:567), org.openqa.selenium.remote.RemoteWebElement.execute(RemoteWebElement.java:251), org.openqa.selenium.remote.RemoteWebElement.click(RemoteWebElement.java:77), resman.qa.TestCases.addUser.verifyAddUserLists(addUser.java:161), resman.qa.TestCases.addUser.verifyAddUser(addUser.java:40), java.base/jdk.internal.reflect.NativeMethodAccessorImpl.invoke0(Native Method), java.base/jdk.internal.reflect.NativeMethodAccessorImpl.invoke(NativeMethodAccessorImpl.java:77), java.base/jdk.internal.reflect.DelegatingMethodAccessorImpl.invoke(DelegatingMethodAccessorImpl.java:43), java.base/java.lang.reflect.Method.invoke(Method.java:568), org.testng.internal.MethodInvocationHelper.invokeMethod(MethodInvocationHelper.java:133), org.testng.internal.TestInvoker.invokeMethod(TestInvoker.java:598), org.testng.internal.TestInvoker.invokeTestMethod(TestInvoker.java:173), org.testng.internal.MethodRunner.runInSequence(MethodRunner.java:46), org.testng.internal.TestInvoker$MethodInvocationAgent.invoke(TestInvoker.java:824), org.testng.internal.TestInvoker.invokeTestMethods(TestInvoker.java:146), org.testng.internal.TestMethodWorker.invokeTestMethods(TestMethodWorker.java:146), org.testng.internal.TestMethodWorker.run(TestMethodWorker.java:128), java.base/java.util.ArrayList.forEach(ArrayList.java:1511), org.testng.TestRunner.privateRun(TestRunner.java:794), org.testng.TestRunner.run(TestRunner.java:596), org.testng.SuiteRunner.runTest(SuiteRunner.java:377), org.testng.SuiteRunner.runSequentially(SuiteRunner.java:371), org.testng.SuiteRunner.privateRun(SuiteRunner.java:332), org.testng.SuiteRunner.run(SuiteRunner.java:276), org.testng.SuiteRunnerWorker.runSuite(SuiteRunnerWorker.java:53), org.testng.SuiteRunnerWorker.run(SuiteRunnerWorker.java:96), org.testng.TestNG.runSuitesSequentially(TestNG.java:1212), org.testng.TestNG.runSuitesLocally(TestNG.java:1134), org.testng.TestNG.runSuites(TestNG.java:1063), org.testng.TestNG.run(TestNG.java:1031), org.testng.remote.AbstractRemoteTestNG.run(AbstractRemoteTestNG.java:115), org.testng.remote.RemoteTestNG.initAndRun(RemoteTestNG.java:251), org.testng.remote.RemoteTestNG.main(RemoteTestNG.java:77)]
2022-05-17 00:03:17 INFO  Logs:12 - ============Finished:Test============
2022-05-17 00:04:02 INFO  Logs:12 - ============Started:Test============
2022-05-17 00:04:09 INFO  Logs:12 - verifyAddUser has passed
2022-05-17 00:05:46 INFO  Logs:12 - verifyAddUser has passed
2022-05-17 00:05:46 INFO  Logs:12 - 
2022-05-17 00:05:52 INFO  Logs:12 - ============Finished:Test============
2022-05-17 00:34:41 INFO  Logs:12 - ============Started:Test============
2022-05-17 00:34:53 INFO  Logs:12 - verifyAddUser has passed
2022-05-17 00:34:59 FATAL Logs:22 - Failed, Exception: [java.base/jdk.internal.reflect.NativeConstructorAccessorImpl.newInstance0(Native Method), java.base/jdk.internal.reflect.NativeConstructorAccessorImpl.newInstance(NativeConstructorAccessorImpl.java:77), java.base/jdk.internal.reflect.DelegatingConstructorAccessorImpl.newInstance(DelegatingConstructorAccessorImpl.java:45), java.base/java.lang.reflect.Constructor.newInstanceWithCaller(Constructor.java:499), java.base/java.lang.reflect.Constructor.newInstance(Constructor.java:480), org.openqa.selenium.remote.codec.w3c.W3CHttpResponseCodec.createException(W3CHttpResponseCodec.java:200), org.openqa.selenium.remote.codec.w3c.W3CHttpResponseCodec.decode(W3CHttpResponseCodec.java:133), org.openqa.selenium.remote.codec.w3c.W3CHttpResponseCodec.decode(W3CHttpResponseCodec.java:53), org.openqa.selenium.remote.HttpCommandExecutor.execute(HttpCommandExecutor.java:184), org.openqa.selenium.remote.service.DriverCommandExecutor.invokeExecute(DriverCommandExecutor.java:167), org.openqa.selenium.remote.service.DriverCommandExecutor.execute(DriverCommandExecutor.java:142), org.openqa.selenium.remote.RemoteWebDriver.execute(RemoteWebDriver.java:567), org.openqa.selenium.remote.ElementLocation$ElementFinder$2.findElement(ElementLocation.java:162), org.openqa.selenium.remote.ElementLocation.findElement(ElementLocation.java:60), org.openqa.selenium.remote.RemoteWebDriver.findElement(RemoteWebDriver.java:385), org.openqa.selenium.remote.RemoteWebDriver.findElement(RemoteWebDriver.java:377), resman.pageData.resmanaddUser.closeAdvisior(resmanaddUser.java:32), resman.qa.TestCases.addUser.VerifyUsersPage(addUser.java:73), resman.qa.TestCases.addUser.verifyAddUser(addUser.java:36), java.base/jdk.internal.reflect.NativeMethodAccessorImpl.invoke0(Native Method), java.base/jdk.internal.reflect.NativeMethodAccessorImpl.invoke(NativeMethodAccessorImpl.java:77), java.base/jdk.internal.reflect.DelegatingMethodAccessorImpl.invoke(DelegatingMethodAccessorImpl.java:43), java.base/java.lang.reflect.Method.invoke(Method.java:568), org.testng.internal.MethodInvocationHelper.invokeMethod(MethodInvocationHelper.java:133), org.testng.internal.TestInvoker.invokeMethod(TestInvoker.java:598), org.testng.internal.TestInvoker.invokeTestMethod(TestInvoker.java:173), org.testng.internal.MethodRunner.runInSequence(MethodRunner.java:46), org.testng.internal.TestInvoker$MethodInvocationAgent.invoke(TestInvoker.java:824), org.testng.internal.TestInvoker.invokeTestMethods(TestInvoker.java:146), org.testng.internal.TestMethodWorker.invokeTestMethods(TestMethodWorker.java:146), org.testng.internal.TestMethodWorker.run(TestMethodWorker.java:128), java.base/java.util.ArrayList.forEach(ArrayList.java:1511), org.testng.TestRunner.privateRun(TestRunner.java:794), org.testng.TestRunner.run(TestRunner.java:596), org.testng.SuiteRunner.runTest(SuiteRunner.java:377), org.testng.SuiteRunner.runSequentially(SuiteRunner.java:371), org.testng.SuiteRunner.privateRun(SuiteRunner.java:332), org.testng.SuiteRunner.run(SuiteRunner.java:276), org.testng.SuiteRunnerWorker.runSuite(SuiteRunnerWorker.java:53), org.testng.SuiteRunnerWorker.run(SuiteRunnerWorker.java:96), org.testng.TestNG.runSuitesSequentially(TestNG.java:1212), org.testng.TestNG.runSuitesLocally(TestNG.java:1134), org.testng.TestNG.runSuites(TestNG.java:1063), org.testng.TestNG.run(TestNG.java:1031), org.testng.remote.AbstractRemoteTestNG.run(AbstractRemoteTestNG.java:115), org.testng.remote.RemoteTestNG.initAndRun(RemoteTestNG.java:251), org.testng.remote.RemoteTestNG.main(RemoteTestNG.java:77)]
2022-05-17 00:35:05 INFO  Logs:12 - ============Finished:Test============
2022-05-17 00:35:23 INFO  Logs:12 - ============Started:Test============
2022-05-17 00:35:35 INFO  Logs:12 - verifyAddUser has passed
2022-05-17 00:37:14 INFO  Logs:12 - verifyAddUser has passed
2022-05-17 00:37:14 INFO  Logs:12 - 
2022-05-17 00:37:24 INFO  Logs:12 - ============Finished:Test============
2022-05-17 00:43:38 INFO  Logs:12 - ============Started:Test============
2022-05-17 00:43:48 INFO  Logs:12 - verifyAddUser has passed
2022-05-17 00:45:07 FATAL Logs:22 - Failed, Exception: [org.testng.Assert.fail(Assert.java:99), org.testng.Assert.failNotEquals(Assert.java:1037), org.testng.Assert.assertTrue(Assert.java:45), org.testng.Assert.assertTrue(Assert.java:55), resman.qa.TestCases.addUser.verifyAddUser(addUser.java:42), java.base/jdk.internal.reflect.NativeMethodAccessorImpl.invoke0(Native Method), java.base/jdk.internal.reflect.NativeMethodAccessorImpl.invoke(NativeMethodAccessorImpl.java:77), java.base/jdk.internal.reflect.DelegatingMethodAccessorImpl.invoke(DelegatingMethodAccessorImpl.java:43), java.base/java.lang.reflect.Method.invoke(Method.java:568), org.testng.internal.MethodInvocationHelper.invokeMethod(MethodInvocationHelper.java:133), org.testng.internal.TestInvoker.invokeMethod(TestInvoker.java:598), org.testng.internal.TestInvoker.invokeTestMethod(TestInvoker.java:173), org.testng.internal.MethodRunner.runInSequence(MethodRunner.java:46), org.testng.internal.TestInvoker$MethodInvocationAgent.invoke(TestInvoker.java:824), org.testng.internal.TestInvoker.invokeTestMethods(TestInvoker.java:146), org.testng.internal.TestMethodWorker.invokeTestMethods(TestMethodWorker.java:146), org.testng.internal.TestMethodWorker.run(TestMethodWorker.java:128), java.base/java.util.ArrayList.forEach(ArrayList.java:1511), org.testng.TestRunner.privateRun(TestRunner.java:794), org.testng.TestRunner.run(TestRunner.java:596), org.testng.SuiteRunner.runTest(SuiteRunner.java:377), org.testng.SuiteRunner.runSequentially(SuiteRunner.java:371), org.testng.SuiteRunner.privateRun(SuiteRunner.java:332), org.testng.SuiteRunner.run(SuiteRunner.java:276), org.testng.SuiteRunnerWorker.runSuite(SuiteRunnerWorker.java:53), org.testng.SuiteRunnerWorker.run(SuiteRunnerWorker.java:96), org.testng.TestNG.runSuitesSequentially(TestNG.java:1212), org.testng.TestNG.runSuitesLocally(TestNG.java:1134), org.testng.TestNG.runSuites(TestNG.java:1063), org.testng.TestNG.run(TestNG.java:1031), org.testng.remote.AbstractRemoteTestNG.run(AbstractRemoteTestNG.java:115), org.testng.remote.RemoteTestNG.initAndRun(RemoteTestNG.java:251), org.testng.remote.RemoteTestNG.main(RemoteTestNG.java:77)]
2022-05-17 00:45:16 INFO  Logs:12 - ============Finished:Test============
2022-05-17 00:52:04 INFO  Logs:12 - ============Started:Test============
2022-05-17 00:52:23 INFO  Logs:12 - verifyAddUser has passed
2022-05-17 00:53:43 FATAL Logs:22 - Failed, Exception: [org.testng.Assert.fail(Assert.java:99), org.testng.Assert.failNotEquals(Assert.java:1037), org.testng.Assert.assertTrue(Assert.java:45), org.testng.Assert.assertTrue(Assert.java:55), resman.qa.TestCases.addUser.verifyAddUser(addUser.java:48), java.base/jdk.internal.reflect.NativeMethodAccessorImpl.invoke0(Native Method), java.base/jdk.internal.reflect.NativeMethodAccessorImpl.invoke(NativeMethodAccessorImpl.java:77), java.base/jdk.internal.reflect.DelegatingMethodAccessorImpl.invoke(DelegatingMethodAccessorImpl.java:43), java.base/java.lang.reflect.Method.invoke(Method.java:568), org.testng.internal.MethodInvocationHelper.invokeMethod(MethodInvocationHelper.java:133), org.testng.internal.TestInvoker.invokeMethod(TestInvoker.java:598), org.testng.internal.TestInvoker.invokeTestMethod(TestInvoker.java:173), org.testng.internal.MethodRunner.runInSequence(MethodRunner.java:46), org.testng.internal.TestInvoker$MethodInvocationAgent.invoke(TestInvoker.java:824), org.testng.internal.TestInvoker.invokeTestMethods(TestInvoker.java:146), org.testng.internal.TestMethodWorker.invokeTestMethods(TestMethodWorker.java:146), org.testng.internal.TestMethodWorker.run(TestMethodWorker.java:128), java.base/java.util.ArrayList.forEach(ArrayList.java:1511), org.testng.TestRunner.privateRun(TestRunner.java:794), org.testng.TestRunner.run(TestRunner.java:596), org.testng.SuiteRunner.runTest(SuiteRunner.java:377), org.testng.SuiteRunner.runSequentially(SuiteRunner.java:371), org.testng.SuiteRunner.privateRun(SuiteRunner.java:332), org.testng.SuiteRunner.run(SuiteRunner.java:276), org.testng.SuiteRunnerWorker.runSuite(SuiteRunnerWorker.java:53), org.testng.SuiteRunnerWorker.run(SuiteRunnerWorker.java:96), org.testng.TestNG.runSuitesSequentially(TestNG.java:1212), org.testng.TestNG.runSuitesLocally(TestNG.java:1134), org.testng.TestNG.runSuites(TestNG.java:1063), org.testng.TestNG.run(TestNG.java:1031), org.testng.remote.AbstractRemoteTestNG.run(AbstractRemoteTestNG.java:115), org.testng.remote.RemoteTestNG.initAndRun(RemoteTestNG.java:251), org.testng.remote.RemoteTestNG.main(RemoteTestNG.java:77)]
2022-05-17 00:53:52 INFO  Logs:12 - ============Finished:Test============
2022-05-17 00:56:24 INFO  Logs:12 - ============Started:Test============
2022-05-17 00:56:28 INFO  Logs:12 - verifyAddUser has passed
2022-05-17 00:56:28 FATAL Logs:22 - Failed, Exception: [java.base/jdk.internal.reflect.NativeConstructorAccessorImpl.newInstance0(Native Method), java.base/jdk.internal.reflect.NativeConstructorAccessorImpl.newInstance(NativeConstructorAccessorImpl.java:77), java.base/jdk.internal.reflect.DelegatingConstructorAccessorImpl.newInstance(DelegatingConstructorAccessorImpl.java:45), java.base/java.lang.reflect.Constructor.newInstanceWithCaller(Constructor.java:499), java.base/java.lang.reflect.Constructor.newInstance(Constructor.java:480), org.openqa.selenium.remote.codec.w3c.W3CHttpResponseCodec.createException(W3CHttpResponseCodec.java:200), org.openqa.selenium.remote.codec.w3c.W3CHttpResponseCodec.decode(W3CHttpResponseCodec.java:133), org.openqa.selenium.remote.codec.w3c.W3CHttpResponseCodec.decode(W3CHttpResponseCodec.java:53), org.openqa.selenium.remote.HttpCommandExecutor.execute(HttpCommandExecutor.java:184), org.openqa.selenium.remote.service.DriverCommandExecutor.invokeExecute(DriverCommandExecutor.java:167), org.openqa.selenium.remote.service.DriverCommandExecutor.execute(DriverCommandExecutor.java:142), org.openqa.selenium.remote.RemoteWebDriver.execute(RemoteWebDriver.java:567), org.openqa.selenium.remote.ElementLocation$ElementFinder$2.findElement(ElementLocation.java:162), org.openqa.selenium.remote.ElementLocation.findElement(ElementLocation.java:66), org.openqa.selenium.remote.RemoteWebDriver.findElement(RemoteWebDriver.java:385), org.openqa.selenium.remote.RemoteWebDriver.findElement(RemoteWebDriver.java:377), resman.pageData.loginPage.usernameInput(loginPage.java:23), resman.qa.TestCases.addUser.VerifyUsersPage(addUser.java:90), resman.qa.TestCases.addUser.verifyAddUser(addUser.java:36), java.base/jdk.internal.reflect.NativeMethodAccessorImpl.invoke0(Native Method), java.base/jdk.internal.reflect.NativeMethodAccessorImpl.invoke(NativeMethodAccessorImpl.java:77), java.base/jdk.internal.reflect.DelegatingMethodAccessorImpl.invoke(DelegatingMethodAccessorImpl.java:43), java.base/java.lang.reflect.Method.invoke(Method.java:568), org.testng.internal.MethodInvocationHelper.invokeMethod(MethodInvocationHelper.java:133), org.testng.internal.TestInvoker.invokeMethod(TestInvoker.java:598), org.testng.internal.TestInvoker.invokeTestMethod(TestInvoker.java:173), org.testng.internal.MethodRunner.runInSequence(MethodRunner.java:46), org.testng.internal.TestInvoker$MethodInvocationAgent.invoke(TestInvoker.java:824), org.testng.internal.TestInvoker.invokeTestMethods(TestInvoker.java:146), org.testng.internal.TestMethodWorker.invokeTestMethods(TestMethodWorker.java:146), org.testng.internal.TestMethodWorker.run(TestMethodWorker.java:128), java.base/java.util.ArrayList.forEach(ArrayList.java:1511), org.testng.TestRunner.privateRun(TestRunner.java:794), org.testng.TestRunner.run(TestRunner.java:596), org.testng.SuiteRunner.runTest(SuiteRunner.java:377), org.testng.SuiteRunner.runSequentially(SuiteRunner.java:371), org.testng.SuiteRunner.privateRun(SuiteRunner.java:332), org.testng.SuiteRunner.run(SuiteRunner.java:276), org.testng.SuiteRunnerWorker.runSuite(SuiteRunnerWorker.java:53), org.testng.SuiteRunnerWorker.run(SuiteRunnerWorker.java:96), org.testng.TestNG.runSuitesSequentially(TestNG.java:1212), org.testng.TestNG.runSuitesLocally(TestNG.java:1134), org.testng.TestNG.runSuites(TestNG.java:1063), org.testng.TestNG.run(TestNG.java:1031), org.testng.remote.AbstractRemoteTestNG.run(AbstractRemoteTestNG.java:115), org.testng.remote.RemoteTestNG.initAndRun(RemoteTestNG.java:251), org.testng.remote.RemoteTestNG.main(RemoteTestNG.java:77)]
2022-05-17 00:56:34 INFO  Logs:12 - ============Finished:Test============
2022-05-17 00:57:15 INFO  Logs:12 - ============Started:Test============
2022-05-17 00:57:23 INFO  Logs:12 - verifyAddUser has passed
2022-05-17 00:58:19 FATAL Logs:22 - Failed, Exception: [org.testng.Assert.fail(Assert.java:99), org.testng.Assert.failNotEquals(Assert.java:1037), org.testng.Assert.assertFalse(Assert.java:67), org.testng.Assert.assertFalse(Assert.java:77), resman.qa.TestCases.addUser.VerifyUsersPage(addUser.java:152), resman.qa.TestCases.addUser.verifyAddUser(addUser.java:36), java.base/jdk.internal.reflect.NativeMethodAccessorImpl.invoke0(Native Method), java.base/jdk.internal.reflect.NativeMethodAccessorImpl.invoke(NativeMethodAccessorImpl.java:77), java.base/jdk.internal.reflect.DelegatingMethodAccessorImpl.invoke(DelegatingMethodAccessorImpl.java:43), java.base/java.lang.reflect.Method.invoke(Method.java:568), org.testng.internal.MethodInvocationHelper.invokeMethod(MethodInvocationHelper.java:133), org.testng.internal.TestInvoker.invokeMethod(TestInvoker.java:598), org.testng.internal.TestInvoker.invokeTestMethod(TestInvoker.java:173), org.testng.internal.MethodRunner.runInSequence(MethodRunner.java:46), org.testng.internal.TestInvoker$MethodInvocationAgent.invoke(TestInvoker.java:824), org.testng.internal.TestInvoker.invokeTestMethods(TestInvoker.java:146), org.testng.internal.TestMethodWorker.invokeTestMethods(TestMethodWorker.java:146), org.testng.internal.TestMethodWorker.run(TestMethodWorker.java:128), java.base/java.util.ArrayList.forEach(ArrayList.java:1511), org.testng.TestRunner.privateRun(TestRunner.java:794), org.testng.TestRunner.run(TestRunner.java:596), org.testng.SuiteRunner.runTest(SuiteRunner.java:377), org.testng.SuiteRunner.runSequentially(SuiteRunner.java:371), org.testng.SuiteRunner.privateRun(SuiteRunner.java:332), org.testng.SuiteRunner.run(SuiteRunner.java:276), org.testng.SuiteRunnerWorker.runSuite(SuiteRunnerWorker.java:53), org.testng.SuiteRunnerWorker.run(SuiteRunnerWorker.java:96), org.testng.TestNG.runSuitesSequentially(TestNG.java:1212), org.testng.TestNG.runSuitesLocally(TestNG.java:1134), org.testng.TestNG.runSuites(TestNG.java:1063), org.testng.TestNG.run(TestNG.java:1031), org.testng.remote.AbstractRemoteTestNG.run(AbstractRemoteTestNG.java:115), org.testng.remote.RemoteTestNG.initAndRun(RemoteTestNG.java:251), org.testng.remote.RemoteTestNG.main(RemoteTestNG.java:77)]
2022-05-17 00:58:28 INFO  Logs:12 - ============Finished:Test============
2022-05-17 01:00:07 INFO  Logs:12 - ============Started:Test============
2022-05-17 01:00:13 INFO  Logs:12 - verifyAddUser has passed
2022-05-17 01:01:31 FATAL Logs:22 - Failed, Exception: [org.testng.Assert.fail(Assert.java:99), org.testng.Assert.failNotEquals(Assert.java:1037), org.testng.Assert.assertTrue(Assert.java:45), org.testng.Assert.assertTrue(Assert.java:55), resman.qa.TestCases.addUser.verifyAddUser(addUser.java:48), java.base/jdk.internal.reflect.NativeMethodAccessorImpl.invoke0(Native Method), java.base/jdk.internal.reflect.NativeMethodAccessorImpl.invoke(NativeMethodAccessorImpl.java:77), java.base/jdk.internal.reflect.DelegatingMethodAccessorImpl.invoke(DelegatingMethodAccessorImpl.java:43), java.base/java.lang.reflect.Method.invoke(Method.java:568), org.testng.internal.MethodInvocationHelper.invokeMethod(MethodInvocationHelper.java:133), org.testng.internal.TestInvoker.invokeMethod(TestInvoker.java:598), org.testng.internal.TestInvoker.invokeTestMethod(TestInvoker.java:173), org.testng.internal.MethodRunner.runInSequence(MethodRunner.java:46), org.testng.internal.TestInvoker$MethodInvocationAgent.invoke(TestInvoker.java:824), org.testng.internal.TestInvoker.invokeTestMethods(TestInvoker.java:146), org.testng.internal.TestMethodWorker.invokeTestMethods(TestMethodWorker.java:146), org.testng.internal.TestMethodWorker.run(TestMethodWorker.java:128), java.base/java.util.ArrayList.forEach(ArrayList.java:1511), org.testng.TestRunner.privateRun(TestRunner.java:794), org.testng.TestRunner.run(TestRunner.java:596), org.testng.SuiteRunner.runTest(SuiteRunner.java:377), org.testng.SuiteRunner.runSequentially(SuiteRunner.java:371), org.testng.SuiteRunner.privateRun(SuiteRunner.java:332), org.testng.SuiteRunner.run(SuiteRunner.java:276), org.testng.SuiteRunnerWorker.runSuite(SuiteRunnerWorker.java:53), org.testng.SuiteRunnerWorker.run(SuiteRunnerWorker.java:96), org.testng.TestNG.runSuitesSequentially(TestNG.java:1212), org.testng.TestNG.runSuitesLocally(TestNG.java:1134), org.testng.TestNG.runSuites(TestNG.java:1063), org.testng.TestNG.run(TestNG.java:1031), org.testng.remote.AbstractRemoteTestNG.run(AbstractRemoteTestNG.java:115), org.testng.remote.RemoteTestNG.initAndRun(RemoteTestNG.java:251), org.testng.remote.RemoteTestNG.main(RemoteTestNG.java:77)]
2022-05-17 01:01:41 INFO  Logs:12 - ============Finished:Test============
2022-05-17 01:05:05 INFO  Logs:12 - ============Started:Test============
2022-05-17 01:05:13 INFO  Logs:12 - navigateToUserPage has passed
2022-05-17 01:07:03 FATAL Logs:22 - Failed, Exception: [java.base/jdk.internal.util.Preconditions.outOfBounds(Preconditions.java:64), java.base/jdk.internal.util.Preconditions.outOfBoundsCheckIndex(Preconditions.java:70), java.base/jdk.internal.util.Preconditions.checkIndex(Preconditions.java:266), java.base/java.util.Objects.checkIndex(Objects.java:359), java.base/java.util.ArrayList.get(ArrayList.java:427), resman.qa.TestCases.removeUser.checkRemovedUser(removeUser.java:74), resman.qa.TestCases.removeUser.navigateToUserPage(removeUser.java:37), java.base/jdk.internal.reflect.NativeMethodAccessorImpl.invoke0(Native Method), java.base/jdk.internal.reflect.NativeMethodAccessorImpl.invoke(NativeMethodAccessorImpl.java:77), java.base/jdk.internal.reflect.DelegatingMethodAccessorImpl.invoke(DelegatingMethodAccessorImpl.java:43), java.base/java.lang.reflect.Method.invoke(Method.java:568), org.testng.internal.MethodInvocationHelper.invokeMethod(MethodInvocationHelper.java:133), org.testng.internal.TestInvoker.invokeMethod(TestInvoker.java:598), org.testng.internal.TestInvoker.invokeTestMethod(TestInvoker.java:173), org.testng.internal.MethodRunner.runInSequence(MethodRunner.java:46), org.testng.internal.TestInvoker$MethodInvocationAgent.invoke(TestInvoker.java:824), org.testng.internal.TestInvoker.invokeTestMethods(TestInvoker.java:146), org.testng.internal.TestMethodWorker.invokeTestMethods(TestMethodWorker.java:146), org.testng.internal.TestMethodWorker.run(TestMethodWorker.java:128), java.base/java.util.ArrayList.forEach(ArrayList.java:1511), org.testng.TestRunner.privateRun(TestRunner.java:794), org.testng.TestRunner.run(TestRunner.java:596), org.testng.SuiteRunner.runTest(SuiteRunner.java:377), org.testng.SuiteRunner.runSequentially(SuiteRunner.java:371), org.testng.SuiteRunner.privateRun(SuiteRunner.java:332), org.testng.SuiteRunner.run(SuiteRunner.java:276), org.testng.SuiteRunnerWorker.runSuite(SuiteRunnerWorker.java:53), org.testng.SuiteRunnerWorker.run(SuiteRunnerWorker.java:96), org.testng.TestNG.runSuitesSequentially(TestNG.java:1212), org.testng.TestNG.runSuitesLocally(TestNG.java:1134), org.testng.TestNG.runSuites(TestNG.java:1063), org.testng.TestNG.run(TestNG.java:1031), org.testng.remote.AbstractRemoteTestNG.run(AbstractRemoteTestNG.java:115), org.testng.remote.RemoteTestNG.initAndRun(RemoteTestNG.java:251), org.testng.remote.RemoteTestNG.main(RemoteTestNG.java:77)]
2022-05-17 01:07:13 INFO  Logs:12 - ============Finished:Test============
2022-05-17 01:21:55 INFO  Logs:12 - ============Started:Test============
2022-05-17 01:22:01 INFO  Logs:12 - verifyAddUser has passed
2022-05-17 01:23:57 FATAL Logs:22 - Failed, Exception: [org.testng.Assert.fail(Assert.java:99), org.testng.Assert.failNotEquals(Assert.java:1037), org.testng.Assert.assertTrue(Assert.java:45), org.testng.Assert.assertTrue(Assert.java:55), resman.qa.TestCases.addUser.verifyAddUser(addUser.java:73), java.base/jdk.internal.reflect.NativeMethodAccessorImpl.invoke0(Native Method), java.base/jdk.internal.reflect.NativeMethodAccessorImpl.invoke(NativeMethodAccessorImpl.java:77), java.base/jdk.internal.reflect.DelegatingMethodAccessorImpl.invoke(DelegatingMethodAccessorImpl.java:43), java.base/java.lang.reflect.Method.invoke(Method.java:568), org.testng.internal.MethodInvocationHelper.invokeMethod(MethodInvocationHelper.java:133), org.testng.internal.TestInvoker.invokeMethod(TestInvoker.java:598), org.testng.internal.TestInvoker.invokeTestMethod(TestInvoker.java:173), org.testng.internal.MethodRunner.runInSequence(MethodRunner.java:46), org.testng.internal.TestInvoker$MethodInvocationAgent.invoke(TestInvoker.java:824), org.testng.internal.TestInvoker.invokeTestMethods(TestInvoker.java:146), org.testng.internal.TestMethodWorker.invokeTestMethods(TestMethodWorker.java:146), org.testng.internal.TestMethodWorker.run(TestMethodWorker.java:128), java.base/java.util.ArrayList.forEach(ArrayList.java:1511), org.testng.TestRunner.privateRun(TestRunner.java:794), org.testng.TestRunner.run(TestRunner.java:596), org.testng.SuiteRunner.runTest(SuiteRunner.java:377), org.testng.SuiteRunner.runSequentially(SuiteRunner.java:371), org.testng.SuiteRunner.privateRun(SuiteRunner.java:332), org.testng.SuiteRunner.run(SuiteRunner.java:276), org.testng.SuiteRunnerWorker.runSuite(SuiteRunnerWorker.java:53), org.testng.SuiteRunnerWorker.run(SuiteRunnerWorker.java:96), org.testng.TestNG.runSuitesSequentially(TestNG.java:1212), org.testng.TestNG.runSuitesLocally(TestNG.java:1134), org.testng.TestNG.runSuites(TestNG.java:1063), org.testng.TestNG.run(TestNG.java:1031), org.testng.remote.AbstractRemoteTestNG.run(AbstractRemoteTestNG.java:115), org.testng.remote.RemoteTestNG.initAndRun(RemoteTestNG.java:251), org.testng.remote.RemoteTestNG.main(RemoteTestNG.java:77)]
2022-05-17 01:24:04 INFO  Logs:12 - navigateToUserPage has passed
2022-05-17 01:24:11 FATAL Logs:22 - Failed, Exception: [java.base/jdk.internal.reflect.NativeConstructorAccessorImpl.newInstance0(Native Method), java.base/jdk.internal.reflect.NativeConstructorAccessorImpl.newInstance(NativeConstructorAccessorImpl.java:77), java.base/jdk.internal.reflect.DelegatingConstructorAccessorImpl.newInstance(DelegatingConstructorAccessorImpl.java:45), java.base/java.lang.reflect.Constructor.newInstanceWithCaller(Constructor.java:499), java.base/java.lang.reflect.Constructor.newInstance(Constructor.java:480), org.openqa.selenium.remote.codec.w3c.W3CHttpResponseCodec.createException(W3CHttpResponseCodec.java:200), org.openqa.selenium.remote.codec.w3c.W3CHttpResponseCodec.decode(W3CHttpResponseCodec.java:133), org.openqa.selenium.remote.codec.w3c.W3CHttpResponseCodec.decode(W3CHttpResponseCodec.java:53), org.openqa.selenium.remote.HttpCommandExecutor.execute(HttpCommandExecutor.java:184), org.openqa.selenium.remote.service.DriverCommandExecutor.invokeExecute(DriverCommandExecutor.java:167), org.openqa.selenium.remote.service.DriverCommandExecutor.execute(DriverCommandExecutor.java:142), org.openqa.selenium.remote.RemoteWebDriver.execute(RemoteWebDriver.java:567), org.openqa.selenium.remote.ElementLocation$ElementFinder$2.findElement(ElementLocation.java:162), org.openqa.selenium.remote.ElementLocation.findElement(ElementLocation.java:60), org.openqa.selenium.remote.RemoteWebDriver.findElement(RemoteWebDriver.java:385), org.openqa.selenium.remote.RemoteWebDriver.findElement(RemoteWebDriver.java:377), resman.pageData.resmanaddUser.closeAdvisior(resmanaddUser.java:32), resman.qa.TestCases.addUser.VerifyUsersPage(addUser.java:105), resman.qa.TestCases.removeUser.navigateToUserPage(removeUser.java:33), java.base/jdk.internal.reflect.NativeMethodAccessorImpl.invoke0(Native Method), java.base/jdk.internal.reflect.NativeMethodAccessorImpl.invoke(NativeMethodAccessorImpl.java:77), java.base/jdk.internal.reflect.DelegatingMethodAccessorImpl.invoke(DelegatingMethodAccessorImpl.java:43), java.base/java.lang.reflect.Method.invoke(Method.java:568), org.testng.internal.MethodInvocationHelper.invokeMethod(MethodInvocationHelper.java:133), org.testng.internal.TestInvoker.invokeMethod(TestInvoker.java:598), org.testng.internal.TestInvoker.invokeTestMethod(TestInvoker.java:173), org.testng.internal.MethodRunner.runInSequence(MethodRunner.java:46), org.testng.internal.TestInvoker$MethodInvocationAgent.invoke(TestInvoker.java:824), org.testng.internal.TestInvoker.invokeTestMethods(TestInvoker.java:146), org.testng.internal.TestMethodWorker.invokeTestMethods(TestMethodWorker.java:146), org.testng.internal.TestMethodWorker.run(TestMethodWorker.java:128), java.base/java.util.ArrayList.forEach(ArrayList.java:1511), org.testng.TestRunner.privateRun(TestRunner.java:794), org.testng.TestRunner.run(TestRunner.java:596), org.testng.SuiteRunner.runTest(SuiteRunner.java:377), org.testng.SuiteRunner.runSequentially(SuiteRunner.java:371), org.testng.SuiteRunner.privateRun(SuiteRunner.java:332), org.testng.SuiteRunner.run(SuiteRunner.java:276), org.testng.SuiteRunnerWorker.runSuite(SuiteRunnerWorker.java:53), org.testng.SuiteRunnerWorker.run(SuiteRunnerWorker.java:96), org.testng.TestNG.runSuitesSequentially(TestNG.java:1212), org.testng.TestNG.runSuitesLocally(TestNG.java:1134), org.testng.TestNG.runSuites(TestNG.java:1063), org.testng.TestNG.run(TestNG.java:1031), org.testng.remote.AbstractRemoteTestNG.run(AbstractRemoteTestNG.java:115), org.testng.remote.RemoteTestNG.initAndRun(RemoteTestNG.java:251), org.testng.remote.RemoteTestNG.main(RemoteTestNG.java:77)]
2022-05-17 01:24:21 INFO  Logs:12 - ============Finished:Test============
2022-05-17 01:32:06 INFO  Logs:12 - ============Started:Test============
2022-05-17 01:32:14 INFO  Logs:12 - verifyAddUser has passed
2022-05-17 01:32:24 FATAL Logs:22 - Failed, Exception: [java.base/jdk.internal.reflect.NativeConstructorAccessorImpl.newInstance0(Native Method), java.base/jdk.internal.reflect.NativeConstructorAccessorImpl.newInstance(NativeConstructorAccessorImpl.java:77), java.base/jdk.internal.reflect.DelegatingConstructorAccessorImpl.newInstance(DelegatingConstructorAccessorImpl.java:45), java.base/java.lang.reflect.Constructor.newInstanceWithCaller(Constructor.java:499), java.base/java.lang.reflect.Constructor.newInstance(Constructor.java:480), org.openqa.selenium.remote.codec.w3c.W3CHttpResponseCodec.createException(W3CHttpResponseCodec.java:200), org.openqa.selenium.remote.codec.w3c.W3CHttpResponseCodec.decode(W3CHttpResponseCodec.java:133), org.openqa.selenium.remote.codec.w3c.W3CHttpResponseCodec.decode(W3CHttpResponseCodec.java:53), org.openqa.selenium.remote.HttpCommandExecutor.execute(HttpCommandExecutor.java:184), org.openqa.selenium.remote.service.DriverCommandExecutor.invokeExecute(DriverCommandExecutor.java:167), org.openqa.selenium.remote.service.DriverCommandExecutor.execute(DriverCommandExecutor.java:142), org.openqa.selenium.remote.RemoteWebDriver.execute(RemoteWebDriver.java:567), org.openqa.selenium.remote.ElementLocation$ElementFinder$2.findElement(ElementLocation.java:162), org.openqa.selenium.remote.ElementLocation.findElement(ElementLocation.java:60), org.openqa.selenium.remote.RemoteWebDriver.findElement(RemoteWebDriver.java:385), org.openqa.selenium.remote.RemoteWebDriver.findElement(RemoteWebDriver.java:377), resman.pageData.resmanaddUser.closeAdvisior(resmanaddUser.java:32), resman.qa.TestCases.addUser.VerifyUsersPage(addUser.java:105), resman.qa.TestCases.addUser.verifyAddUser(addUser.java:36), java.base/jdk.internal.reflect.NativeMethodAccessorImpl.invoke0(Native Method), java.base/jdk.internal.reflect.NativeMethodAccessorImpl.invoke(NativeMethodAccessorImpl.java:77), java.base/jdk.internal.reflect.DelegatingMethodAccessorImpl.invoke(DelegatingMethodAccessorImpl.java:43), java.base/java.lang.reflect.Method.invoke(Method.java:568), org.testng.internal.MethodInvocationHelper.invokeMethod(MethodInvocationHelper.java:133), org.testng.internal.TestInvoker.invokeMethod(TestInvoker.java:598), org.testng.internal.TestInvoker.invokeTestMethod(TestInvoker.java:173), org.testng.internal.MethodRunner.runInSequence(MethodRunner.java:46), org.testng.internal.TestInvoker$MethodInvocationAgent.invoke(TestInvoker.java:824), org.testng.internal.TestInvoker.invokeTestMethods(TestInvoker.java:146), org.testng.internal.TestMethodWorker.invokeTestMethods(TestMethodWorker.java:146), org.testng.internal.TestMethodWorker.run(TestMethodWorker.java:128), java.base/java.util.ArrayList.forEach(ArrayList.java:1511), org.testng.TestRunner.privateRun(TestRunner.java:794), org.testng.TestRunner.run(TestRunner.java:596), org.testng.SuiteRunner.runTest(SuiteRunner.java:377), org.testng.SuiteRunner.runSequentially(SuiteRunner.java:371), org.testng.SuiteRunner.privateRun(SuiteRunner.java:332), org.testng.SuiteRunner.run(SuiteRunner.java:276), org.testng.SuiteRunnerWorker.runSuite(SuiteRunnerWorker.java:53), org.testng.SuiteRunnerWorker.run(SuiteRunnerWorker.java:96), org.testng.TestNG.runSuitesSequentially(TestNG.java:1212), org.testng.TestNG.runSuitesLocally(TestNG.java:1134), org.testng.TestNG.runSuites(TestNG.java:1063), org.testng.TestNG.run(TestNG.java:1031), org.testng.remote.AbstractRemoteTestNG.run(AbstractRemoteTestNG.java:115), org.testng.remote.RemoteTestNG.initAndRun(RemoteTestNG.java:251), org.testng.remote.RemoteTestNG.main(RemoteTestNG.java:77)]
2022-05-17 01:32:24 FATAL Logs:22 - Console: chrome-error://chromewebdata/ 6771:10 "crbug/1173575, non-JS module files deprecated."
2022-05-17 01:32:29 INFO  Logs:12 - VerifyRemoveUser has passed
2022-05-17 01:32:35 FATAL Logs:22 - Failed, Exception: [java.base/jdk.internal.reflect.NativeConstructorAccessorImpl.newInstance0(Native Method), java.base/jdk.internal.reflect.NativeConstructorAccessorImpl.newInstance(NativeConstructorAccessorImpl.java:77), java.base/jdk.internal.reflect.DelegatingConstructorAccessorImpl.newInstance(DelegatingConstructorAccessorImpl.java:45), java.base/java.lang.reflect.Constructor.newInstanceWithCaller(Constructor.java:499), java.base/java.lang.reflect.Constructor.newInstance(Constructor.java:480), org.openqa.selenium.remote.codec.w3c.W3CHttpResponseCodec.createException(W3CHttpResponseCodec.java:200), org.openqa.selenium.remote.codec.w3c.W3CHttpResponseCodec.decode(W3CHttpResponseCodec.java:133), org.openqa.selenium.remote.codec.w3c.W3CHttpResponseCodec.decode(W3CHttpResponseCodec.java:53), org.openqa.selenium.remote.HttpCommandExecutor.execute(HttpCommandExecutor.java:184), org.openqa.selenium.remote.service.DriverCommandExecutor.invokeExecute(DriverCommandExecutor.java:167), org.openqa.selenium.remote.service.DriverCommandExecutor.execute(DriverCommandExecutor.java:142), org.openqa.selenium.remote.RemoteWebDriver.execute(RemoteWebDriver.java:567), org.openqa.selenium.remote.ElementLocation$ElementFinder$2.findElement(ElementLocation.java:162), org.openqa.selenium.remote.ElementLocation.findElement(ElementLocation.java:60), org.openqa.selenium.remote.RemoteWebDriver.findElement(RemoteWebDriver.java:385), org.openqa.selenium.remote.RemoteWebDriver.findElement(RemoteWebDriver.java:377), resman.pageData.resmanaddUser.closeAdvisior(resmanaddUser.java:32), resman.qa.TestCases.addUser.VerifyUsersPage(addUser.java:105), resman.qa.TestCases.removeUser.VerifyRemoveUser(removeUser.java:33), java.base/jdk.internal.reflect.NativeMethodAccessorImpl.invoke0(Native Method), java.base/jdk.internal.reflect.NativeMethodAccessorImpl.invoke(NativeMethodAccessorImpl.java:77), java.base/jdk.internal.reflect.DelegatingMethodAccessorImpl.invoke(DelegatingMethodAccessorImpl.java:43), java.base/java.lang.reflect.Method.invoke(Method.java:568), org.testng.internal.MethodInvocationHelper.invokeMethod(MethodInvocationHelper.java:133), org.testng.internal.TestInvoker.invokeMethod(TestInvoker.java:598), org.testng.internal.TestInvoker.invokeTestMethod(TestInvoker.java:173), org.testng.internal.MethodRunner.runInSequence(MethodRunner.java:46), org.testng.internal.TestInvoker$MethodInvocationAgent.invoke(TestInvoker.java:824), org.testng.internal.TestInvoker.invokeTestMethods(TestInvoker.java:146), org.testng.internal.TestMethodWorker.invokeTestMethods(TestMethodWorker.java:146), org.testng.internal.TestMethodWorker.run(TestMethodWorker.java:128), java.base/java.util.ArrayList.forEach(ArrayList.java:1511), org.testng.TestRunner.privateRun(TestRunner.java:794), org.testng.TestRunner.run(TestRunner.java:596), org.testng.SuiteRunner.runTest(SuiteRunner.java:377), org.testng.SuiteRunner.runSequentially(SuiteRunner.java:371), org.testng.SuiteRunner.privateRun(SuiteRunner.java:332), org.testng.SuiteRunner.run(SuiteRunner.java:276), org.testng.SuiteRunnerWorker.runSuite(SuiteRunnerWorker.java:53), org.testng.SuiteRunnerWorker.run(SuiteRunnerWorker.java:96), org.testng.TestNG.runSuitesSequentially(TestNG.java:1212), org.testng.TestNG.runSuitesLocally(TestNG.java:1134), org.testng.TestNG.runSuites(TestNG.java:1063), org.testng.TestNG.run(TestNG.java:1031), org.testng.remote.AbstractRemoteTestNG.run(AbstractRemoteTestNG.java:115), org.testng.remote.RemoteTestNG.initAndRun(RemoteTestNG.java:251), org.testng.remote.RemoteTestNG.main(RemoteTestNG.java:77)]
2022-05-17 01:32:35 FATAL Logs:22 - Console: chrome-error://chromewebdata/ 6771:10 "crbug/1173575, non-JS module files deprecated."
2022-05-17 01:32:46 INFO  Logs:12 - ============Finished:Test============
2022-05-17 01:35:10 INFO  Logs:12 - ============Started:Test============
2022-05-17 01:35:16 INFO  Logs:12 - verifyAddUser has passed
2022-05-17 01:36:49 FATAL Logs:22 - Failed, Exception: [org.testng.Assert.fail(Assert.java:99), org.testng.Assert.failNotEquals(Assert.java:1037), org.testng.Assert.assertTrue(Assert.java:45), org.testng.Assert.assertTrue(Assert.java:55), resman.qa.TestCases.addUser.verifyAddUser(addUser.java:73), java.base/jdk.internal.reflect.NativeMethodAccessorImpl.invoke0(Native Method), java.base/jdk.internal.reflect.NativeMethodAccessorImpl.invoke(NativeMethodAccessorImpl.java:77), java.base/jdk.internal.reflect.DelegatingMethodAccessorImpl.invoke(DelegatingMethodAccessorImpl.java:43), java.base/java.lang.reflect.Method.invoke(Method.java:568), org.testng.internal.MethodInvocationHelper.invokeMethod(MethodInvocationHelper.java:133), org.testng.internal.TestInvoker.invokeMethod(TestInvoker.java:598), org.testng.internal.TestInvoker.invokeTestMethod(TestInvoker.java:173), org.testng.internal.MethodRunner.runInSequence(MethodRunner.java:46), org.testng.internal.TestInvoker$MethodInvocationAgent.invoke(TestInvoker.java:824), org.testng.internal.TestInvoker.invokeTestMethods(TestInvoker.java:146), org.testng.internal.TestMethodWorker.invokeTestMethods(TestMethodWorker.java:146), org.testng.internal.TestMethodWorker.run(TestMethodWorker.java:128), java.base/java.util.ArrayList.forEach(ArrayList.java:1511), org.testng.TestRunner.privateRun(TestRunner.java:794), org.testng.TestRunner.run(TestRunner.java:596), org.testng.SuiteRunner.runTest(SuiteRunner.java:377), org.testng.SuiteRunner.runSequentially(SuiteRunner.java:371), org.testng.SuiteRunner.privateRun(SuiteRunner.java:332), org.testng.SuiteRunner.run(SuiteRunner.java:276), org.testng.SuiteRunnerWorker.runSuite(SuiteRunnerWorker.java:53), org.testng.SuiteRunnerWorker.run(SuiteRunnerWorker.java:96), org.testng.TestNG.runSuitesSequentially(TestNG.java:1212), org.testng.TestNG.runSuitesLocally(TestNG.java:1134), org.testng.TestNG.runSuites(TestNG.java:1063), org.testng.TestNG.run(TestNG.java:1031), org.testng.remote.AbstractRemoteTestNG.run(AbstractRemoteTestNG.java:115), org.testng.remote.RemoteTestNG.initAndRun(RemoteTestNG.java:251), org.testng.remote.RemoteTestNG.main(RemoteTestNG.java:77)]
2022-05-17 01:36:49 FATAL Logs:22 - Console: https://regression.myresman.com/Property/AddAccess/3246053b-c13d-483e-8bd3-2975ca030dfa - Failed to load resource: the server responded with a status of 500 ()
2022-05-17 01:36:53 INFO  Logs:12 - VerifyRemoveUser has passed
2022-05-17 01:39:04 INFO  Logs:12 - ============Started:Test============
2022-05-17 01:39:10 INFO  Logs:12 - verifyAddUser has passed
2022-05-17 01:40:42 FATAL Logs:22 - Failed, Exception: [org.testng.Assert.fail(Assert.java:99), org.testng.Assert.failNotEquals(Assert.java:1037), org.testng.Assert.assertTrue(Assert.java:45), org.testng.Assert.assertTrue(Assert.java:55), resman.qa.TestCases.addUser.verifyAddUser(addUser.java:73), java.base/jdk.internal.reflect.NativeMethodAccessorImpl.invoke0(Native Method), java.base/jdk.internal.reflect.NativeMethodAccessorImpl.invoke(NativeMethodAccessorImpl.java:77), java.base/jdk.internal.reflect.DelegatingMethodAccessorImpl.invoke(DelegatingMethodAccessorImpl.java:43), java.base/java.lang.reflect.Method.invoke(Method.java:568), org.testng.internal.MethodInvocationHelper.invokeMethod(MethodInvocationHelper.java:133), org.testng.internal.TestInvoker.invokeMethod(TestInvoker.java:598), org.testng.internal.TestInvoker.invokeTestMethod(TestInvoker.java:173), org.testng.internal.MethodRunner.runInSequence(MethodRunner.java:46), org.testng.internal.TestInvoker$MethodInvocationAgent.invoke(TestInvoker.java:824), org.testng.internal.TestInvoker.invokeTestMethods(TestInvoker.java:146), org.testng.internal.TestMethodWorker.invokeTestMethods(TestMethodWorker.java:146), org.testng.internal.TestMethodWorker.run(TestMethodWorker.java:128), java.base/java.util.ArrayList.forEach(ArrayList.java:1511), org.testng.TestRunner.privateRun(TestRunner.java:794), org.testng.TestRunner.run(TestRunner.java:596), org.testng.SuiteRunner.runTest(SuiteRunner.java:377), org.testng.SuiteRunner.runSequentially(SuiteRunner.java:371), org.testng.SuiteRunner.privateRun(SuiteRunner.java:332), org.testng.SuiteRunner.run(SuiteRunner.java:276), org.testng.SuiteRunnerWorker.runSuite(SuiteRunnerWorker.java:53), org.testng.SuiteRunnerWorker.run(SuiteRunnerWorker.java:96), org.testng.TestNG.runSuitesSequentially(TestNG.java:1212), org.testng.TestNG.runSuitesLocally(TestNG.java:1134), org.testng.TestNG.runSuites(TestNG.java:1063), org.testng.TestNG.run(TestNG.java:1031), org.testng.remote.AbstractRemoteTestNG.run(AbstractRemoteTestNG.java:115), org.testng.remote.RemoteTestNG.initAndRun(RemoteTestNG.java:251), org.testng.remote.RemoteTestNG.main(RemoteTestNG.java:77)]
2022-05-17 01:40:42 FATAL Logs:22 - Console: https://regression.myresman.com/Property/AddAccess/3246053b-c13d-483e-8bd3-2975ca030dfa - Failed to load resource: the server responded with a status of 500 ()
2022-05-17 01:40:48 INFO  Logs:12 - VerifyRemoveUser has passed
2022-05-17 01:42:01 FATAL Logs:22 - Failed, Exception: [org.testng.Assert.fail(Assert.java:99), org.testng.Assert.failNotEquals(Assert.java:1037), org.testng.Assert.assertTrue(Assert.java:45), org.testng.Assert.assertTrue(Assert.java:55), resman.qa.TestCases.removeUser.VerifyRemoveUser(removeUser.java:39), java.base/jdk.internal.reflect.NativeMethodAccessorImpl.invoke0(Native Method), java.base/jdk.internal.reflect.NativeMethodAccessorImpl.invoke(NativeMethodAccessorImpl.java:77), java.base/jdk.internal.reflect.DelegatingMethodAccessorImpl.invoke(DelegatingMethodAccessorImpl.java:43), java.base/java.lang.reflect.Method.invoke(Method.java:568), org.testng.internal.MethodInvocationHelper.invokeMethod(MethodInvocationHelper.java:133), org.testng.internal.TestInvoker.invokeMethod(TestInvoker.java:598), org.testng.internal.TestInvoker.invokeTestMethod(TestInvoker.java:173), org.testng.internal.MethodRunner.runInSequence(MethodRunner.java:46), org.testng.internal.TestInvoker$MethodInvocationAgent.invoke(TestInvoker.java:824), org.testng.internal.TestInvoker.invokeTestMethods(TestInvoker.java:146), org.testng.internal.TestMethodWorker.invokeTestMethods(TestMethodWorker.java:146), org.testng.internal.TestMethodWorker.run(TestMethodWorker.java:128), java.base/java.util.ArrayList.forEach(ArrayList.java:1511), org.testng.TestRunner.privateRun(TestRunner.java:794), org.testng.TestRunner.run(TestRunner.java:596), org.testng.SuiteRunner.runTest(SuiteRunner.java:377), org.testng.SuiteRunner.runSequentially(SuiteRunner.java:371), org.testng.SuiteRunner.privateRun(SuiteRunner.java:332), org.testng.SuiteRunner.run(SuiteRunner.java:276), org.testng.SuiteRunnerWorker.runSuite(SuiteRunnerWorker.java:53), org.testng.SuiteRunnerWorker.run(SuiteRunnerWorker.java:96), org.testng.TestNG.runSuitesSequentially(TestNG.java:1212), org.testng.TestNG.runSuitesLocally(TestNG.java:1134), org.testng.TestNG.runSuites(TestNG.java:1063), org.testng.TestNG.run(TestNG.java:1031), org.testng.remote.AbstractRemoteTestNG.run(AbstractRemoteTestNG.java:115), org.testng.remote.RemoteTestNG.initAndRun(RemoteTestNG.java:251), org.testng.remote.RemoteTestNG.main(RemoteTestNG.java:77)]
2022-05-17 01:42:01 FATAL Logs:22 - Console: https://regression.myresman.com/Scripts/jquery-1.7.1.min.js?v=637880699740000000 5 The specified value "!" does not conform to the required format.  The format is "#rrggbb" where rr, gg, bb are two-digit hexadecimal numbers.
2022-05-17 01:42:11 INFO  Logs:12 - ============Finished:Test============
2022-05-17 01:46:08 INFO  Logs:12 - ============Started:Test============
2022-05-17 01:46:18 INFO  Logs:12 - verifyAddUser has passed
2022-05-17 01:47:32 INFO  Logs:12 - verifyAddUser has passed
2022-05-17 01:47:32 INFO  Logs:12 - 
2022-05-17 01:47:41 INFO  Logs:12 - ============Finished:Test============
2022-05-17 01:48:28 INFO  Logs:12 - ============Started:Test============
2022-05-17 01:48:38 INFO  Logs:12 - verifyAddUser has passed
2022-05-17 01:49:39 INFO  Logs:12 - verifyAddUser has passed
2022-05-17 01:49:39 INFO  Logs:12 - 
2022-05-17 01:51:16 INFO  Logs:12 - ============Started:Test============
2022-05-17 01:51:24 INFO  Logs:12 - verifyAddUser has passed
2022-05-17 01:53:13 INFO  Logs:12 - verifyAddUser has passed
2022-05-17 01:53:13 INFO  Logs:12 - 
2022-05-17 01:53:19 INFO  Logs:12 - ============Finished:Test============
2022-05-17 01:56:45 INFO  Logs:12 - ============Started:Test============
2022-05-17 01:56:53 INFO  Logs:12 - verifyAddUser has passed
2022-05-17 01:59:26 INFO  Logs:12 - ============Started:Test============
2022-05-17 01:59:33 INFO  Logs:12 - verifyAddUser has passed
2022-05-17 02:00:55 INFO  Logs:12 - verifyAddUser has passed
2022-05-17 02:00:55 INFO  Logs:12 - 
2022-05-17 02:01:00 INFO  Logs:12 - VerifyRemoveUser has passed
2022-05-17 02:02:43 INFO  Logs:12 - VerifyRemoveUser has passed
2022-05-17 02:02:43 INFO  Logs:12 - 
2022-05-17 02:02:55 INFO  Logs:12 - ============Finished:Test============
2022-05-17 02:04:25 INFO  Logs:12 - ============Started:Test============
2022-05-17 02:04:32 INFO  Logs:12 - verifyAddUser has passed
2022-05-17 02:05:53 INFO  Logs:12 - verifyAddUser has passed
2022-05-17 02:05:53 INFO  Logs:12 - 
2022-05-17 02:05:59 INFO  Logs:12 - VerifyRemoveUser has passed
2022-05-17 02:07:47 INFO  Logs:12 - VerifyRemoveUser has passed
2022-05-17 02:07:47 INFO  Logs:12 - 
2022-05-17 02:07:58 INFO  Logs:12 - ============Finished:Test============
2022-05-17 02:10:06 INFO  Logs:12 - ============Started:Test============
2022-05-17 02:10:16 INFO  Logs:12 - verifyAddUser has passed
2022-05-17 02:11:40 INFO  Logs:12 - verifyAddUser has passed
2022-05-17 02:11:40 INFO  Logs:12 - 
2022-05-17 02:11:45 INFO  Logs:12 - VerifyRemoveUser has passed
2022-05-17 02:13:30 INFO  Logs:12 - VerifyRemoveUser has passed
2022-05-17 02:13:30 INFO  Logs:12 - 
2022-05-17 02:13:41 INFO  Logs:12 - ============Finished:Test============
2022-05-20 00:40:03 INFO  Logs:12 - ============Started:Test============
2022-05-20 00:40:16 INFO  Logs:12 - verifyAddUser has passed
2022-05-20 00:41:41 FATAL Logs:22 - Failed, Exception: [org.testng.Assert.fail(Assert.java:99), org.testng.Assert.failNotEquals(Assert.java:1037), org.testng.Assert.assertTrue(Assert.java:45), org.testng.Assert.assertTrue(Assert.java:55), resman.qa.TestCases.addUser.verifyAddUser(addUser.java:40), java.base/jdk.internal.reflect.NativeMethodAccessorImpl.invoke0(Native Method), java.base/jdk.internal.reflect.NativeMethodAccessorImpl.invoke(NativeMethodAccessorImpl.java:77), java.base/jdk.internal.reflect.DelegatingMethodAccessorImpl.invoke(DelegatingMethodAccessorImpl.java:43), java.base/java.lang.reflect.Method.invoke(Method.java:568), org.testng.internal.MethodInvocationHelper.invokeMethod(MethodInvocationHelper.java:133), org.testng.internal.TestInvoker.invokeMethod(TestInvoker.java:598), org.testng.internal.TestInvoker.invokeTestMethod(TestInvoker.java:173), org.testng.internal.MethodRunner.runInSequence(MethodRunner.java:46), org.testng.internal.TestInvoker$MethodInvocationAgent.invoke(TestInvoker.java:824), org.testng.internal.TestInvoker.invokeTestMethods(TestInvoker.java:146), org.testng.internal.TestMethodWorker.invokeTestMethods(TestMethodWorker.java:146), org.testng.internal.TestMethodWorker.run(TestMethodWorker.java:128), java.base/java.util.ArrayList.forEach(ArrayList.java:1511), org.testng.TestRunner.privateRun(TestRunner.java:794), org.testng.TestRunner.run(TestRunner.java:596), org.testng.SuiteRunner.runTest(SuiteRunner.java:377), org.testng.SuiteRunner.runSequentially(SuiteRunner.java:371), org.testng.SuiteRunner.privateRun(SuiteRunner.java:332), org.testng.SuiteRunner.run(SuiteRunner.java:276), org.testng.SuiteRunnerWorker.runSuite(SuiteRunnerWorker.java:53), org.testng.SuiteRunnerWorker.run(SuiteRunnerWorker.java:96), org.testng.TestNG.runSuitesSequentially(TestNG.java:1212), org.testng.TestNG.runSuitesLocally(TestNG.java:1134), org.testng.TestNG.runSuites(TestNG.java:1063), org.testng.TestNG.run(TestNG.java:1031), org.testng.remote.AbstractRemoteTestNG.run(AbstractRemoteTestNG.java:115), org.testng.remote.RemoteTestNG.initAndRun(RemoteTestNG.java:251), org.testng.remote.RemoteTestNG.main(RemoteTestNG.java:77)]
2022-05-20 00:41:41 FATAL Logs:22 - Console: https://qa.myresman.com/Scripts/jquery-1.7.1.min.js?v=637885746152403890 5 The specified value "!" does not conform to the required format.  The format is "#rrggbb" where rr, gg, bb are two-digit hexadecimal numbers.
2022-05-20 00:41:46 INFO  Logs:12 - VerifyRemoveUser has passed
2022-05-20 00:42:26 INFO  Logs:12 - ============Started:Test============
2022-05-20 00:42:34 INFO  Logs:12 - verifyAddUser has passed
2022-05-20 00:43:54 INFO  Logs:12 - verifyAddUser has passed
2022-05-20 00:43:54 INFO  Logs:12 - 
2022-05-20 00:44:00 INFO  Logs:12 - VerifyRemoveUser has passed
2022-05-20 00:45:22 FATAL Logs:22 - Failed, Exception: [java.base/jdk.internal.reflect.NativeConstructorAccessorImpl.newInstance0(Native Method), java.base/jdk.internal.reflect.NativeConstructorAccessorImpl.newInstance(NativeConstructorAccessorImpl.java:77), java.base/jdk.internal.reflect.DelegatingConstructorAccessorImpl.newInstance(DelegatingConstructorAccessorImpl.java:45), java.base/java.lang.reflect.Constructor.newInstanceWithCaller(Constructor.java:499), java.base/java.lang.reflect.Constructor.newInstance(Constructor.java:480), org.openqa.selenium.remote.codec.w3c.W3CHttpResponseCodec.createException(W3CHttpResponseCodec.java:200), org.openqa.selenium.remote.codec.w3c.W3CHttpResponseCodec.decode(W3CHttpResponseCodec.java:133), org.openqa.selenium.remote.codec.w3c.W3CHttpResponseCodec.decode(W3CHttpResponseCodec.java:53), org.openqa.selenium.remote.HttpCommandExecutor.execute(HttpCommandExecutor.java:184), org.openqa.selenium.remote.service.DriverCommandExecutor.invokeExecute(DriverCommandExecutor.java:167), org.openqa.selenium.remote.service.DriverCommandExecutor.execute(DriverCommandExecutor.java:142), org.openqa.selenium.remote.RemoteWebDriver.execute(RemoteWebDriver.java:567), org.openqa.selenium.remote.RemoteWebElement.execute(RemoteWebElement.java:251), org.openqa.selenium.remote.RemoteWebElement.click(RemoteWebElement.java:77), resman.qa.TestCases.removeUser.VerifyRemoveUser(removeUser.java:54), java.base/jdk.internal.reflect.NativeMethodAccessorImpl.invoke0(Native Method), java.base/jdk.internal.reflect.NativeMethodAccessorImpl.invoke(NativeMethodAccessorImpl.java:77), java.base/jdk.internal.reflect.DelegatingMethodAccessorImpl.invoke(DelegatingMethodAccessorImpl.java:43), java.base/java.lang.reflect.Method.invoke(Method.java:568), org.testng.internal.MethodInvocationHelper.invokeMethod(MethodInvocationHelper.java:133), org.testng.internal.TestInvoker.invokeMethod(TestInvoker.java:598), org.testng.internal.TestInvoker.invokeTestMethod(TestInvoker.java:173), org.testng.internal.MethodRunner.runInSequence(MethodRunner.java:46), org.testng.internal.TestInvoker$MethodInvocationAgent.invoke(TestInvoker.java:824), org.testng.internal.TestInvoker.invokeTestMethods(TestInvoker.java:146), org.testng.internal.TestMethodWorker.invokeTestMethods(TestMethodWorker.java:146), org.testng.internal.TestMethodWorker.run(TestMethodWorker.java:128), java.base/java.util.ArrayList.forEach(ArrayList.java:1511), org.testng.TestRunner.privateRun(TestRunner.java:794), org.testng.TestRunner.run(TestRunner.java:596), org.testng.SuiteRunner.runTest(SuiteRunner.java:377), org.testng.SuiteRunner.runSequentially(SuiteRunner.java:371), org.testng.SuiteRunner.privateRun(SuiteRunner.java:332), org.testng.SuiteRunner.run(SuiteRunner.java:276), org.testng.SuiteRunnerWorker.runSuite(SuiteRunnerWorker.java:53), org.testng.SuiteRunnerWorker.run(SuiteRunnerWorker.java:96), org.testng.TestNG.runSuitesSequentially(TestNG.java:1212), org.testng.TestNG.runSuitesLocally(TestNG.java:1134), org.testng.TestNG.runSuites(TestNG.java:1063), org.testng.TestNG.run(TestNG.java:1031), org.testng.remote.AbstractRemoteTestNG.run(AbstractRemoteTestNG.java:115), org.testng.remote.RemoteTestNG.initAndRun(RemoteTestNG.java:251), org.testng.remote.RemoteTestNG.main(RemoteTestNG.java:77)]
2022-05-20 00:45:22 FATAL Logs:22 - Console: https://qa.myresman.com/Scripts/jquery-1.7.1.min.js?v=637885746152403890 5 The specified value "!" does not conform to the required format.  The format is "#rrggbb" where rr, gg, bb are two-digit hexadecimal numbers.
2022-05-20 00:45:34 INFO  Logs:12 - ============Finished:Test============
2022-05-20 00:53:59 INFO  Logs:12 - ============Started:Test============
2022-05-20 00:54:06 INFO  Logs:12 - verifyAddUser has passed
2022-05-20 00:55:21 INFO  Logs:12 - ============Started:Test============
2022-05-20 00:55:29 INFO  Logs:12 - verifyAddUser has passed
2022-05-20 00:56:18 INFO  Logs:12 - ============Started:Test============
2022-05-20 00:56:25 INFO  Logs:12 - verifyAddUser has passed
2022-05-20 00:57:48 INFO  Logs:12 - verifyAddUser has passed
2022-05-20 00:57:48 INFO  Logs:12 - 
2022-05-20 00:57:53 INFO  Logs:12 - VerifyRemoveUser has passed
2022-05-20 00:59:01 FATAL Logs:22 - Failed, Exception: [org.testng.Assert.fail(Assert.java:99), org.testng.Assert.failNotEquals(Assert.java:1037), org.testng.Assert.assertTrue(Assert.java:45), org.testng.Assert.assertTrue(Assert.java:55), resman.qa.TestCases.removeUser.VerifyRemoveUser(removeUser.java:46), java.base/jdk.internal.reflect.NativeMethodAccessorImpl.invoke0(Native Method), java.base/jdk.internal.reflect.NativeMethodAccessorImpl.invoke(NativeMethodAccessorImpl.java:77), java.base/jdk.internal.reflect.DelegatingMethodAccessorImpl.invoke(DelegatingMethodAccessorImpl.java:43), java.base/java.lang.reflect.Method.invoke(Method.java:568), org.testng.internal.MethodInvocationHelper.invokeMethod(MethodInvocationHelper.java:133), org.testng.internal.TestInvoker.invokeMethod(TestInvoker.java:598), org.testng.internal.TestInvoker.invokeTestMethod(TestInvoker.java:173), org.testng.internal.MethodRunner.runInSequence(MethodRunner.java:46), org.testng.internal.TestInvoker$MethodInvocationAgent.invoke(TestInvoker.java:824), org.testng.internal.TestInvoker.invokeTestMethods(TestInvoker.java:146), org.testng.internal.TestMethodWorker.invokeTestMethods(TestMethodWorker.java:146), org.testng.internal.TestMethodWorker.run(TestMethodWorker.java:128), java.base/java.util.ArrayList.forEach(ArrayList.java:1511), org.testng.TestRunner.privateRun(TestRunner.java:794), org.testng.TestRunner.run(TestRunner.java:596), org.testng.SuiteRunner.runTest(SuiteRunner.java:377), org.testng.SuiteRunner.runSequentially(SuiteRunner.java:371), org.testng.SuiteRunner.privateRun(SuiteRunner.java:332), org.testng.SuiteRunner.run(SuiteRunner.java:276), org.testng.SuiteRunnerWorker.runSuite(SuiteRunnerWorker.java:53), org.testng.SuiteRunnerWorker.run(SuiteRunnerWorker.java:96), org.testng.TestNG.runSuitesSequentially(TestNG.java:1212), org.testng.TestNG.runSuitesLocally(TestNG.java:1134), org.testng.TestNG.runSuites(TestNG.java:1063), org.testng.TestNG.run(TestNG.java:1031), org.testng.remote.AbstractRemoteTestNG.run(AbstractRemoteTestNG.java:115), org.testng.remote.RemoteTestNG.initAndRun(RemoteTestNG.java:251), org.testng.remote.RemoteTestNG.main(RemoteTestNG.java:77)]
2022-05-20 00:59:01 FATAL Logs:22 - Console: https://qa.myresman.com/Scripts/jquery-1.7.1.min.js?v=637885746152403890 5 The specified value "!" does not conform to the required format.  The format is "#rrggbb" where rr, gg, bb are two-digit hexadecimal numbers.
2022-05-20 00:59:16 INFO  Logs:12 - ============Finished:Test============
2022-05-20 01:09:01 INFO  Logs:12 - ============Started:Test============
2022-05-20 01:09:08 INFO  Logs:12 - verifyAddUser has passed
2022-05-20 01:10:25 INFO  Logs:12 - verifyAddUser has passed
2022-05-20 01:10:25 INFO  Logs:12 - 
2022-05-20 01:10:31 INFO  Logs:12 - VerifyRemoveUser has passed
2022-05-20 01:11:45 FATAL Logs:22 - Failed, Exception: [java.base/jdk.internal.reflect.NativeConstructorAccessorImpl.newInstance0(Native Method), java.base/jdk.internal.reflect.NativeConstructorAccessorImpl.newInstance(NativeConstructorAccessorImpl.java:77), java.base/jdk.internal.reflect.DelegatingConstructorAccessorImpl.newInstance(DelegatingConstructorAccessorImpl.java:45), java.base/java.lang.reflect.Constructor.newInstanceWithCaller(Constructor.java:499), java.base/java.lang.reflect.Constructor.newInstance(Constructor.java:480), org.openqa.selenium.remote.codec.w3c.W3CHttpResponseCodec.createException(W3CHttpResponseCodec.java:200), org.openqa.selenium.remote.codec.w3c.W3CHttpResponseCodec.decode(W3CHttpResponseCodec.java:133), org.openqa.selenium.remote.codec.w3c.W3CHttpResponseCodec.decode(W3CHttpResponseCodec.java:53), org.openqa.selenium.remote.HttpCommandExecutor.execute(HttpCommandExecutor.java:184), org.openqa.selenium.remote.service.DriverCommandExecutor.invokeExecute(DriverCommandExecutor.java:167), org.openqa.selenium.remote.service.DriverCommandExecutor.execute(DriverCommandExecutor.java:142), org.openqa.selenium.remote.RemoteWebDriver.execute(RemoteWebDriver.java:567), org.openqa.selenium.remote.RemoteWebElement.execute(RemoteWebElement.java:251), org.openqa.selenium.remote.RemoteWebElement.click(RemoteWebElement.java:77), resman.qa.TestCases.removeUser.VerifyRemoveUser(removeUser.java:54), java.base/jdk.internal.reflect.NativeMethodAccessorImpl.invoke0(Native Method), java.base/jdk.internal.reflect.NativeMethodAccessorImpl.invoke(NativeMethodAccessorImpl.java:77), java.base/jdk.internal.reflect.DelegatingMethodAccessorImpl.invoke(DelegatingMethodAccessorImpl.java:43), java.base/java.lang.reflect.Method.invoke(Method.java:568), org.testng.internal.MethodInvocationHelper.invokeMethod(MethodInvocationHelper.java:133), org.testng.internal.TestInvoker.invokeMethod(TestInvoker.java:598), org.testng.internal.TestInvoker.invokeTestMethod(TestInvoker.java:173), org.testng.internal.MethodRunner.runInSequence(MethodRunner.java:46), org.testng.internal.TestInvoker$MethodInvocationAgent.invoke(TestInvoker.java:824), org.testng.internal.TestInvoker.invokeTestMethods(TestInvoker.java:146), org.testng.internal.TestMethodWorker.invokeTestMethods(TestMethodWorker.java:146), org.testng.internal.TestMethodWorker.run(TestMethodWorker.java:128), java.base/java.util.ArrayList.forEach(ArrayList.java:1511), org.testng.TestRunner.privateRun(TestRunner.java:794), org.testng.TestRunner.run(TestRunner.java:596), org.testng.SuiteRunner.runTest(SuiteRunner.java:377), org.testng.SuiteRunner.runSequentially(SuiteRunner.java:371), org.testng.SuiteRunner.privateRun(SuiteRunner.java:332), org.testng.SuiteRunner.run(SuiteRunner.java:276), org.testng.SuiteRunnerWorker.runSuite(SuiteRunnerWorker.java:53), org.testng.SuiteRunnerWorker.run(SuiteRunnerWorker.java:96), org.testng.TestNG.runSuitesSequentially(TestNG.java:1212), org.testng.TestNG.runSuitesLocally(TestNG.java:1134), org.testng.TestNG.runSuites(TestNG.java:1063), org.testng.TestNG.run(TestNG.java:1031), org.testng.remote.AbstractRemoteTestNG.run(AbstractRemoteTestNG.java:115), org.testng.remote.RemoteTestNG.initAndRun(RemoteTestNG.java:251), org.testng.remote.RemoteTestNG.main(RemoteTestNG.java:77)]
2022-05-20 01:11:45 FATAL Logs:22 - Console: https://qa.myresman.com/Scripts/jquery-1.7.1.min.js?v=637885746152403890 5 The specified value "!" does not conform to the required format.  The format is "#rrggbb" where rr, gg, bb are two-digit hexadecimal numbers.
2022-05-20 01:11:59 INFO  Logs:12 - ============Finished:Test============
2022-05-20 01:22:37 INFO  Logs:12 - ============Started:Test============
2022-05-20 01:22:44 INFO  Logs:12 - verifyAddUser has passed
2022-05-20 01:24:01 FATAL Logs:22 - Failed, Exception: [org.testng.Assert.fail(Assert.java:99), org.testng.Assert.failNotEquals(Assert.java:1037), org.testng.Assert.assertTrue(Assert.java:45), org.testng.Assert.assertTrue(Assert.java:55), resman.qa.TestCases.addUser.verifyAddUser(addUser.java:40), java.base/jdk.internal.reflect.NativeMethodAccessorImpl.invoke0(Native Method), java.base/jdk.internal.reflect.NativeMethodAccessorImpl.invoke(NativeMethodAccessorImpl.java:77), java.base/jdk.internal.reflect.DelegatingMethodAccessorImpl.invoke(DelegatingMethodAccessorImpl.java:43), java.base/java.lang.reflect.Method.invoke(Method.java:568), org.testng.internal.MethodInvocationHelper.invokeMethod(MethodInvocationHelper.java:133), org.testng.internal.TestInvoker.invokeMethod(TestInvoker.java:598), org.testng.internal.TestInvoker.invokeTestMethod(TestInvoker.java:173), org.testng.internal.MethodRunner.runInSequence(MethodRunner.java:46), org.testng.internal.TestInvoker$MethodInvocationAgent.invoke(TestInvoker.java:824), org.testng.internal.TestInvoker.invokeTestMethods(TestInvoker.java:146), org.testng.internal.TestMethodWorker.invokeTestMethods(TestMethodWorker.java:146), org.testng.internal.TestMethodWorker.run(TestMethodWorker.java:128), java.base/java.util.ArrayList.forEach(ArrayList.java:1511), org.testng.TestRunner.privateRun(TestRunner.java:794), org.testng.TestRunner.run(TestRunner.java:596), org.testng.SuiteRunner.runTest(SuiteRunner.java:377), org.testng.SuiteRunner.runSequentially(SuiteRunner.java:371), org.testng.SuiteRunner.privateRun(SuiteRunner.java:332), org.testng.SuiteRunner.run(SuiteRunner.java:276), org.testng.SuiteRunnerWorker.runSuite(SuiteRunnerWorker.java:53), org.testng.SuiteRunnerWorker.run(SuiteRunnerWorker.java:96), org.testng.TestNG.runSuitesSequentially(TestNG.java:1212), org.testng.TestNG.runSuitesLocally(TestNG.java:1134), org.testng.TestNG.runSuites(TestNG.java:1063), org.testng.TestNG.run(TestNG.java:1031), org.testng.remote.AbstractRemoteTestNG.run(AbstractRemoteTestNG.java:115), org.testng.remote.RemoteTestNG.initAndRun(RemoteTestNG.java:251), org.testng.remote.RemoteTestNG.main(RemoteTestNG.java:77)]
2022-05-20 01:24:01 FATAL Logs:22 - Console: https://qa.myresman.com/Scripts/jquery-1.7.1.min.js?v=637885746152403890 5 The specified value "!" does not conform to the required format.  The format is "#rrggbb" where rr, gg, bb are two-digit hexadecimal numbers.
2022-05-20 01:24:07 INFO  Logs:12 - VerifyRemoveUser has passed
2022-05-20 01:25:22 FATAL Logs:22 - Failed, Exception: [java.base/jdk.internal.reflect.NativeConstructorAccessorImpl.newInstance0(Native Method), java.base/jdk.internal.reflect.NativeConstructorAccessorImpl.newInstance(NativeConstructorAccessorImpl.java:77), java.base/jdk.internal.reflect.DelegatingConstructorAccessorImpl.newInstance(DelegatingConstructorAccessorImpl.java:45), java.base/java.lang.reflect.Constructor.newInstanceWithCaller(Constructor.java:499), java.base/java.lang.reflect.Constructor.newInstance(Constructor.java:480), org.openqa.selenium.remote.codec.w3c.W3CHttpResponseCodec.createException(W3CHttpResponseCodec.java:200), org.openqa.selenium.remote.codec.w3c.W3CHttpResponseCodec.decode(W3CHttpResponseCodec.java:133), org.openqa.selenium.remote.codec.w3c.W3CHttpResponseCodec.decode(W3CHttpResponseCodec.java:53), org.openqa.selenium.remote.HttpCommandExecutor.execute(HttpCommandExecutor.java:184), org.openqa.selenium.remote.service.DriverCommandExecutor.invokeExecute(DriverCommandExecutor.java:167), org.openqa.selenium.remote.service.DriverCommandExecutor.execute(DriverCommandExecutor.java:142), org.openqa.selenium.remote.RemoteWebDriver.execute(RemoteWebDriver.java:567), org.openqa.selenium.remote.RemoteWebElement.execute(RemoteWebElement.java:251), org.openqa.selenium.remote.RemoteWebElement.click(RemoteWebElement.java:77), resman.qa.TestCases.removeUser.VerifyRemoveUser(removeUser.java:54), java.base/jdk.internal.reflect.NativeMethodAccessorImpl.invoke0(Native Method), java.base/jdk.internal.reflect.NativeMethodAccessorImpl.invoke(NativeMethodAccessorImpl.java:77), java.base/jdk.internal.reflect.DelegatingMethodAccessorImpl.invoke(DelegatingMethodAccessorImpl.java:43), java.base/java.lang.reflect.Method.invoke(Method.java:568), org.testng.internal.MethodInvocationHelper.invokeMethod(MethodInvocationHelper.java:133), org.testng.internal.TestInvoker.invokeMethod(TestInvoker.java:598), org.testng.internal.TestInvoker.invokeTestMethod(TestInvoker.java:173), org.testng.internal.MethodRunner.runInSequence(MethodRunner.java:46), org.testng.internal.TestInvoker$MethodInvocationAgent.invoke(TestInvoker.java:824), org.testng.internal.TestInvoker.invokeTestMethods(TestInvoker.java:146), org.testng.internal.TestMethodWorker.invokeTestMethods(TestMethodWorker.java:146), org.testng.internal.TestMethodWorker.run(TestMethodWorker.java:128), java.base/java.util.ArrayList.forEach(ArrayList.java:1511), org.testng.TestRunner.privateRun(TestRunner.java:794), org.testng.TestRunner.run(TestRunner.java:596), org.testng.SuiteRunner.runTest(SuiteRunner.java:377), org.testng.SuiteRunner.runSequentially(SuiteRunner.java:371), org.testng.SuiteRunner.privateRun(SuiteRunner.java:332), org.testng.SuiteRunner.run(SuiteRunner.java:276), org.testng.SuiteRunnerWorker.runSuite(SuiteRunnerWorker.java:53), org.testng.SuiteRunnerWorker.run(SuiteRunnerWorker.java:96), org.testng.TestNG.runSuitesSequentially(TestNG.java:1212), org.testng.TestNG.runSuitesLocally(TestNG.java:1134), org.testng.TestNG.runSuites(TestNG.java:1063), org.testng.TestNG.run(TestNG.java:1031), org.testng.remote.AbstractRemoteTestNG.run(AbstractRemoteTestNG.java:115), org.testng.remote.RemoteTestNG.initAndRun(RemoteTestNG.java:251), org.testng.remote.RemoteTestNG.main(RemoteTestNG.java:77)]
2022-05-20 01:25:22 FATAL Logs:22 - Console: https://qa.myresman.com/Scripts/jquery-1.7.1.min.js?v=637885746152403890 5 The specified value "!" does not conform to the required format.  The format is "#rrggbb" where rr, gg, bb are two-digit hexadecimal numbers.
2022-05-20 01:25:37 INFO  Logs:12 - ============Finished:Test============
2022-05-20 01:37:41 INFO  Logs:12 - ============Started:Test============
2022-05-20 01:37:48 INFO  Logs:12 - verifyAddUser has passed
2022-05-20 01:39:05 INFO  Logs:12 - verifyAddUser has passed
2022-05-20 01:39:05 INFO  Logs:12 - 
2022-05-20 01:39:11 INFO  Logs:12 - VerifyRemoveUser has passed
2022-05-20 01:40:26 INFO  Logs:12 - VerifyRemoveUser has passed
2022-05-20 01:40:26 INFO  Logs:12 - 
2022-05-20 01:40:40 INFO  Logs:12 - ============Finished:Test============
2022-05-20 01:51:14 INFO  Logs:12 - ============Started:Test============
2022-05-20 01:51:22 INFO  Logs:12 - verifyAddUser has passed
2022-05-20 01:53:00 INFO  Logs:12 - ============Started:Test============
2022-05-20 01:53:07 INFO  Logs:12 - verifyAddUser has passed
2022-05-20 01:54:27 INFO  Logs:12 - verifyAddUser has passed
2022-05-20 01:54:27 INFO  Logs:12 - 
2022-05-20 01:54:33 INFO  Logs:12 - VerifyRemoveUser has passed
2022-05-20 01:55:49 FATAL Logs:22 - Failed, Exception: [java.base/jdk.internal.reflect.NativeConstructorAccessorImpl.newInstance0(Native Method), java.base/jdk.internal.reflect.NativeConstructorAccessorImpl.newInstance(NativeConstructorAccessorImpl.java:77), java.base/jdk.internal.reflect.DelegatingConstructorAccessorImpl.newInstance(DelegatingConstructorAccessorImpl.java:45), java.base/java.lang.reflect.Constructor.newInstanceWithCaller(Constructor.java:499), java.base/java.lang.reflect.Constructor.newInstance(Constructor.java:480), org.openqa.selenium.remote.codec.w3c.W3CHttpResponseCodec.createException(W3CHttpResponseCodec.java:200), org.openqa.selenium.remote.codec.w3c.W3CHttpResponseCodec.decode(W3CHttpResponseCodec.java:133), org.openqa.selenium.remote.codec.w3c.W3CHttpResponseCodec.decode(W3CHttpResponseCodec.java:53), org.openqa.selenium.remote.HttpCommandExecutor.execute(HttpCommandExecutor.java:184), org.openqa.selenium.remote.service.DriverCommandExecutor.invokeExecute(DriverCommandExecutor.java:167), org.openqa.selenium.remote.service.DriverCommandExecutor.execute(DriverCommandExecutor.java:142), org.openqa.selenium.remote.RemoteWebDriver.execute(RemoteWebDriver.java:567), org.openqa.selenium.remote.RemoteWebElement.execute(RemoteWebElement.java:251), org.openqa.selenium.remote.RemoteWebElement.click(RemoteWebElement.java:77), resman.qa.TestCases.removeUser.VerifyRemoveUser(removeUser.java:55), java.base/jdk.internal.reflect.NativeMethodAccessorImpl.invoke0(Native Method), java.base/jdk.internal.reflect.NativeMethodAccessorImpl.invoke(NativeMethodAccessorImpl.java:77), java.base/jdk.internal.reflect.DelegatingMethodAccessorImpl.invoke(DelegatingMethodAccessorImpl.java:43), java.base/java.lang.reflect.Method.invoke(Method.java:568), org.testng.internal.MethodInvocationHelper.invokeMethod(MethodInvocationHelper.java:133), org.testng.internal.TestInvoker.invokeMethod(TestInvoker.java:598), org.testng.internal.TestInvoker.invokeTestMethod(TestInvoker.java:173), org.testng.internal.MethodRunner.runInSequence(MethodRunner.java:46), org.testng.internal.TestInvoker$MethodInvocationAgent.invoke(TestInvoker.java:824), org.testng.internal.TestInvoker.invokeTestMethods(TestInvoker.java:146), org.testng.internal.TestMethodWorker.invokeTestMethods(TestMethodWorker.java:146), org.testng.internal.TestMethodWorker.run(TestMethodWorker.java:128), java.base/java.util.ArrayList.forEach(ArrayList.java:1511), org.testng.TestRunner.privateRun(TestRunner.java:794), org.testng.TestRunner.run(TestRunner.java:596), org.testng.SuiteRunner.runTest(SuiteRunner.java:377), org.testng.SuiteRunner.runSequentially(SuiteRunner.java:371), org.testng.SuiteRunner.privateRun(SuiteRunner.java:332), org.testng.SuiteRunner.run(SuiteRunner.java:276), org.testng.SuiteRunnerWorker.runSuite(SuiteRunnerWorker.java:53), org.testng.SuiteRunnerWorker.run(SuiteRunnerWorker.java:96), org.testng.TestNG.runSuitesSequentially(TestNG.java:1212), org.testng.TestNG.runSuitesLocally(TestNG.java:1134), org.testng.TestNG.runSuites(TestNG.java:1063), org.testng.TestNG.run(TestNG.java:1031), org.testng.remote.AbstractRemoteTestNG.run(AbstractRemoteTestNG.java:115), org.testng.remote.RemoteTestNG.initAndRun(RemoteTestNG.java:251), org.testng.remote.RemoteTestNG.main(RemoteTestNG.java:77)]
2022-05-20 01:55:49 FATAL Logs:22 - Console: https://qa.myresman.com/Scripts/jquery-1.7.1.min.js?v=637885746152403890 5 The specified value "!" does not conform to the required format.  The format is "#rrggbb" where rr, gg, bb are two-digit hexadecimal numbers.
2022-05-20 01:56:04 INFO  Logs:12 - ============Finished:Test============
2022-05-20 02:37:00 INFO  Logs:12 - ============Started:Test============
2022-05-20 02:37:58 INFO  Logs:12 - verifyAddUser has passed
2022-05-20 02:45:59 INFO  Logs:12 - ============Started:Test============
2022-05-20 02:46:09 INFO  Logs:12 - verifyAddUser has passed
2022-05-20 02:47:29 INFO  Logs:12 - verifyAddUser has passed
2022-05-20 02:47:29 INFO  Logs:12 - 
2022-05-20 02:47:37 INFO  Logs:12 - VerifyRemoveUser has passed
2022-05-20 02:48:53 FATAL Logs:22 - Failed, Exception: [java.base/jdk.internal.reflect.NativeConstructorAccessorImpl.newInstance0(Native Method), java.base/jdk.internal.reflect.NativeConstructorAccessorImpl.newInstance(NativeConstructorAccessorImpl.java:77), java.base/jdk.internal.reflect.DelegatingConstructorAccessorImpl.newInstance(DelegatingConstructorAccessorImpl.java:45), java.base/java.lang.reflect.Constructor.newInstanceWithCaller(Constructor.java:499), java.base/java.lang.reflect.Constructor.newInstance(Constructor.java:480), org.openqa.selenium.remote.codec.w3c.W3CHttpResponseCodec.createException(W3CHttpResponseCodec.java:200), org.openqa.selenium.remote.codec.w3c.W3CHttpResponseCodec.decode(W3CHttpResponseCodec.java:133), org.openqa.selenium.remote.codec.w3c.W3CHttpResponseCodec.decode(W3CHttpResponseCodec.java:53), org.openqa.selenium.remote.HttpCommandExecutor.execute(HttpCommandExecutor.java:184), org.openqa.selenium.remote.service.DriverCommandExecutor.invokeExecute(DriverCommandExecutor.java:167), org.openqa.selenium.remote.service.DriverCommandExecutor.execute(DriverCommandExecutor.java:142), org.openqa.selenium.remote.RemoteWebDriver.execute(RemoteWebDriver.java:567), org.openqa.selenium.remote.RemoteWebElement.execute(RemoteWebElement.java:251), org.openqa.selenium.remote.RemoteWebElement.click(RemoteWebElement.java:77), resman.qa.TestCases.removeUser.VerifyRemoveUser(removeUser.java:50), java.base/jdk.internal.reflect.NativeMethodAccessorImpl.invoke0(Native Method), java.base/jdk.internal.reflect.NativeMethodAccessorImpl.invoke(NativeMethodAccessorImpl.java:77), java.base/jdk.internal.reflect.DelegatingMethodAccessorImpl.invoke(DelegatingMethodAccessorImpl.java:43), java.base/java.lang.reflect.Method.invoke(Method.java:568), org.testng.internal.MethodInvocationHelper.invokeMethod(MethodInvocationHelper.java:133), org.testng.internal.TestInvoker.invokeMethod(TestInvoker.java:598), org.testng.internal.TestInvoker.invokeTestMethod(TestInvoker.java:173), org.testng.internal.MethodRunner.runInSequence(MethodRunner.java:46), org.testng.internal.TestInvoker$MethodInvocationAgent.invoke(TestInvoker.java:824), org.testng.internal.TestInvoker.invokeTestMethods(TestInvoker.java:146), org.testng.internal.TestMethodWorker.invokeTestMethods(TestMethodWorker.java:146), org.testng.internal.TestMethodWorker.run(TestMethodWorker.java:128), java.base/java.util.ArrayList.forEach(ArrayList.java:1511), org.testng.TestRunner.privateRun(TestRunner.java:794), org.testng.TestRunner.run(TestRunner.java:596), org.testng.SuiteRunner.runTest(SuiteRunner.java:377), org.testng.SuiteRunner.runSequentially(SuiteRunner.java:371), org.testng.SuiteRunner.privateRun(SuiteRunner.java:332), org.testng.SuiteRunner.run(SuiteRunner.java:276), org.testng.SuiteRunnerWorker.runSuite(SuiteRunnerWorker.java:53), org.testng.SuiteRunnerWorker.run(SuiteRunnerWorker.java:96), org.testng.TestNG.runSuitesSequentially(TestNG.java:1212), org.testng.TestNG.runSuitesLocally(TestNG.java:1134), org.testng.TestNG.runSuites(TestNG.java:1063), org.testng.TestNG.run(TestNG.java:1031), org.testng.remote.AbstractRemoteTestNG.run(AbstractRemoteTestNG.java:115), org.testng.remote.RemoteTestNG.initAndRun(RemoteTestNG.java:251), org.testng.remote.RemoteTestNG.main(RemoteTestNG.java:77)]
2022-05-20 02:48:53 FATAL Logs:22 - Console: https://qa.myresman.com/Scripts/jquery-1.7.1.min.js?v=637885746152403890 5 The specified value "!" does not conform to the required format.  The format is "#rrggbb" where rr, gg, bb are two-digit hexadecimal numbers.
2022-05-20 02:49:08 INFO  Logs:12 - ============Finished:Test============
2022-05-20 03:10:44 INFO  Logs:12 - ============Started:Test============
2022-05-20 03:10:54 INFO  Logs:12 - verifyAddUser has passed
2022-05-20 03:15:04 INFO  Logs:12 - ============Started:Test============
2022-05-20 03:15:09 INFO  Logs:12 - verifyAddUser has passed
2022-05-20 03:16:47 INFO  Logs:12 - verifyAddUser has passed
2022-05-20 03:16:47 INFO  Logs:12 - 
2022-05-20 03:16:52 INFO  Logs:12 - VerifyRemoveUser has passed
2022-05-20 03:18:32 FATAL Logs:22 - Failed, Exception: [org.testng.Assert.fail(Assert.java:99), org.testng.Assert.failNotEquals(Assert.java:1037), org.testng.Assert.assertFalse(Assert.java:67), org.testng.Assert.assertFalse(Assert.java:77), resman.qa.TestCases.removeUser.VerifyRemoveUser(removeUser.java:63), java.base/jdk.internal.reflect.NativeMethodAccessorImpl.invoke0(Native Method), java.base/jdk.internal.reflect.NativeMethodAccessorImpl.invoke(NativeMethodAccessorImpl.java:77), java.base/jdk.internal.reflect.DelegatingMethodAccessorImpl.invoke(DelegatingMethodAccessorImpl.java:43), java.base/java.lang.reflect.Method.invoke(Method.java:568), org.testng.internal.MethodInvocationHelper.invokeMethod(MethodInvocationHelper.java:133), org.testng.internal.TestInvoker.invokeMethod(TestInvoker.java:598), org.testng.internal.TestInvoker.invokeTestMethod(TestInvoker.java:173), org.testng.internal.MethodRunner.runInSequence(MethodRunner.java:46), org.testng.internal.TestInvoker$MethodInvocationAgent.invoke(TestInvoker.java:824), org.testng.internal.TestInvoker.invokeTestMethods(TestInvoker.java:146), org.testng.internal.TestMethodWorker.invokeTestMethods(TestMethodWorker.java:146), org.testng.internal.TestMethodWorker.run(TestMethodWorker.java:128), java.base/java.util.ArrayList.forEach(ArrayList.java:1511), org.testng.TestRunner.privateRun(TestRunner.java:794), org.testng.TestRunner.run(TestRunner.java:596), org.testng.SuiteRunner.runTest(SuiteRunner.java:377), org.testng.SuiteRunner.runSequentially(SuiteRunner.java:371), org.testng.SuiteRunner.privateRun(SuiteRunner.java:332), org.testng.SuiteRunner.run(SuiteRunner.java:276), org.testng.SuiteRunnerWorker.runSuite(SuiteRunnerWorker.java:53), org.testng.SuiteRunnerWorker.run(SuiteRunnerWorker.java:96), org.testng.TestNG.runSuitesSequentially(TestNG.java:1212), org.testng.TestNG.runSuitesLocally(TestNG.java:1134), org.testng.TestNG.runSuites(TestNG.java:1063), org.testng.TestNG.run(TestNG.java:1031), org.testng.remote.AbstractRemoteTestNG.run(AbstractRemoteTestNG.java:115), org.testng.remote.RemoteTestNG.initAndRun(RemoteTestNG.java:251), org.testng.remote.RemoteTestNG.main(RemoteTestNG.java:77)]
2022-05-20 03:18:32 FATAL Logs:22 - Console: https://regression.myresman.com/Scripts/jquery-1.7.1.min.js?v=637885048427966450 5 The specified value "!" does not conform to the required format.  The format is "#rrggbb" where rr, gg, bb are two-digit hexadecimal numbers.
2022-05-20 03:18:47 INFO  Logs:12 - ============Finished:Test============
2022-05-20 03:20:37 INFO  Logs:12 - ============Started:Test============
2022-05-20 03:20:43 INFO  Logs:12 - verifyAddUser has passed
2022-05-20 03:22:18 INFO  Logs:12 - verifyAddUser has passed
2022-05-20 03:22:18 INFO  Logs:12 - 
2022-05-20 03:22:23 INFO  Logs:12 - VerifyRemoveUser has passed
2022-05-20 03:24:02 FATAL Logs:22 - Failed, Exception: [org.testng.Assert.fail(Assert.java:99), org.testng.Assert.failNotEquals(Assert.java:1037), org.testng.Assert.assertFalse(Assert.java:67), org.testng.Assert.assertFalse(Assert.java:77), resman.qa.TestCases.removeUser.VerifyRemoveUser(removeUser.java:63), java.base/jdk.internal.reflect.NativeMethodAccessorImpl.invoke0(Native Method), java.base/jdk.internal.reflect.NativeMethodAccessorImpl.invoke(NativeMethodAccessorImpl.java:77), java.base/jdk.internal.reflect.DelegatingMethodAccessorImpl.invoke(DelegatingMethodAccessorImpl.java:43), java.base/java.lang.reflect.Method.invoke(Method.java:568), org.testng.internal.MethodInvocationHelper.invokeMethod(MethodInvocationHelper.java:133), org.testng.internal.TestInvoker.invokeMethod(TestInvoker.java:598), org.testng.internal.TestInvoker.invokeTestMethod(TestInvoker.java:173), org.testng.internal.MethodRunner.runInSequence(MethodRunner.java:46), org.testng.internal.TestInvoker$MethodInvocationAgent.invoke(TestInvoker.java:824), org.testng.internal.TestInvoker.invokeTestMethods(TestInvoker.java:146), org.testng.internal.TestMethodWorker.invokeTestMethods(TestMethodWorker.java:146), org.testng.internal.TestMethodWorker.run(TestMethodWorker.java:128), java.base/java.util.ArrayList.forEach(ArrayList.java:1511), org.testng.TestRunner.privateRun(TestRunner.java:794), org.testng.TestRunner.run(TestRunner.java:596), org.testng.SuiteRunner.runTest(SuiteRunner.java:377), org.testng.SuiteRunner.runSequentially(SuiteRunner.java:371), org.testng.SuiteRunner.privateRun(SuiteRunner.java:332), org.testng.SuiteRunner.run(SuiteRunner.java:276), org.testng.SuiteRunnerWorker.runSuite(SuiteRunnerWorker.java:53), org.testng.SuiteRunnerWorker.run(SuiteRunnerWorker.java:96), org.testng.TestNG.runSuitesSequentially(TestNG.java:1212), org.testng.TestNG.runSuitesLocally(TestNG.java:1134), org.testng.TestNG.runSuites(TestNG.java:1063), org.testng.TestNG.run(TestNG.java:1031), org.testng.remote.AbstractRemoteTestNG.run(AbstractRemoteTestNG.java:115), org.testng.remote.RemoteTestNG.initAndRun(RemoteTestNG.java:251), org.testng.remote.RemoteTestNG.main(RemoteTestNG.java:77)]
2022-05-20 03:24:02 FATAL Logs:22 - Console: https://regression.myresman.com/Scripts/jquery-1.7.1.min.js?v=637885048427966450 5 The specified value "!" does not conform to the required format.  The format is "#rrggbb" where rr, gg, bb are two-digit hexadecimal numbers.
2022-05-20 03:24:17 INFO  Logs:12 - ============Finished:Test============
2022-05-20 10:05:26 INFO  Logs:12 - ============Started:Test============
2022-05-20 10:05:35 INFO  Logs:12 - verifyAddUser has passed
2022-05-20 10:07:23 INFO  Logs:12 - verifyAddUser has passed
2022-05-20 10:07:23 INFO  Logs:12 - 
2022-05-20 10:07:28 INFO  Logs:12 - VerifyRemoveUser has passed
2022-05-20 10:09:21 FATAL Logs:22 - Failed, Exception: [org.testng.Assert.fail(Assert.java:99), org.testng.Assert.failNotEquals(Assert.java:1037), org.testng.Assert.assertFalse(Assert.java:67), org.testng.Assert.assertFalse(Assert.java:77), resman.qa.TestCases.removeUser.VerifyRemoveUser(removeUser.java:63), java.base/jdk.internal.reflect.NativeMethodAccessorImpl.invoke0(Native Method), java.base/jdk.internal.reflect.NativeMethodAccessorImpl.invoke(NativeMethodAccessorImpl.java:77), java.base/jdk.internal.reflect.DelegatingMethodAccessorImpl.invoke(DelegatingMethodAccessorImpl.java:43), java.base/java.lang.reflect.Method.invoke(Method.java:568), org.testng.internal.MethodInvocationHelper.invokeMethod(MethodInvocationHelper.java:133), org.testng.internal.TestInvoker.invokeMethod(TestInvoker.java:598), org.testng.internal.TestInvoker.invokeTestMethod(TestInvoker.java:173), org.testng.internal.MethodRunner.runInSequence(MethodRunner.java:46), org.testng.internal.TestInvoker$MethodInvocationAgent.invoke(TestInvoker.java:824), org.testng.internal.TestInvoker.invokeTestMethods(TestInvoker.java:146), org.testng.internal.TestMethodWorker.invokeTestMethods(TestMethodWorker.java:146), org.testng.internal.TestMethodWorker.run(TestMethodWorker.java:128), java.base/java.util.ArrayList.forEach(ArrayList.java:1511), org.testng.TestRunner.privateRun(TestRunner.java:794), org.testng.TestRunner.run(TestRunner.java:596), org.testng.SuiteRunner.runTest(SuiteRunner.java:377), org.testng.SuiteRunner.runSequentially(SuiteRunner.java:371), org.testng.SuiteRunner.privateRun(SuiteRunner.java:332), org.testng.SuiteRunner.run(SuiteRunner.java:276), org.testng.SuiteRunnerWorker.runSuite(SuiteRunnerWorker.java:53), org.testng.SuiteRunnerWorker.run(SuiteRunnerWorker.java:96), org.testng.TestNG.runSuitesSequentially(TestNG.java:1212), org.testng.TestNG.runSuitesLocally(TestNG.java:1134), org.testng.TestNG.runSuites(TestNG.java:1063), org.testng.TestNG.run(TestNG.java:1031), org.testng.remote.AbstractRemoteTestNG.run(AbstractRemoteTestNG.java:115), org.testng.remote.RemoteTestNG.initAndRun(RemoteTestNG.java:251), org.testng.remote.RemoteTestNG.main(RemoteTestNG.java:77)]
2022-05-20 10:09:21 FATAL Logs:22 - Console: https://regression.myresman.com/Scripts/jquery-1.7.1.min.js?v=637885048427966450 5 The specified value "!" does not conform to the required format.  The format is "#rrggbb" where rr, gg, bb are two-digit hexadecimal numbers.
2022-05-20 10:09:32 INFO  Logs:12 - ============Finished:Test============
2022-05-20 10:13:39 INFO  Logs:12 - ============Started:Test============
2022-05-20 10:13:46 INFO  Logs:12 - verifyAddUser has passed
2022-05-20 10:15:01 FATAL Logs:22 - Failed, Exception: [org.testng.Assert.fail(Assert.java:99), org.testng.Assert.failNotEquals(Assert.java:1037), org.testng.Assert.assertTrue(Assert.java:45), org.testng.Assert.assertTrue(Assert.java:55), resman.qa.TestCases.addUser.verifyAddUser(addUser.java:42), java.base/jdk.internal.reflect.NativeMethodAccessorImpl.invoke0(Native Method), java.base/jdk.internal.reflect.NativeMethodAccessorImpl.invoke(NativeMethodAccessorImpl.java:77), java.base/jdk.internal.reflect.DelegatingMethodAccessorImpl.invoke(DelegatingMethodAccessorImpl.java:43), java.base/java.lang.reflect.Method.invoke(Method.java:568), org.testng.internal.MethodInvocationHelper.invokeMethod(MethodInvocationHelper.java:133), org.testng.internal.TestInvoker.invokeMethod(TestInvoker.java:598), org.testng.internal.TestInvoker.invokeTestMethod(TestInvoker.java:173), org.testng.internal.MethodRunner.runInSequence(MethodRunner.java:46), org.testng.internal.TestInvoker$MethodInvocationAgent.invoke(TestInvoker.java:824), org.testng.internal.TestInvoker.invokeTestMethods(TestInvoker.java:146), org.testng.internal.TestMethodWorker.invokeTestMethods(TestMethodWorker.java:146), org.testng.internal.TestMethodWorker.run(TestMethodWorker.java:128), java.base/java.util.ArrayList.forEach(ArrayList.java:1511), org.testng.TestRunner.privateRun(TestRunner.java:794), org.testng.TestRunner.run(TestRunner.java:596), org.testng.SuiteRunner.runTest(SuiteRunner.java:377), org.testng.SuiteRunner.runSequentially(SuiteRunner.java:371), org.testng.SuiteRunner.privateRun(SuiteRunner.java:332), org.testng.SuiteRunner.run(SuiteRunner.java:276), org.testng.SuiteRunnerWorker.runSuite(SuiteRunnerWorker.java:53), org.testng.SuiteRunnerWorker.run(SuiteRunnerWorker.java:96), org.testng.TestNG.runSuitesSequentially(TestNG.java:1212), org.testng.TestNG.runSuitesLocally(TestNG.java:1134), org.testng.TestNG.runSuites(TestNG.java:1063), org.testng.TestNG.run(TestNG.java:1031), org.testng.remote.AbstractRemoteTestNG.run(AbstractRemoteTestNG.java:115), org.testng.remote.RemoteTestNG.initAndRun(RemoteTestNG.java:251), org.testng.remote.RemoteTestNG.main(RemoteTestNG.java:77)]
2022-05-20 10:15:01 FATAL Logs:22 - Console: https://regression.myresman.com/Scripts/jquery-1.7.1.min.js?v=637885048427966450 5 The specified value "!" does not conform to the required format.  The format is "#rrggbb" where rr, gg, bb are two-digit hexadecimal numbers.
2022-05-20 10:15:06 INFO  Logs:12 - VerifyRemoveUser has passed
2022-05-20 10:16:21 INFO  Logs:12 - ============Started:Test============
2022-05-20 10:16:28 INFO  Logs:12 - verifyAddUser has passed
2022-05-20 10:18:15 INFO  Logs:12 - verifyAddUser has passed
2022-05-20 10:18:15 INFO  Logs:12 - 
2022-05-20 10:18:20 INFO  Logs:12 - VerifyRemoveUser has passed
2022-05-20 10:20:25 FATAL Logs:22 - Failed, Exception: [org.testng.Assert.fail(Assert.java:99), org.testng.Assert.failNotEquals(Assert.java:1037), org.testng.Assert.assertFalse(Assert.java:67), org.testng.Assert.assertFalse(Assert.java:77), resman.qa.TestCases.removeUser.VerifyRemoveUser(removeUser.java:63), java.base/jdk.internal.reflect.NativeMethodAccessorImpl.invoke0(Native Method), java.base/jdk.internal.reflect.NativeMethodAccessorImpl.invoke(NativeMethodAccessorImpl.java:77), java.base/jdk.internal.reflect.DelegatingMethodAccessorImpl.invoke(DelegatingMethodAccessorImpl.java:43), java.base/java.lang.reflect.Method.invoke(Method.java:568), org.testng.internal.MethodInvocationHelper.invokeMethod(MethodInvocationHelper.java:133), org.testng.internal.TestInvoker.invokeMethod(TestInvoker.java:598), org.testng.internal.TestInvoker.invokeTestMethod(TestInvoker.java:173), org.testng.internal.MethodRunner.runInSequence(MethodRunner.java:46), org.testng.internal.TestInvoker$MethodInvocationAgent.invoke(TestInvoker.java:824), org.testng.internal.TestInvoker.invokeTestMethods(TestInvoker.java:146), org.testng.internal.TestMethodWorker.invokeTestMethods(TestMethodWorker.java:146), org.testng.internal.TestMethodWorker.run(TestMethodWorker.java:128), java.base/java.util.ArrayList.forEach(ArrayList.java:1511), org.testng.TestRunner.privateRun(TestRunner.java:794), org.testng.TestRunner.run(TestRunner.java:596), org.testng.SuiteRunner.runTest(SuiteRunner.java:377), org.testng.SuiteRunner.runSequentially(SuiteRunner.java:371), org.testng.SuiteRunner.privateRun(SuiteRunner.java:332), org.testng.SuiteRunner.run(SuiteRunner.java:276), org.testng.SuiteRunnerWorker.runSuite(SuiteRunnerWorker.java:53), org.testng.SuiteRunnerWorker.run(SuiteRunnerWorker.java:96), org.testng.TestNG.runSuitesSequentially(TestNG.java:1212), org.testng.TestNG.runSuitesLocally(TestNG.java:1134), org.testng.TestNG.runSuites(TestNG.java:1063), org.testng.TestNG.run(TestNG.java:1031), org.testng.remote.AbstractRemoteTestNG.run(AbstractRemoteTestNG.java:115), org.testng.remote.RemoteTestNG.initAndRun(RemoteTestNG.java:251), org.testng.remote.RemoteTestNG.main(RemoteTestNG.java:77)]
2022-05-20 10:20:25 FATAL Logs:22 - Console: https://regression.myresman.com/Scripts/jquery-1.7.1.min.js?v=637885048427966450 5 The specified value "!" does not conform to the required format.  The format is "#rrggbb" where rr, gg, bb are two-digit hexadecimal numbers.
2022-05-20 10:20:35 INFO  Logs:12 - ============Finished:Test============
2022-05-20 10:31:33 INFO  Logs:12 - ============Started:Test============
2022-05-20 10:31:41 INFO  Logs:12 - verifyAddUser has passed
2022-05-20 10:33:22 INFO  Logs:12 - verifyAddUser has passed
2022-05-20 10:33:22 INFO  Logs:12 - 
2022-05-20 10:33:27 INFO  Logs:12 - VerifyRemoveUser has passed
2022-05-20 10:41:16 INFO  Logs:12 - ============Started:Test============
2022-05-20 10:41:25 INFO  Logs:12 - verifyAddUser has passed
2022-05-20 10:42:49 INFO  Logs:12 - verifyAddUser has passed
2022-05-20 10:42:49 INFO  Logs:12 - 
2022-05-20 10:42:54 INFO  Logs:12 - VerifyRemoveUser has passed
2022-05-20 14:04:48 INFO  Logs:12 - ============Started:Test============
2022-05-20 14:04:54 INFO  Logs:12 - verifyAddUser has passed
2022-05-20 14:06:13 INFO  Logs:12 - verifyAddUser has passed
2022-05-20 14:06:13 INFO  Logs:12 - 
2022-05-20 14:06:19 INFO  Logs:12 - VerifyRemoveUser has passed
2022-05-20 14:07:40 INFO  Logs:12 - VerifyRemoveUser has passed
2022-05-20 14:07:40 INFO  Logs:12 - 
2022-05-20 14:07:55 INFO  Logs:12 - ============Finished:Test============
2022-05-20 14:09:29 INFO  Logs:12 - ============Started:Test============
2022-05-20 14:09:34 INFO  Logs:12 - VerifyRemoveUser has passed
2022-05-20 14:11:08 INFO  Logs:12 - VerifyRemoveUser has passed
2022-05-20 14:11:08 INFO  Logs:12 - 
2022-05-20 14:11:17 INFO  Logs:12 - ============Finished:Test============
2022-05-20 14:14:55 INFO  Logs:12 - ============Started:Test============
2022-05-20 14:15:01 INFO  Logs:12 - VerifyRemoveUser has passed
2022-05-20 14:16:20 INFO  Logs:12 - VerifyRemoveUser has passed
2022-05-20 14:16:20 INFO  Logs:12 - 
2022-05-20 14:16:30 INFO  Logs:12 - ============Finished:Test============
2022-05-20 14:27:04 INFO  Logs:12 - ============Started:Test============
2022-05-20 14:27:10 INFO  Logs:12 - VerifyRemoveUser has passed
2022-05-20 14:28:47 INFO  Logs:12 - VerifyRemoveUser has passed
2022-05-20 14:28:47 INFO  Logs:12 - 
2022-05-20 14:28:57 INFO  Logs:12 - ============Finished:Test============
2022-05-20 14:29:21 INFO  Logs:12 - ============Started:Test============
2022-05-20 14:29:27 INFO  Logs:12 - verifyAddUser has passed
2022-05-20 14:30:46 INFO  Logs:12 - verifyAddUser has passed
2022-05-20 14:30:46 INFO  Logs:12 - 
2022-05-20 14:30:51 INFO  Logs:12 - VerifyRemoveUser has passed
2022-05-20 14:32:27 INFO  Logs:12 - VerifyRemoveUser has passed
2022-05-20 14:32:27 INFO  Logs:12 - 
2022-05-20 14:32:41 INFO  Logs:12 - ============Finished:Test============
2022-05-20 17:30:43 INFO  Logs:12 - ============Started:Test============
2022-05-20 17:30:53 INFO  Logs:12 - verifyAddUser has passed
2022-05-20 17:32:08 INFO  Logs:12 - verifyAddUser has passed
2022-05-20 17:32:08 INFO  Logs:12 - 
2022-05-20 17:32:13 INFO  Logs:12 - VerifyRemoveUser has passed
2022-05-20 17:34:01 INFO  Logs:12 - VerifyRemoveUser has passed
2022-05-20 17:34:01 INFO  Logs:12 - 
2022-05-20 17:34:13 INFO  Logs:12 - ============Finished:Test============
2022-05-20 17:39:39 INFO  Logs:12 - ============Started:Test============
2022-05-20 17:39:46 INFO  Logs:12 - verifyAddUser has passed
2022-05-20 17:41:18 FATAL Logs:22 - Failed, Exception: [org.testng.Assert.fail(Assert.java:99), org.testng.Assert.failNotEquals(Assert.java:1037), org.testng.Assert.assertTrue(Assert.java:45), org.testng.Assert.assertTrue(Assert.java:55), resman.qa.TestCases.addUser.verifyAddUser(addUser.java:62), java.base/jdk.internal.reflect.NativeMethodAccessorImpl.invoke0(Native Method), java.base/jdk.internal.reflect.NativeMethodAccessorImpl.invoke(NativeMethodAccessorImpl.java:77), java.base/jdk.internal.reflect.DelegatingMethodAccessorImpl.invoke(DelegatingMethodAccessorImpl.java:43), java.base/java.lang.reflect.Method.invoke(Method.java:568), org.testng.internal.MethodInvocationHelper.invokeMethod(MethodInvocationHelper.java:133), org.testng.internal.TestInvoker.invokeMethod(TestInvoker.java:598), org.testng.internal.TestInvoker.invokeTestMethod(TestInvoker.java:173), org.testng.internal.MethodRunner.runInSequence(MethodRunner.java:46), org.testng.internal.TestInvoker$MethodInvocationAgent.invoke(TestInvoker.java:824), org.testng.internal.TestInvoker.invokeTestMethods(TestInvoker.java:146), org.testng.internal.TestMethodWorker.invokeTestMethods(TestMethodWorker.java:146), org.testng.internal.TestMethodWorker.run(TestMethodWorker.java:128), java.base/java.util.ArrayList.forEach(ArrayList.java:1511), org.testng.TestRunner.privateRun(TestRunner.java:794), org.testng.TestRunner.run(TestRunner.java:596), org.testng.SuiteRunner.runTest(SuiteRunner.java:377), org.testng.SuiteRunner.runSequentially(SuiteRunner.java:371), org.testng.SuiteRunner.privateRun(SuiteRunner.java:332), org.testng.SuiteRunner.run(SuiteRunner.java:276), org.testng.SuiteRunnerWorker.runSuite(SuiteRunnerWorker.java:53), org.testng.SuiteRunnerWorker.run(SuiteRunnerWorker.java:96), org.testng.TestNG.runSuitesSequentially(TestNG.java:1212), org.testng.TestNG.runSuitesLocally(TestNG.java:1134), org.testng.TestNG.runSuites(TestNG.java:1063), org.testng.TestNG.run(TestNG.java:1031), org.testng.remote.AbstractRemoteTestNG.run(AbstractRemoteTestNG.java:115), org.testng.remote.RemoteTestNG.initAndRun(RemoteTestNG.java:251), org.testng.remote.RemoteTestNG.main(RemoteTestNG.java:77)]
2022-05-20 17:41:18 FATAL Logs:22 - Console: https://regression.myresman.com/Property/AddAccess/3246053b-c13d-483e-8bd3-2975ca030dfa - Failed to load resource: the server responded with a status of 500 ()
2022-05-20 17:41:29 INFO  Logs:12 - ============Finished:Test============
2022-05-21 19:17:20 INFO  Logs:12 - ============Started:Test============
2022-05-21 19:17:27 INFO  Logs:12 - verifyAddUser has passed
2022-05-21 19:17:38 INFO  Logs:12 - ============Finished:Test============
2022-05-21 19:18:45 INFO  Logs:12 - ============Started:Test============
2022-05-21 19:18:53 INFO  Logs:12 - verifyAddUser has passed
2022-05-21 19:18:59 FATAL Logs:22 - Failed, Exception: [java.base/jdk.internal.reflect.NativeConstructorAccessorImpl.newInstance0(Native Method), java.base/jdk.internal.reflect.NativeConstructorAccessorImpl.newInstance(NativeConstructorAccessorImpl.java:77), java.base/jdk.internal.reflect.DelegatingConstructorAccessorImpl.newInstance(DelegatingConstructorAccessorImpl.java:45), java.base/java.lang.reflect.Constructor.newInstanceWithCaller(Constructor.java:499), java.base/java.lang.reflect.Constructor.newInstance(Constructor.java:480), org.openqa.selenium.remote.codec.w3c.W3CHttpResponseCodec.createException(W3CHttpResponseCodec.java:200), org.openqa.selenium.remote.codec.w3c.W3CHttpResponseCodec.decode(W3CHttpResponseCodec.java:133), org.openqa.selenium.remote.codec.w3c.W3CHttpResponseCodec.decode(W3CHttpResponseCodec.java:53), org.openqa.selenium.remote.HttpCommandExecutor.execute(HttpCommandExecutor.java:184), org.openqa.selenium.remote.service.DriverCommandExecutor.invokeExecute(DriverCommandExecutor.java:167), org.openqa.selenium.remote.service.DriverCommandExecutor.execute(DriverCommandExecutor.java:142), org.openqa.selenium.remote.RemoteWebDriver.execute(RemoteWebDriver.java:567), org.openqa.selenium.remote.ElementLocation$ElementFinder$2.findElement(ElementLocation.java:162), org.openqa.selenium.remote.ElementLocation.findElement(ElementLocation.java:60), org.openqa.selenium.remote.RemoteWebDriver.findElement(RemoteWebDriver.java:385), org.openqa.selenium.remote.RemoteWebDriver.findElement(RemoteWebDriver.java:377), resman.pageData.resmanaddUser.closeAdvisior(resmanaddUser.java:32), resman.qa.TestCases.addUser.VerifyUsersPage(addUser.java:95), resman.qa.TestCases.addUser.verifyAddUser(addUser.java:31), java.base/jdk.internal.reflect.NativeMethodAccessorImpl.invoke0(Native Method), java.base/jdk.internal.reflect.NativeMethodAccessorImpl.invoke(NativeMethodAccessorImpl.java:77), java.base/jdk.internal.reflect.DelegatingMethodAccessorImpl.invoke(DelegatingMethodAccessorImpl.java:43), java.base/java.lang.reflect.Method.invoke(Method.java:568), org.testng.internal.MethodInvocationHelper.invokeMethod(MethodInvocationHelper.java:133), org.testng.internal.TestInvoker.invokeMethod(TestInvoker.java:598), org.testng.internal.TestInvoker.invokeTestMethod(TestInvoker.java:173), org.testng.internal.MethodRunner.runInSequence(MethodRunner.java:46), org.testng.internal.TestInvoker$MethodInvocationAgent.invoke(TestInvoker.java:824), org.testng.internal.TestInvoker.invokeTestMethods(TestInvoker.java:146), org.testng.internal.TestMethodWorker.invokeTestMethods(TestMethodWorker.java:146), org.testng.internal.TestMethodWorker.run(TestMethodWorker.java:128), java.base/java.util.ArrayList.forEach(ArrayList.java:1511), org.testng.TestRunner.privateRun(TestRunner.java:794), org.testng.TestRunner.run(TestRunner.java:596), org.testng.SuiteRunner.runTest(SuiteRunner.java:377), org.testng.SuiteRunner.runSequentially(SuiteRunner.java:371), org.testng.SuiteRunner.privateRun(SuiteRunner.java:332), org.testng.SuiteRunner.run(SuiteRunner.java:276), org.testng.SuiteRunnerWorker.runSuite(SuiteRunnerWorker.java:53), org.testng.SuiteRunnerWorker.run(SuiteRunnerWorker.java:96), org.testng.TestNG.runSuitesSequentially(TestNG.java:1212), org.testng.TestNG.runSuitesLocally(TestNG.java:1134), org.testng.TestNG.runSuites(TestNG.java:1063), org.testng.TestNG.run(TestNG.java:1031), org.testng.remote.AbstractRemoteTestNG.run(AbstractRemoteTestNG.java:115), org.testng.remote.RemoteTestNG.initAndRun(RemoteTestNG.java:251), org.testng.remote.RemoteTestNG.main(RemoteTestNG.java:77)]
2022-05-21 19:18:59 FATAL Logs:22 - Console: null
2022-05-21 19:19:06 INFO  Logs:12 - ============Finished:Test============
2022-05-31 23:42:46 INFO  Logs:12 - ============Started:Test============
2022-05-31 23:43:08 INFO  Logs:12 - verifyAddUser has passed
2022-05-31 23:43:48 INFO  Logs:12 - ============Started:Test============
2022-05-31 23:43:56 INFO  Logs:12 - verifyAddUser has passed
2022-05-31 23:44:27 INFO  Logs:12 - ============Started:Test============
2022-05-31 23:44:35 INFO  Logs:12 - verifyAddUser has passed
2022-05-31 23:44:42 FATAL Logs:22 - Failed, Exception: [java.base/jdk.internal.reflect.NativeConstructorAccessorImpl.newInstance0(Native Method), java.base/jdk.internal.reflect.NativeConstructorAccessorImpl.newInstance(NativeConstructorAccessorImpl.java:77), java.base/jdk.internal.reflect.DelegatingConstructorAccessorImpl.newInstance(DelegatingConstructorAccessorImpl.java:45), java.base/java.lang.reflect.Constructor.newInstanceWithCaller(Constructor.java:499), java.base/java.lang.reflect.Constructor.newInstance(Constructor.java:480), org.openqa.selenium.remote.codec.w3c.W3CHttpResponseCodec.createException(W3CHttpResponseCodec.java:200), org.openqa.selenium.remote.codec.w3c.W3CHttpResponseCodec.decode(W3CHttpResponseCodec.java:133), org.openqa.selenium.remote.codec.w3c.W3CHttpResponseCodec.decode(W3CHttpResponseCodec.java:53), org.openqa.selenium.remote.HttpCommandExecutor.execute(HttpCommandExecutor.java:184), org.openqa.selenium.remote.service.DriverCommandExecutor.invokeExecute(DriverCommandExecutor.java:167), org.openqa.selenium.remote.service.DriverCommandExecutor.execute(DriverCommandExecutor.java:142), org.openqa.selenium.remote.RemoteWebDriver.execute(RemoteWebDriver.java:567), org.openqa.selenium.remote.ElementLocation$ElementFinder$2.findElement(ElementLocation.java:162), org.openqa.selenium.remote.ElementLocation.findElement(ElementLocation.java:60), org.openqa.selenium.remote.RemoteWebDriver.findElement(RemoteWebDriver.java:385), org.openqa.selenium.remote.RemoteWebDriver.findElement(RemoteWebDriver.java:377), resman.pageData.resmanaddUser.closeAdvisior(resmanaddUser.java:32), resman.qa.TestCases.addUser.VerifyUsersPage(addUser.java:95), resman.qa.TestCases.addUser.verifyAddUser(addUser.java:31), java.base/jdk.internal.reflect.NativeMethodAccessorImpl.invoke0(Native Method), java.base/jdk.internal.reflect.NativeMethodAccessorImpl.invoke(NativeMethodAccessorImpl.java:77), java.base/jdk.internal.reflect.DelegatingMethodAccessorImpl.invoke(DelegatingMethodAccessorImpl.java:43), java.base/java.lang.reflect.Method.invoke(Method.java:568), org.testng.internal.MethodInvocationHelper.invokeMethod(MethodInvocationHelper.java:133), org.testng.internal.TestInvoker.invokeMethod(TestInvoker.java:598), org.testng.internal.TestInvoker.invokeTestMethod(TestInvoker.java:173), org.testng.internal.MethodRunner.runInSequence(MethodRunner.java:46), org.testng.internal.TestInvoker$MethodInvocationAgent.invoke(TestInvoker.java:824), org.testng.internal.TestInvoker.invokeTestMethods(TestInvoker.java:146), org.testng.internal.TestMethodWorker.invokeTestMethods(TestMethodWorker.java:146), org.testng.internal.TestMethodWorker.run(TestMethodWorker.java:128), java.base/java.util.ArrayList.forEach(ArrayList.java:1511), org.testng.TestRunner.privateRun(TestRunner.java:794), org.testng.TestRunner.run(TestRunner.java:596), org.testng.SuiteRunner.runTest(SuiteRunner.java:377), org.testng.SuiteRunner.runSequentially(SuiteRunner.java:371), org.testng.SuiteRunner.privateRun(SuiteRunner.java:332), org.testng.SuiteRunner.run(SuiteRunner.java:276), org.testng.SuiteRunnerWorker.runSuite(SuiteRunnerWorker.java:53), org.testng.SuiteRunnerWorker.run(SuiteRunnerWorker.java:96), org.testng.TestNG.runSuitesSequentially(TestNG.java:1212), org.testng.TestNG.runSuitesLocally(TestNG.java:1134), org.testng.TestNG.runSuites(TestNG.java:1063), org.testng.TestNG.run(TestNG.java:1031), org.testng.remote.AbstractRemoteTestNG.run(AbstractRemoteTestNG.java:115), org.testng.remote.RemoteTestNG.initAndRun(RemoteTestNG.java:251), org.testng.remote.RemoteTestNG.main(RemoteTestNG.java:77)]
2022-05-31 23:44:42 FATAL Logs:22 - Console: null
2022-05-31 23:45:47 INFO  Logs:12 - ============Started:Test============
2022-05-31 23:45:54 INFO  Logs:12 - verifyAddUser has passed
2022-05-31 23:46:35 FATAL Logs:22 - Failed, Exception: [org.testng.Assert.fail(Assert.java:99), org.testng.Assert.failNotEquals(Assert.java:1037), org.testng.Assert.assertFalse(Assert.java:67), org.testng.Assert.assertFalse(Assert.java:77), resman.qa.TestCases.addUser.VerifyUsersPage(addUser.java:132), resman.qa.TestCases.addUser.verifyAddUser(addUser.java:31), java.base/jdk.internal.reflect.NativeMethodAccessorImpl.invoke0(Native Method), java.base/jdk.internal.reflect.NativeMethodAccessorImpl.invoke(NativeMethodAccessorImpl.java:77), java.base/jdk.internal.reflect.DelegatingMethodAccessorImpl.invoke(DelegatingMethodAccessorImpl.java:43), java.base/java.lang.reflect.Method.invoke(Method.java:568), org.testng.internal.MethodInvocationHelper.invokeMethod(MethodInvocationHelper.java:133), org.testng.internal.TestInvoker.invokeMethod(TestInvoker.java:598), org.testng.internal.TestInvoker.invokeTestMethod(TestInvoker.java:173), org.testng.internal.MethodRunner.runInSequence(MethodRunner.java:46), org.testng.internal.TestInvoker$MethodInvocationAgent.invoke(TestInvoker.java:824), org.testng.internal.TestInvoker.invokeTestMethods(TestInvoker.java:146), org.testng.internal.TestMethodWorker.invokeTestMethods(TestMethodWorker.java:146), org.testng.internal.TestMethodWorker.run(TestMethodWorker.java:128), java.base/java.util.ArrayList.forEach(ArrayList.java:1511), org.testng.TestRunner.privateRun(TestRunner.java:794), org.testng.TestRunner.run(TestRunner.java:596), org.testng.SuiteRunner.runTest(SuiteRunner.java:377), org.testng.SuiteRunner.runSequentially(SuiteRunner.java:371), org.testng.SuiteRunner.privateRun(SuiteRunner.java:332), org.testng.SuiteRunner.run(SuiteRunner.java:276), org.testng.SuiteRunnerWorker.runSuite(SuiteRunnerWorker.java:53), org.testng.SuiteRunnerWorker.run(SuiteRunnerWorker.java:96), org.testng.TestNG.runSuitesSequentially(TestNG.java:1212), org.testng.TestNG.runSuitesLocally(TestNG.java:1134), org.testng.TestNG.runSuites(TestNG.java:1063), org.testng.TestNG.run(TestNG.java:1031), org.testng.remote.AbstractRemoteTestNG.run(AbstractRemoteTestNG.java:115), org.testng.remote.RemoteTestNG.initAndRun(RemoteTestNG.java:251), org.testng.remote.RemoteTestNG.main(RemoteTestNG.java:77)]
2022-05-31 23:46:35 FATAL Logs:22 - Console: https://regression.myresman.com/Scripts/jquery-1.7.1.min.js?v=637892677200000000 5 The specified value "!" does not conform to the required format.  The format is "#rrggbb" where rr, gg, bb are two-digit hexadecimal numbers.
2022-05-31 23:46:42 INFO  Logs:12 - VerifyRemoveUser has passed
2022-05-31 23:50:49 INFO  Logs:12 - ============Started:Test============
2022-05-31 23:50:57 INFO  Logs:12 - verifyAddUser has passed
2022-05-31 23:52:01 INFO  Logs:12 - verifyAddUser has passed
2022-05-31 23:52:01 INFO  Logs:12 - 
2022-05-31 23:52:08 INFO  Logs:12 - VerifyRemoveUser has passed
2022-05-31 23:52:50 FATAL Logs:22 - Failed, Exception: [java.base/jdk.internal.reflect.NativeConstructorAccessorImpl.newInstance0(Native Method), java.base/jdk.internal.reflect.NativeConstructorAccessorImpl.newInstance(NativeConstructorAccessorImpl.java:77), java.base/jdk.internal.reflect.DelegatingConstructorAccessorImpl.newInstance(DelegatingConstructorAccessorImpl.java:45), java.base/java.lang.reflect.Constructor.newInstanceWithCaller(Constructor.java:499), java.base/java.lang.reflect.Constructor.newInstance(Constructor.java:480), org.openqa.selenium.remote.codec.w3c.W3CHttpResponseCodec.createException(W3CHttpResponseCodec.java:200), org.openqa.selenium.remote.codec.w3c.W3CHttpResponseCodec.decode(W3CHttpResponseCodec.java:133), org.openqa.selenium.remote.codec.w3c.W3CHttpResponseCodec.decode(W3CHttpResponseCodec.java:53), org.openqa.selenium.remote.HttpCommandExecutor.execute(HttpCommandExecutor.java:184), org.openqa.selenium.remote.service.DriverCommandExecutor.invokeExecute(DriverCommandExecutor.java:167), org.openqa.selenium.remote.service.DriverCommandExecutor.execute(DriverCommandExecutor.java:142), org.openqa.selenium.remote.RemoteWebDriver.execute(RemoteWebDriver.java:567), org.openqa.selenium.remote.ElementLocation$ElementFinder$2.findElement(ElementLocation.java:162), org.openqa.selenium.remote.ElementLocation.findElement(ElementLocation.java:60), org.openqa.selenium.remote.RemoteWebDriver.findElement(RemoteWebDriver.java:385), org.openqa.selenium.remote.RemoteWebDriver.findElement(RemoteWebDriver.java:377), resman.qa.TestCases.addUser.VerifyUsersPage(addUser.java:120), resman.qa.TestCases.removeUser.VerifyRemoveUser(removeUser.java:27), java.base/jdk.internal.reflect.NativeMethodAccessorImpl.invoke0(Native Method), java.base/jdk.internal.reflect.NativeMethodAccessorImpl.invoke(NativeMethodAccessorImpl.java:77), java.base/jdk.internal.reflect.DelegatingMethodAccessorImpl.invoke(DelegatingMethodAccessorImpl.java:43), java.base/java.lang.reflect.Method.invoke(Method.java:568), org.testng.internal.MethodInvocationHelper.invokeMethod(MethodInvocationHelper.java:133), org.testng.internal.TestInvoker.invokeMethod(TestInvoker.java:598), org.testng.internal.TestInvoker.invokeTestMethod(TestInvoker.java:173), org.testng.internal.MethodRunner.runInSequence(MethodRunner.java:46), org.testng.internal.TestInvoker$MethodInvocationAgent.invoke(TestInvoker.java:824), org.testng.internal.TestInvoker.invokeTestMethods(TestInvoker.java:146), org.testng.internal.TestMethodWorker.invokeTestMethods(TestMethodWorker.java:146), org.testng.internal.TestMethodWorker.run(TestMethodWorker.java:128), java.base/java.util.ArrayList.forEach(ArrayList.java:1511), org.testng.TestRunner.privateRun(TestRunner.java:794), org.testng.TestRunner.run(TestRunner.java:596), org.testng.SuiteRunner.runTest(SuiteRunner.java:377), org.testng.SuiteRunner.runSequentially(SuiteRunner.java:371), org.testng.SuiteRunner.privateRun(SuiteRunner.java:332), org.testng.SuiteRunner.run(SuiteRunner.java:276), org.testng.SuiteRunnerWorker.runSuite(SuiteRunnerWorker.java:53), org.testng.SuiteRunnerWorker.run(SuiteRunnerWorker.java:96), org.testng.TestNG.runSuitesSequentially(TestNG.java:1212), org.testng.TestNG.runSuitesLocally(TestNG.java:1134), org.testng.TestNG.runSuites(TestNG.java:1063), org.testng.TestNG.run(TestNG.java:1031), org.testng.remote.AbstractRemoteTestNG.run(AbstractRemoteTestNG.java:115), org.testng.remote.RemoteTestNG.initAndRun(RemoteTestNG.java:251), org.testng.remote.RemoteTestNG.main(RemoteTestNG.java:77)]
2022-05-31 23:52:50 FATAL Logs:22 - Console: https://regression.myresman.com/Scripts/jquery-1.7.1.min.js?v=637892677200000000 5 The specified value "!" does not conform to the required format.  The format is "#rrggbb" where rr, gg, bb are two-digit hexadecimal numbers.
2022-05-31 23:53:01 INFO  Logs:12 - ============Finished:Test============
2022-05-31 23:55:51 INFO  Logs:12 - ============Started:Test============
2022-05-31 23:56:01 INFO  Logs:12 - VerifyRemoveUser has passed
2022-05-31 23:57:15 FATAL Logs:22 - Failed, Exception: [java.base/jdk.internal.reflect.NativeConstructorAccessorImpl.newInstance0(Native Method), java.base/jdk.internal.reflect.NativeConstructorAccessorImpl.newInstance(NativeConstructorAccessorImpl.java:77), java.base/jdk.internal.reflect.DelegatingConstructorAccessorImpl.newInstance(DelegatingConstructorAccessorImpl.java:45), java.base/java.lang.reflect.Constructor.newInstanceWithCaller(Constructor.java:499), java.base/java.lang.reflect.Constructor.newInstance(Constructor.java:480), org.openqa.selenium.remote.codec.w3c.W3CHttpResponseCodec.createException(W3CHttpResponseCodec.java:200), org.openqa.selenium.remote.codec.w3c.W3CHttpResponseCodec.decode(W3CHttpResponseCodec.java:133), org.openqa.selenium.remote.codec.w3c.W3CHttpResponseCodec.decode(W3CHttpResponseCodec.java:53), org.openqa.selenium.remote.HttpCommandExecutor.execute(HttpCommandExecutor.java:184), org.openqa.selenium.remote.service.DriverCommandExecutor.invokeExecute(DriverCommandExecutor.java:167), org.openqa.selenium.remote.service.DriverCommandExecutor.execute(DriverCommandExecutor.java:142), org.openqa.selenium.remote.RemoteWebDriver.execute(RemoteWebDriver.java:567), org.openqa.selenium.remote.RemoteWebElement.execute(RemoteWebElement.java:251), org.openqa.selenium.remote.RemoteWebElement.click(RemoteWebElement.java:77), resman.qa.TestCases.addUser.VerifyUsersPage(addUser.java:99), resman.qa.TestCases.removeUser.VerifyRemoveUser(removeUser.java:27), java.base/jdk.internal.reflect.NativeMethodAccessorImpl.invoke0(Native Method), java.base/jdk.internal.reflect.NativeMethodAccessorImpl.invoke(NativeMethodAccessorImpl.java:77), java.base/jdk.internal.reflect.DelegatingMethodAccessorImpl.invoke(DelegatingMethodAccessorImpl.java:43), java.base/java.lang.reflect.Method.invoke(Method.java:568), org.testng.internal.MethodInvocationHelper.invokeMethod(MethodInvocationHelper.java:133), org.testng.internal.TestInvoker.invokeMethod(TestInvoker.java:598), org.testng.internal.TestInvoker.invokeTestMethod(TestInvoker.java:173), org.testng.internal.MethodRunner.runInSequence(MethodRunner.java:46), org.testng.internal.TestInvoker$MethodInvocationAgent.invoke(TestInvoker.java:824), org.testng.internal.TestInvoker.invokeTestMethods(TestInvoker.java:146), org.testng.internal.TestMethodWorker.invokeTestMethods(TestMethodWorker.java:146), org.testng.internal.TestMethodWorker.run(TestMethodWorker.java:128), java.base/java.util.ArrayList.forEach(ArrayList.java:1511), org.testng.TestRunner.privateRun(TestRunner.java:794), org.testng.TestRunner.run(TestRunner.java:596), org.testng.SuiteRunner.runTest(SuiteRunner.java:377), org.testng.SuiteRunner.runSequentially(SuiteRunner.java:371), org.testng.SuiteRunner.privateRun(SuiteRunner.java:332), org.testng.SuiteRunner.run(SuiteRunner.java:276), org.testng.SuiteRunnerWorker.runSuite(SuiteRunnerWorker.java:53), org.testng.SuiteRunnerWorker.run(SuiteRunnerWorker.java:96), org.testng.TestNG.runSuitesSequentially(TestNG.java:1212), org.testng.TestNG.runSuitesLocally(TestNG.java:1134), org.testng.TestNG.runSuites(TestNG.java:1063), org.testng.TestNG.run(TestNG.java:1031), org.testng.remote.AbstractRemoteTestNG.run(AbstractRemoteTestNG.java:115), org.testng.remote.RemoteTestNG.initAndRun(RemoteTestNG.java:251), org.testng.remote.RemoteTestNG.main(RemoteTestNG.java:77)]
2022-05-31 23:57:15 FATAL Logs:22 - Console: https://regression.myresman.com/Scripts/Base.js?v=637892677160000000 1112:4 Uncaught ReferenceError: makeLinksDraggable is not defined
2022-05-31 23:57:21 INFO  Logs:12 - ============Finished:Test============
2022-05-31 23:57:33 INFO  Logs:12 - ============Started:Test============
2022-05-31 23:57:40 INFO  Logs:12 - VerifyRemoveUser has passed
2022-05-31 23:58:52 FATAL Logs:22 - Failed, Exception: [org.testng.Assert.fail(Assert.java:99), org.testng.Assert.failNotEquals(Assert.java:1037), org.testng.Assert.assertFalse(Assert.java:67), org.testng.Assert.assertFalse(Assert.java:77), resman.qa.TestCases.addUser.VerifyUsersPage(addUser.java:132), resman.qa.TestCases.removeUser.VerifyRemoveUser(removeUser.java:27), java.base/jdk.internal.reflect.NativeMethodAccessorImpl.invoke0(Native Method), java.base/jdk.internal.reflect.NativeMethodAccessorImpl.invoke(NativeMethodAccessorImpl.java:77), java.base/jdk.internal.reflect.DelegatingMethodAccessorImpl.invoke(DelegatingMethodAccessorImpl.java:43), java.base/java.lang.reflect.Method.invoke(Method.java:568), org.testng.internal.MethodInvocationHelper.invokeMethod(MethodInvocationHelper.java:133), org.testng.internal.TestInvoker.invokeMethod(TestInvoker.java:598), org.testng.internal.TestInvoker.invokeTestMethod(TestInvoker.java:173), org.testng.internal.MethodRunner.runInSequence(MethodRunner.java:46), org.testng.internal.TestInvoker$MethodInvocationAgent.invoke(TestInvoker.java:824), org.testng.internal.TestInvoker.invokeTestMethods(TestInvoker.java:146), org.testng.internal.TestMethodWorker.invokeTestMethods(TestMethodWorker.java:146), org.testng.internal.TestMethodWorker.run(TestMethodWorker.java:128), java.base/java.util.ArrayList.forEach(ArrayList.java:1511), org.testng.TestRunner.privateRun(TestRunner.java:794), org.testng.TestRunner.run(TestRunner.java:596), org.testng.SuiteRunner.runTest(SuiteRunner.java:377), org.testng.SuiteRunner.runSequentially(SuiteRunner.java:371), org.testng.SuiteRunner.privateRun(SuiteRunner.java:332), org.testng.SuiteRunner.run(SuiteRunner.java:276), org.testng.SuiteRunnerWorker.runSuite(SuiteRunnerWorker.java:53), org.testng.SuiteRunnerWorker.run(SuiteRunnerWorker.java:96), org.testng.TestNG.runSuitesSequentially(TestNG.java:1212), org.testng.TestNG.runSuitesLocally(TestNG.java:1134), org.testng.TestNG.runSuites(TestNG.java:1063), org.testng.TestNG.run(TestNG.java:1031), org.testng.remote.AbstractRemoteTestNG.run(AbstractRemoteTestNG.java:115), org.testng.remote.RemoteTestNG.initAndRun(RemoteTestNG.java:251), org.testng.remote.RemoteTestNG.main(RemoteTestNG.java:77)]
2022-05-31 23:58:52 FATAL Logs:22 - Console: https://regression.myresman.com/Scripts/jquery-1.7.1.min.js?v=637892677200000000 5 The specified value "!" does not conform to the required format.  The format is "#rrggbb" where rr, gg, bb are two-digit hexadecimal numbers.
2022-05-31 23:58:58 INFO  Logs:12 - ============Finished:Test============
2022-05-31 23:59:33 INFO  Logs:12 - ============Started:Test============
2022-05-31 23:59:43 INFO  Logs:12 - VerifyRemoveUser has passed
2022-06-01 00:01:25 INFO  Logs:12 - VerifyRemoveUser has passed
2022-06-01 00:01:25 INFO  Logs:12 - 
2022-06-01 00:01:31 INFO  Logs:12 - ============Finished:Test============
2022-06-01 00:03:36 INFO  Logs:12 - ============Started:Test============
2022-06-01 00:03:55 INFO  Logs:12 - verifyAddUser has passed
2022-06-01 00:10:44 INFO  Logs:12 - ============Started:Test============
2022-06-01 00:10:51 INFO  Logs:12 - verifyAddUser has passed
2022-06-01 00:12:35 FATAL Logs:22 - Failed, Exception: [java.base/jdk.internal.reflect.NativeConstructorAccessorImpl.newInstance0(Native Method), java.base/jdk.internal.reflect.NativeConstructorAccessorImpl.newInstance(NativeConstructorAccessorImpl.java:77), java.base/jdk.internal.reflect.DelegatingConstructorAccessorImpl.newInstance(DelegatingConstructorAccessorImpl.java:45), java.base/java.lang.reflect.Constructor.newInstanceWithCaller(Constructor.java:499), java.base/java.lang.reflect.Constructor.newInstance(Constructor.java:480), org.openqa.selenium.remote.codec.w3c.W3CHttpResponseCodec.createException(W3CHttpResponseCodec.java:200), org.openqa.selenium.remote.codec.w3c.W3CHttpResponseCodec.decode(W3CHttpResponseCodec.java:133), org.openqa.selenium.remote.codec.w3c.W3CHttpResponseCodec.decode(W3CHttpResponseCodec.java:53), org.openqa.selenium.remote.HttpCommandExecutor.execute(HttpCommandExecutor.java:184), org.openqa.selenium.remote.service.DriverCommandExecutor.invokeExecute(DriverCommandExecutor.java:167), org.openqa.selenium.remote.service.DriverCommandExecutor.execute(DriverCommandExecutor.java:142), org.openqa.selenium.remote.RemoteWebDriver.execute(RemoteWebDriver.java:567), org.openqa.selenium.remote.RemoteWebElement.execute(RemoteWebElement.java:251), org.openqa.selenium.remote.RemoteWebElement.click(RemoteWebElement.java:77), resman.qa.TestCases.addUser.VerifyUsersPage(addUser.java:99), resman.qa.TestCases.addUser.verifyAddUser(addUser.java:31), java.base/jdk.internal.reflect.NativeMethodAccessorImpl.invoke0(Native Method), java.base/jdk.internal.reflect.NativeMethodAccessorImpl.invoke(NativeMethodAccessorImpl.java:77), java.base/jdk.internal.reflect.DelegatingMethodAccessorImpl.invoke(DelegatingMethodAccessorImpl.java:43), java.base/java.lang.reflect.Method.invoke(Method.java:568), org.testng.internal.MethodInvocationHelper.invokeMethod(MethodInvocationHelper.java:133), org.testng.internal.TestInvoker.invokeMethod(TestInvoker.java:598), org.testng.internal.TestInvoker.invokeTestMethod(TestInvoker.java:173), org.testng.internal.MethodRunner.runInSequence(MethodRunner.java:46), org.testng.internal.TestInvoker$MethodInvocationAgent.invoke(TestInvoker.java:824), org.testng.internal.TestInvoker.invokeTestMethods(TestInvoker.java:146), org.testng.internal.TestMethodWorker.invokeTestMethods(TestMethodWorker.java:146), org.testng.internal.TestMethodWorker.run(TestMethodWorker.java:128), java.base/java.util.ArrayList.forEach(ArrayList.java:1511), org.testng.TestRunner.privateRun(TestRunner.java:794), org.testng.TestRunner.run(TestRunner.java:596), org.testng.SuiteRunner.runTest(SuiteRunner.java:377), org.testng.SuiteRunner.runSequentially(SuiteRunner.java:371), org.testng.SuiteRunner.privateRun(SuiteRunner.java:332), org.testng.SuiteRunner.run(SuiteRunner.java:276), org.testng.SuiteRunnerWorker.runSuite(SuiteRunnerWorker.java:53), org.testng.SuiteRunnerWorker.run(SuiteRunnerWorker.java:96), org.testng.TestNG.runSuitesSequentially(TestNG.java:1212), org.testng.TestNG.runSuitesLocally(TestNG.java:1134), org.testng.TestNG.runSuites(TestNG.java:1063), org.testng.TestNG.run(TestNG.java:1031), org.testng.remote.AbstractRemoteTestNG.run(AbstractRemoteTestNG.java:115), org.testng.remote.RemoteTestNG.initAndRun(RemoteTestNG.java:251), org.testng.remote.RemoteTestNG.main(RemoteTestNG.java:77)]
2022-06-01 00:12:35 FATAL Logs:22 - Console: https://regression.myresman.com/Scripts/Base.js?v=637896160880229054 559:4 Uncaught ReferenceError: makeInnerScrollBetter is not defined
2022-06-01 00:58:18 INFO  Logs:12 - ============Started:Test============
2022-06-01 00:58:33 INFO  Logs:12 - verifyAddUser has passed
2022-06-01 00:58:35 FATAL Logs:22 - Failed, Exception: [java.base/jdk.internal.reflect.NativeConstructorAccessorImpl.newInstance0(Native Method), java.base/jdk.internal.reflect.NativeConstructorAccessorImpl.newInstance(NativeConstructorAccessorImpl.java:77), java.base/jdk.internal.reflect.DelegatingConstructorAccessorImpl.newInstance(DelegatingConstructorAccessorImpl.java:45), java.base/java.lang.reflect.Constructor.newInstanceWithCaller(Constructor.java:499), java.base/java.lang.reflect.Constructor.newInstance(Constructor.java:480), org.openqa.selenium.remote.codec.w3c.W3CHttpResponseCodec.createException(W3CHttpResponseCodec.java:200), org.openqa.selenium.remote.codec.w3c.W3CHttpResponseCodec.decode(W3CHttpResponseCodec.java:133), org.openqa.selenium.remote.codec.w3c.W3CHttpResponseCodec.decode(W3CHttpResponseCodec.java:53), org.openqa.selenium.remote.HttpCommandExecutor.execute(HttpCommandExecutor.java:184), org.openqa.selenium.remote.service.DriverCommandExecutor.invokeExecute(DriverCommandExecutor.java:167), org.openqa.selenium.remote.service.DriverCommandExecutor.execute(DriverCommandExecutor.java:142), org.openqa.selenium.remote.RemoteWebDriver.execute(RemoteWebDriver.java:567), org.openqa.selenium.remote.ElementLocation$ElementFinder$2.findElement(ElementLocation.java:162), org.openqa.selenium.remote.ElementLocation.findElement(ElementLocation.java:66), org.openqa.selenium.remote.RemoteWebDriver.findElement(RemoteWebDriver.java:385), org.openqa.selenium.remote.RemoteWebDriver.findElement(RemoteWebDriver.java:377), resman.pageData.loginPage.usernameInput(loginPage.java:23), resman.qa.TestCases.addUser.VerifyUsersPage(addUser.java:82), resman.qa.TestCases.addUser.verifyAddUser(addUser.java:33), java.base/jdk.internal.reflect.NativeMethodAccessorImpl.invoke0(Native Method), java.base/jdk.internal.reflect.NativeMethodAccessorImpl.invoke(NativeMethodAccessorImpl.java:77), java.base/jdk.internal.reflect.DelegatingMethodAccessorImpl.invoke(DelegatingMethodAccessorImpl.java:43), java.base/java.lang.reflect.Method.invoke(Method.java:568), org.testng.internal.MethodInvocationHelper.invokeMethod(MethodInvocationHelper.java:133), org.testng.internal.TestInvoker.invokeMethod(TestInvoker.java:598), org.testng.internal.TestInvoker.invokeTestMethod(TestInvoker.java:173), org.testng.internal.MethodRunner.runInSequence(MethodRunner.java:46), org.testng.internal.TestInvoker$MethodInvocationAgent.invoke(TestInvoker.java:824), org.testng.internal.TestInvoker.invokeTestMethods(TestInvoker.java:146), org.testng.internal.TestMethodWorker.invokeTestMethods(TestMethodWorker.java:146), org.testng.internal.TestMethodWorker.run(TestMethodWorker.java:128), java.base/java.util.ArrayList.forEach(ArrayList.java:1511), org.testng.TestRunner.privateRun(TestRunner.java:794), org.testng.TestRunner.run(TestRunner.java:596), org.testng.SuiteRunner.runTest(SuiteRunner.java:377), org.testng.SuiteRunner.runSequentially(SuiteRunner.java:371), org.testng.SuiteRunner.privateRun(SuiteRunner.java:332), org.testng.SuiteRunner.run(SuiteRunner.java:276), org.testng.SuiteRunnerWorker.runSuite(SuiteRunnerWorker.java:53), org.testng.SuiteRunnerWorker.run(SuiteRunnerWorker.java:96), org.testng.TestNG.runSuitesSequentially(TestNG.java:1212), org.testng.TestNG.runSuitesLocally(TestNG.java:1134), org.testng.TestNG.runSuites(TestNG.java:1063), org.testng.TestNG.run(TestNG.java:1031), org.testng.remote.AbstractRemoteTestNG.run(AbstractRemoteTestNG.java:115), org.testng.remote.RemoteTestNG.initAndRun(RemoteTestNG.java:251), org.testng.remote.RemoteTestNG.main(RemoteTestNG.java:77)]
2022-06-01 00:58:35 FATAL Logs:22 - Console: null
2022-06-01 00:58:40 INFO  Logs:12 - VerifyRemoveUser has passed
2022-06-01 00:58:51 INFO  Logs:12 - ============Started:Test============
2022-06-01 00:58:58 INFO  Logs:12 - verifyAddUser has passed
2022-06-01 00:59:00 FATAL Logs:22 - Failed, Exception: [java.base/jdk.internal.reflect.NativeConstructorAccessorImpl.newInstance0(Native Method), java.base/jdk.internal.reflect.NativeConstructorAccessorImpl.newInstance(NativeConstructorAccessorImpl.java:77), java.base/jdk.internal.reflect.DelegatingConstructorAccessorImpl.newInstance(DelegatingConstructorAccessorImpl.java:45), java.base/java.lang.reflect.Constructor.newInstanceWithCaller(Constructor.java:499), java.base/java.lang.reflect.Constructor.newInstance(Constructor.java:480), org.openqa.selenium.remote.codec.w3c.W3CHttpResponseCodec.createException(W3CHttpResponseCodec.java:200), org.openqa.selenium.remote.codec.w3c.W3CHttpResponseCodec.decode(W3CHttpResponseCodec.java:133), org.openqa.selenium.remote.codec.w3c.W3CHttpResponseCodec.decode(W3CHttpResponseCodec.java:53), org.openqa.selenium.remote.HttpCommandExecutor.execute(HttpCommandExecutor.java:184), org.openqa.selenium.remote.service.DriverCommandExecutor.invokeExecute(DriverCommandExecutor.java:167), org.openqa.selenium.remote.service.DriverCommandExecutor.execute(DriverCommandExecutor.java:142), org.openqa.selenium.remote.RemoteWebDriver.execute(RemoteWebDriver.java:567), org.openqa.selenium.remote.ElementLocation$ElementFinder$2.findElement(ElementLocation.java:162), org.openqa.selenium.remote.ElementLocation.findElement(ElementLocation.java:66), org.openqa.selenium.remote.RemoteWebDriver.findElement(RemoteWebDriver.java:385), org.openqa.selenium.remote.RemoteWebDriver.findElement(RemoteWebDriver.java:377), resman.pageData.loginPage.usernameInput(loginPage.java:23), resman.qa.TestCases.addUser.VerifyUsersPage(addUser.java:82), resman.qa.TestCases.addUser.verifyAddUser(addUser.java:33), java.base/jdk.internal.reflect.NativeMethodAccessorImpl.invoke0(Native Method), java.base/jdk.internal.reflect.NativeMethodAccessorImpl.invoke(NativeMethodAccessorImpl.java:77), java.base/jdk.internal.reflect.DelegatingMethodAccessorImpl.invoke(DelegatingMethodAccessorImpl.java:43), java.base/java.lang.reflect.Method.invoke(Method.java:568), org.testng.internal.MethodInvocationHelper.invokeMethod(MethodInvocationHelper.java:133), org.testng.internal.TestInvoker.invokeMethod(TestInvoker.java:598), org.testng.internal.TestInvoker.invokeTestMethod(TestInvoker.java:173), org.testng.internal.MethodRunner.runInSequence(MethodRunner.java:46), org.testng.internal.TestInvoker$MethodInvocationAgent.invoke(TestInvoker.java:824), org.testng.internal.TestInvoker.invokeTestMethods(TestInvoker.java:146), org.testng.internal.TestMethodWorker.invokeTestMethods(TestMethodWorker.java:146), org.testng.internal.TestMethodWorker.run(TestMethodWorker.java:128), java.base/java.util.ArrayList.forEach(ArrayList.java:1511), org.testng.TestRunner.privateRun(TestRunner.java:794), org.testng.TestRunner.run(TestRunner.java:596), org.testng.SuiteRunner.runTest(SuiteRunner.java:377), org.testng.SuiteRunner.runSequentially(SuiteRunner.java:371), org.testng.SuiteRunner.privateRun(SuiteRunner.java:332), org.testng.SuiteRunner.run(SuiteRunner.java:276), org.testng.SuiteRunnerWorker.runSuite(SuiteRunnerWorker.java:53), org.testng.SuiteRunnerWorker.run(SuiteRunnerWorker.java:96), org.testng.TestNG.runSuitesSequentially(TestNG.java:1212), org.testng.TestNG.runSuitesLocally(TestNG.java:1134), org.testng.TestNG.runSuites(TestNG.java:1063), org.testng.TestNG.run(TestNG.java:1031), org.testng.remote.AbstractRemoteTestNG.run(AbstractRemoteTestNG.java:115), org.testng.remote.RemoteTestNG.initAndRun(RemoteTestNG.java:251), org.testng.remote.RemoteTestNG.main(RemoteTestNG.java:77)]
2022-06-01 00:59:00 FATAL Logs:22 - Console: null
2022-06-01 01:00:39 INFO  Logs:12 - ============Started:Test============
2022-06-01 01:00:49 INFO  Logs:12 - verifyAddUser has passed
2022-06-01 01:01:50 FATAL Logs:22 - Failed, Exception: [java.base/jdk.internal.reflect.NativeConstructorAccessorImpl.newInstance0(Native Method), java.base/jdk.internal.reflect.NativeConstructorAccessorImpl.newInstance(NativeConstructorAccessorImpl.java:77), java.base/jdk.internal.reflect.DelegatingConstructorAccessorImpl.newInstance(DelegatingConstructorAccessorImpl.java:45), java.base/java.lang.reflect.Constructor.newInstanceWithCaller(Constructor.java:499), java.base/java.lang.reflect.Constructor.newInstance(Constructor.java:480), org.openqa.selenium.remote.codec.w3c.W3CHttpResponseCodec.createException(W3CHttpResponseCodec.java:200), org.openqa.selenium.remote.codec.w3c.W3CHttpResponseCodec.decode(W3CHttpResponseCodec.java:133), org.openqa.selenium.remote.codec.w3c.W3CHttpResponseCodec.decode(W3CHttpResponseCodec.java:53), org.openqa.selenium.remote.HttpCommandExecutor.execute(HttpCommandExecutor.java:184), org.openqa.selenium.remote.service.DriverCommandExecutor.invokeExecute(DriverCommandExecutor.java:167), org.openqa.selenium.remote.service.DriverCommandExecutor.execute(DriverCommandExecutor.java:142), org.openqa.selenium.remote.RemoteWebDriver.execute(RemoteWebDriver.java:567), org.openqa.selenium.remote.ElementLocation$ElementFinder$2.findElement(ElementLocation.java:162), org.openqa.selenium.remote.ElementLocation.findElement(ElementLocation.java:60), org.openqa.selenium.remote.RemoteWebDriver.findElement(RemoteWebDriver.java:385), org.openqa.selenium.remote.RemoteWebDriver.findElement(RemoteWebDriver.java:377), resman.qa.TestCases.addUser.VerifyUsersPage(addUser.java:121), resman.qa.TestCases.addUser.verifyAddUser(addUser.java:32), java.base/jdk.internal.reflect.NativeMethodAccessorImpl.invoke0(Native Method), java.base/jdk.internal.reflect.NativeMethodAccessorImpl.invoke(NativeMethodAccessorImpl.java:77), java.base/jdk.internal.reflect.DelegatingMethodAccessorImpl.invoke(DelegatingMethodAccessorImpl.java:43), java.base/java.lang.reflect.Method.invoke(Method.java:568), org.testng.internal.MethodInvocationHelper.invokeMethod(MethodInvocationHelper.java:133), org.testng.internal.TestInvoker.invokeMethod(TestInvoker.java:598), org.testng.internal.TestInvoker.invokeTestMethod(TestInvoker.java:173), org.testng.internal.MethodRunner.runInSequence(MethodRunner.java:46), org.testng.internal.TestInvoker$MethodInvocationAgent.invoke(TestInvoker.java:824), org.testng.internal.TestInvoker.invokeTestMethods(TestInvoker.java:146), org.testng.internal.TestMethodWorker.invokeTestMethods(TestMethodWorker.java:146), org.testng.internal.TestMethodWorker.run(TestMethodWorker.java:128), java.base/java.util.ArrayList.forEach(ArrayList.java:1511), org.testng.TestRunner.privateRun(TestRunner.java:794), org.testng.TestRunner.run(TestRunner.java:596), org.testng.SuiteRunner.runTest(SuiteRunner.java:377), org.testng.SuiteRunner.runSequentially(SuiteRunner.java:371), org.testng.SuiteRunner.privateRun(SuiteRunner.java:332), org.testng.SuiteRunner.run(SuiteRunner.java:276), org.testng.SuiteRunnerWorker.runSuite(SuiteRunnerWorker.java:53), org.testng.SuiteRunnerWorker.run(SuiteRunnerWorker.java:96), org.testng.TestNG.runSuitesSequentially(TestNG.java:1212), org.testng.TestNG.runSuitesLocally(TestNG.java:1134), org.testng.TestNG.runSuites(TestNG.java:1063), org.testng.TestNG.run(TestNG.java:1031), org.testng.remote.AbstractRemoteTestNG.run(AbstractRemoteTestNG.java:115), org.testng.remote.RemoteTestNG.initAndRun(RemoteTestNG.java:251), org.testng.remote.RemoteTestNG.main(RemoteTestNG.java:77)]
2022-06-01 01:01:50 FATAL Logs:22 - Console: https://regression.myresman.com/Scripts/jquery-1.7.1.min.js?v=637896160886761480 5 The specified value "!" does not conform to the required format.  The format is "#rrggbb" where rr, gg, bb are two-digit hexadecimal numbers.
2022-06-01 01:01:57 INFO  Logs:12 - VerifyRemoveUser has passed
2022-06-01 01:02:03 FATAL Logs:22 - Failed, Exception: [org.testng.Assert.fail(Assert.java:99), org.testng.Assert.failNotEquals(Assert.java:1037), org.testng.Assert.assertTrue(Assert.java:45), org.testng.Assert.assertTrue(Assert.java:55), resman.qa.TestCases.removeUser.VerifyRemoveUser(removeUser.java:38), java.base/jdk.internal.reflect.NativeMethodAccessorImpl.invoke0(Native Method), java.base/jdk.internal.reflect.NativeMethodAccessorImpl.invoke(NativeMethodAccessorImpl.java:77), java.base/jdk.internal.reflect.DelegatingMethodAccessorImpl.invoke(DelegatingMethodAccessorImpl.java:43), java.base/java.lang.reflect.Method.invoke(Method.java:568), org.testng.internal.MethodInvocationHelper.invokeMethod(MethodInvocationHelper.java:133), org.testng.internal.TestInvoker.invokeMethod(TestInvoker.java:598), org.testng.internal.TestInvoker.invokeTestMethod(TestInvoker.java:173), org.testng.internal.MethodRunner.runInSequence(MethodRunner.java:46), org.testng.internal.TestInvoker$MethodInvocationAgent.invoke(TestInvoker.java:824), org.testng.internal.TestInvoker.invokeTestMethods(TestInvoker.java:146), org.testng.internal.TestMethodWorker.invokeTestMethods(TestMethodWorker.java:146), org.testng.internal.TestMethodWorker.run(TestMethodWorker.java:128), java.base/java.util.ArrayList.forEach(ArrayList.java:1511), org.testng.TestRunner.privateRun(TestRunner.java:794), org.testng.TestRunner.run(TestRunner.java:596), org.testng.SuiteRunner.runTest(SuiteRunner.java:377), org.testng.SuiteRunner.runSequentially(SuiteRunner.java:371), org.testng.SuiteRunner.privateRun(SuiteRunner.java:332), org.testng.SuiteRunner.run(SuiteRunner.java:276), org.testng.SuiteRunnerWorker.runSuite(SuiteRunnerWorker.java:53), org.testng.SuiteRunnerWorker.run(SuiteRunnerWorker.java:96), org.testng.TestNG.runSuitesSequentially(TestNG.java:1212), org.testng.TestNG.runSuitesLocally(TestNG.java:1134), org.testng.TestNG.runSuites(TestNG.java:1063), org.testng.TestNG.run(TestNG.java:1031), org.testng.remote.AbstractRemoteTestNG.run(AbstractRemoteTestNG.java:115), org.testng.remote.RemoteTestNG.initAndRun(RemoteTestNG.java:251), org.testng.remote.RemoteTestNG.main(RemoteTestNG.java:77)]
2022-06-01 01:02:03 FATAL Logs:22 - Console: https://regression.myresman.com/Scripts/jquery-1.7.1.min.js?v=637896160886761480 5 The specified value "!" does not conform to the required format.  The format is "#rrggbb" where rr, gg, bb are two-digit hexadecimal numbers.
2022-06-01 01:02:14 INFO  Logs:12 - ============Finished:Test============
2022-06-01 01:03:51 INFO  Logs:12 - ============Started:Test============
2022-06-01 01:04:00 INFO  Logs:12 - verifyAddUser has passed
2022-06-01 01:05:22 INFO  Logs:12 - verifyAddUser has passed
2022-06-01 01:05:22 INFO  Logs:12 - 
2022-06-01 01:05:28 INFO  Logs:12 - VerifyRemoveUser has passed
2022-06-01 01:05:33 FATAL Logs:22 - Failed, Exception: [org.testng.Assert.fail(Assert.java:99), org.testng.Assert.failNotEquals(Assert.java:1037), org.testng.Assert.assertTrue(Assert.java:45), org.testng.Assert.assertTrue(Assert.java:55), resman.qa.TestCases.removeUser.VerifyRemoveUser(removeUser.java:38), java.base/jdk.internal.reflect.NativeMethodAccessorImpl.invoke0(Native Method), java.base/jdk.internal.reflect.NativeMethodAccessorImpl.invoke(NativeMethodAccessorImpl.java:77), java.base/jdk.internal.reflect.DelegatingMethodAccessorImpl.invoke(DelegatingMethodAccessorImpl.java:43), java.base/java.lang.reflect.Method.invoke(Method.java:568), org.testng.internal.MethodInvocationHelper.invokeMethod(MethodInvocationHelper.java:133), org.testng.internal.TestInvoker.invokeMethod(TestInvoker.java:598), org.testng.internal.TestInvoker.invokeTestMethod(TestInvoker.java:173), org.testng.internal.MethodRunner.runInSequence(MethodRunner.java:46), org.testng.internal.TestInvoker$MethodInvocationAgent.invoke(TestInvoker.java:824), org.testng.internal.TestInvoker.invokeTestMethods(TestInvoker.java:146), org.testng.internal.TestMethodWorker.invokeTestMethods(TestMethodWorker.java:146), org.testng.internal.TestMethodWorker.run(TestMethodWorker.java:128), java.base/java.util.ArrayList.forEach(ArrayList.java:1511), org.testng.TestRunner.privateRun(TestRunner.java:794), org.testng.TestRunner.run(TestRunner.java:596), org.testng.SuiteRunner.runTest(SuiteRunner.java:377), org.testng.SuiteRunner.runSequentially(SuiteRunner.java:371), org.testng.SuiteRunner.privateRun(SuiteRunner.java:332), org.testng.SuiteRunner.run(SuiteRunner.java:276), org.testng.SuiteRunnerWorker.runSuite(SuiteRunnerWorker.java:53), org.testng.SuiteRunnerWorker.run(SuiteRunnerWorker.java:96), org.testng.TestNG.runSuitesSequentially(TestNG.java:1212), org.testng.TestNG.runSuitesLocally(TestNG.java:1134), org.testng.TestNG.runSuites(TestNG.java:1063), org.testng.TestNG.run(TestNG.java:1031), org.testng.remote.AbstractRemoteTestNG.run(AbstractRemoteTestNG.java:115), org.testng.remote.RemoteTestNG.initAndRun(RemoteTestNG.java:251), org.testng.remote.RemoteTestNG.main(RemoteTestNG.java:77)]
2022-06-01 01:05:33 FATAL Logs:22 - Console: null
2022-06-01 01:05:44 INFO  Logs:12 - ============Finished:Test============
2022-06-01 01:06:27 INFO  Logs:12 - ============Started:Test============
2022-06-01 01:06:35 INFO  Logs:12 - VerifyRemoveUser has passed
2022-06-01 01:07:54 FATAL Logs:22 - Failed, Exception: [org.testng.Assert.fail(Assert.java:99), org.testng.Assert.failNotEquals(Assert.java:1037), org.testng.Assert.assertTrue(Assert.java:45), org.testng.Assert.assertTrue(Assert.java:55), resman.qa.TestCases.removeUser.VerifyRemoveUser(removeUser.java:59), java.base/jdk.internal.reflect.NativeMethodAccessorImpl.invoke0(Native Method), java.base/jdk.internal.reflect.NativeMethodAccessorImpl.invoke(NativeMethodAccessorImpl.java:77), java.base/jdk.internal.reflect.DelegatingMethodAccessorImpl.invoke(DelegatingMethodAccessorImpl.java:43), java.base/java.lang.reflect.Method.invoke(Method.java:568), org.testng.internal.MethodInvocationHelper.invokeMethod(MethodInvocationHelper.java:133), org.testng.internal.TestInvoker.invokeMethod(TestInvoker.java:598), org.testng.internal.TestInvoker.invokeTestMethod(TestInvoker.java:173), org.testng.internal.MethodRunner.runInSequence(MethodRunner.java:46), org.testng.internal.TestInvoker$MethodInvocationAgent.invoke(TestInvoker.java:824), org.testng.internal.TestInvoker.invokeTestMethods(TestInvoker.java:146), org.testng.internal.TestMethodWorker.invokeTestMethods(TestMethodWorker.java:146), org.testng.internal.TestMethodWorker.run(TestMethodWorker.java:128), java.base/java.util.ArrayList.forEach(ArrayList.java:1511), org.testng.TestRunner.privateRun(TestRunner.java:794), org.testng.TestRunner.run(TestRunner.java:596), org.testng.SuiteRunner.runTest(SuiteRunner.java:377), org.testng.SuiteRunner.runSequentially(SuiteRunner.java:371), org.testng.SuiteRunner.privateRun(SuiteRunner.java:332), org.testng.SuiteRunner.run(SuiteRunner.java:276), org.testng.SuiteRunnerWorker.runSuite(SuiteRunnerWorker.java:53), org.testng.SuiteRunnerWorker.run(SuiteRunnerWorker.java:96), org.testng.TestNG.runSuitesSequentially(TestNG.java:1212), org.testng.TestNG.runSuitesLocally(TestNG.java:1134), org.testng.TestNG.runSuites(TestNG.java:1063), org.testng.TestNG.run(TestNG.java:1031), org.testng.remote.AbstractRemoteTestNG.run(AbstractRemoteTestNG.java:115), org.testng.remote.RemoteTestNG.initAndRun(RemoteTestNG.java:251), org.testng.remote.RemoteTestNG.main(RemoteTestNG.java:77)]
2022-06-01 01:07:54 FATAL Logs:22 - Console: https://regression.myresman.com/Scripts/jquery-1.7.1.min.js?v=637896160886761480 5 The specified value "!" does not conform to the required format.  The format is "#rrggbb" where rr, gg, bb are two-digit hexadecimal numbers.
2022-06-01 01:08:00 INFO  Logs:12 - ============Finished:Test============
2022-06-01 01:12:33 INFO  Logs:12 - ============Started:Test============
2022-06-01 01:13:14 INFO  Logs:12 - ============Started:Test============
2022-06-01 01:13:36 INFO  Logs:12 - verifyAddUser has passed
2022-06-01 01:14:40 INFO  Logs:12 - verifyAddUser has passed
2022-06-01 01:14:40 INFO  Logs:12 - 
2022-06-01 01:14:45 INFO  Logs:12 - VerifyRemoveUser has passed
2022-06-01 01:16:00 INFO  Logs:12 - VerifyRemoveUser has passed
2022-06-01 01:16:00 INFO  Logs:12 - 
2022-06-01 01:16:15 INFO  Logs:12 - ============Finished:Test============
2022-06-01 01:21:50 INFO  Logs:12 - ============Started:Test============
2022-06-01 01:22:03 INFO  Logs:12 - ============Started:Test============
2022-06-01 01:22:10 INFO  Logs:12 - verifyAddUser has passed
2022-06-01 01:23:16 FATAL Logs:22 - Failed, Exception: [org.testng.Assert.fail(Assert.java:99), org.testng.Assert.failNotEquals(Assert.java:1037), org.testng.Assert.assertTrue(Assert.java:45), org.testng.Assert.assertTrue(Assert.java:55), resman.qa.TestCases.addUser.verifyAddUser(addUser.java:63), java.base/jdk.internal.reflect.NativeMethodAccessorImpl.invoke0(Native Method), java.base/jdk.internal.reflect.NativeMethodAccessorImpl.invoke(NativeMethodAccessorImpl.java:77), java.base/jdk.internal.reflect.DelegatingMethodAccessorImpl.invoke(DelegatingMethodAccessorImpl.java:43), java.base/java.lang.reflect.Method.invoke(Method.java:568), org.testng.internal.MethodInvocationHelper.invokeMethod(MethodInvocationHelper.java:133), org.testng.internal.TestInvoker.invokeMethod(TestInvoker.java:598), org.testng.internal.TestInvoker.invokeTestMethod(TestInvoker.java:173), org.testng.internal.MethodRunner.runInSequence(MethodRunner.java:46), org.testng.internal.TestInvoker$MethodInvocationAgent.invoke(TestInvoker.java:824), org.testng.internal.TestInvoker.invokeTestMethods(TestInvoker.java:146), org.testng.internal.TestMethodWorker.invokeTestMethods(TestMethodWorker.java:146), org.testng.internal.TestMethodWorker.run(TestMethodWorker.java:128), java.base/java.util.ArrayList.forEach(ArrayList.java:1511), org.testng.TestRunner.privateRun(TestRunner.java:794), org.testng.TestRunner.run(TestRunner.java:596), org.testng.SuiteRunner.runTest(SuiteRunner.java:377), org.testng.SuiteRunner.runSequentially(SuiteRunner.java:371), org.testng.SuiteRunner.privateRun(SuiteRunner.java:332), org.testng.SuiteRunner.run(SuiteRunner.java:276), org.testng.SuiteRunnerWorker.runSuite(SuiteRunnerWorker.java:53), org.testng.SuiteRunnerWorker.run(SuiteRunnerWorker.java:96), org.testng.TestNG.runSuitesSequentially(TestNG.java:1212), org.testng.TestNG.runSuitesLocally(TestNG.java:1134), org.testng.TestNG.runSuites(TestNG.java:1063), org.testng.TestNG.run(TestNG.java:1031), org.testng.remote.AbstractRemoteTestNG.run(AbstractRemoteTestNG.java:115), org.testng.remote.RemoteTestNG.initAndRun(RemoteTestNG.java:251), org.testng.remote.RemoteTestNG.main(RemoteTestNG.java:77)]
2022-06-01 01:23:16 FATAL Logs:22 - Console: https://regression.myresman.com/Scripts/jquery-1.7.1.min.js?v=637896160886761480 5 The specified value "!" does not conform to the required format.  The format is "#rrggbb" where rr, gg, bb are two-digit hexadecimal numbers.
2022-06-01 01:23:29 INFO  Logs:12 - VerifyRemoveUser has passed
2022-06-01 01:25:31 INFO  Logs:12 - ============Started:Test============
2022-06-01 01:25:37 INFO  Logs:12 - verifyAddUser has passed
2022-06-01 01:26:37 INFO  Logs:12 - verifyAddUser has passed
2022-06-01 01:26:37 INFO  Logs:12 - 
2022-06-01 01:26:42 INFO  Logs:12 - VerifyRemoveUser has passed
2022-06-01 01:28:00 INFO  Logs:12 - VerifyRemoveUser has passed
2022-06-01 01:28:00 INFO  Logs:12 - 
2022-06-01 01:28:15 INFO  Logs:12 - ============Finished:Test============
2022-06-01 13:45:19 INFO  Logs:12 - ============Started:Test============
2022-06-01 13:45:45 INFO  Logs:12 - verifyAddUser has passed
2022-06-01 13:45:51 INFO  Logs:12 - ============Finished:Test============
2022-06-01 13:46:16 INFO  Logs:12 - ============Started:Test============
2022-06-01 13:46:20 INFO  Logs:12 - verifyAddUser has passed
2022-06-01 13:46:26 INFO  Logs:12 - ============Finished:Test============
2022-06-01 13:47:14 INFO  Logs:12 - ============Started:Test============
2022-06-01 13:47:23 INFO  Logs:12 - verifyAddUser has passed
2022-06-01 13:47:31 FATAL Logs:22 - Failed, Exception: [java.base/jdk.internal.reflect.NativeConstructorAccessorImpl.newInstance0(Native Method), java.base/jdk.internal.reflect.NativeConstructorAccessorImpl.newInstance(NativeConstructorAccessorImpl.java:77), java.base/jdk.internal.reflect.DelegatingConstructorAccessorImpl.newInstance(DelegatingConstructorAccessorImpl.java:45), java.base/java.lang.reflect.Constructor.newInstanceWithCaller(Constructor.java:499), java.base/java.lang.reflect.Constructor.newInstance(Constructor.java:480), org.openqa.selenium.remote.codec.w3c.W3CHttpResponseCodec.createException(W3CHttpResponseCodec.java:200), org.openqa.selenium.remote.codec.w3c.W3CHttpResponseCodec.decode(W3CHttpResponseCodec.java:133), org.openqa.selenium.remote.codec.w3c.W3CHttpResponseCodec.decode(W3CHttpResponseCodec.java:53), org.openqa.selenium.remote.HttpCommandExecutor.execute(HttpCommandExecutor.java:184), org.openqa.selenium.remote.service.DriverCommandExecutor.invokeExecute(DriverCommandExecutor.java:167), org.openqa.selenium.remote.service.DriverCommandExecutor.execute(DriverCommandExecutor.java:142), org.openqa.selenium.remote.RemoteWebDriver.execute(RemoteWebDriver.java:567), org.openqa.selenium.remote.ElementLocation$ElementFinder$2.findElement(ElementLocation.java:162), org.openqa.selenium.remote.ElementLocation.findElement(ElementLocation.java:60), org.openqa.selenium.remote.RemoteWebDriver.findElement(RemoteWebDriver.java:385), org.openqa.selenium.remote.RemoteWebDriver.findElement(RemoteWebDriver.java:377), resman.pageData.resmanaddUser.closeAdvisior(resmanaddUser.java:32), resman.qa.TestCases.addUser.VerifyUsersPage(addUser.java:96), resman.qa.TestCases.addUser.verifyAddUser(addUser.java:32), java.base/jdk.internal.reflect.NativeMethodAccessorImpl.invoke0(Native Method), java.base/jdk.internal.reflect.NativeMethodAccessorImpl.invoke(NativeMethodAccessorImpl.java:77), java.base/jdk.internal.reflect.DelegatingMethodAccessorImpl.invoke(DelegatingMethodAccessorImpl.java:43), java.base/java.lang.reflect.Method.invoke(Method.java:568), org.testng.internal.MethodInvocationHelper.invokeMethod(MethodInvocationHelper.java:133), org.testng.internal.TestInvoker.invokeMethod(TestInvoker.java:598), org.testng.internal.TestInvoker.invokeTestMethod(TestInvoker.java:173), org.testng.internal.MethodRunner.runInSequence(MethodRunner.java:46), org.testng.internal.TestInvoker$MethodInvocationAgent.invoke(TestInvoker.java:824), org.testng.internal.TestInvoker.invokeTestMethods(TestInvoker.java:146), org.testng.internal.TestMethodWorker.invokeTestMethods(TestMethodWorker.java:146), org.testng.internal.TestMethodWorker.run(TestMethodWorker.java:128), java.base/java.util.ArrayList.forEach(ArrayList.java:1511), org.testng.TestRunner.privateRun(TestRunner.java:794), org.testng.TestRunner.run(TestRunner.java:596), org.testng.SuiteRunner.runTest(SuiteRunner.java:377), org.testng.SuiteRunner.runSequentially(SuiteRunner.java:371), org.testng.SuiteRunner.privateRun(SuiteRunner.java:332), org.testng.SuiteRunner.run(SuiteRunner.java:276), org.testng.SuiteRunnerWorker.runSuite(SuiteRunnerWorker.java:53), org.testng.SuiteRunnerWorker.run(SuiteRunnerWorker.java:96), org.testng.TestNG.runSuitesSequentially(TestNG.java:1212), org.testng.TestNG.runSuitesLocally(TestNG.java:1134), org.testng.TestNG.runSuites(TestNG.java:1063), org.testng.TestNG.run(TestNG.java:1031), org.testng.remote.AbstractRemoteTestNG.run(AbstractRemoteTestNG.java:115), org.testng.remote.RemoteTestNG.initAndRun(RemoteTestNG.java:251), org.testng.remote.RemoteTestNG.main(RemoteTestNG.java:77)]
2022-06-01 13:47:31 FATAL Logs:22 - Console: null
2022-06-01 13:47:37 INFO  Logs:12 - ============Finished:Test============
2022-06-01 13:51:01 INFO  Logs:12 - ============Started:Test============
2022-06-01 13:51:08 INFO  Logs:12 - verifyAddUser has passed
2022-06-01 13:51:16 FATAL Logs:22 - Failed, Exception: [java.base/jdk.internal.reflect.NativeConstructorAccessorImpl.newInstance0(Native Method), java.base/jdk.internal.reflect.NativeConstructorAccessorImpl.newInstance(NativeConstructorAccessorImpl.java:77), java.base/jdk.internal.reflect.DelegatingConstructorAccessorImpl.newInstance(DelegatingConstructorAccessorImpl.java:45), java.base/java.lang.reflect.Constructor.newInstanceWithCaller(Constructor.java:499), java.base/java.lang.reflect.Constructor.newInstance(Constructor.java:480), org.openqa.selenium.remote.codec.w3c.W3CHttpResponseCodec.createException(W3CHttpResponseCodec.java:200), org.openqa.selenium.remote.codec.w3c.W3CHttpResponseCodec.decode(W3CHttpResponseCodec.java:133), org.openqa.selenium.remote.codec.w3c.W3CHttpResponseCodec.decode(W3CHttpResponseCodec.java:53), org.openqa.selenium.remote.HttpCommandExecutor.execute(HttpCommandExecutor.java:184), org.openqa.selenium.remote.service.DriverCommandExecutor.invokeExecute(DriverCommandExecutor.java:167), org.openqa.selenium.remote.service.DriverCommandExecutor.execute(DriverCommandExecutor.java:142), org.openqa.selenium.remote.RemoteWebDriver.execute(RemoteWebDriver.java:567), org.openqa.selenium.remote.ElementLocation$ElementFinder$2.findElement(ElementLocation.java:162), org.openqa.selenium.remote.ElementLocation.findElement(ElementLocation.java:60), org.openqa.selenium.remote.RemoteWebDriver.findElement(RemoteWebDriver.java:385), org.openqa.selenium.remote.RemoteWebDriver.findElement(RemoteWebDriver.java:377), resman.pageData.resmanaddUser.closeAdvisior(resmanaddUser.java:32), resman.qa.TestCases.addUser.VerifyUsersPage(addUser.java:96), resman.qa.TestCases.addUser.verifyAddUser(addUser.java:32), java.base/jdk.internal.reflect.NativeMethodAccessorImpl.invoke0(Native Method), java.base/jdk.internal.reflect.NativeMethodAccessorImpl.invoke(NativeMethodAccessorImpl.java:77), java.base/jdk.internal.reflect.DelegatingMethodAccessorImpl.invoke(DelegatingMethodAccessorImpl.java:43), java.base/java.lang.reflect.Method.invoke(Method.java:568), org.testng.internal.MethodInvocationHelper.invokeMethod(MethodInvocationHelper.java:133), org.testng.internal.TestInvoker.invokeMethod(TestInvoker.java:598), org.testng.internal.TestInvoker.invokeTestMethod(TestInvoker.java:173), org.testng.internal.MethodRunner.runInSequence(MethodRunner.java:46), org.testng.internal.TestInvoker$MethodInvocationAgent.invoke(TestInvoker.java:824), org.testng.internal.TestInvoker.invokeTestMethods(TestInvoker.java:146), org.testng.internal.TestMethodWorker.invokeTestMethods(TestMethodWorker.java:146), org.testng.internal.TestMethodWorker.run(TestMethodWorker.java:128), java.base/java.util.ArrayList.forEach(ArrayList.java:1511), org.testng.TestRunner.privateRun(TestRunner.java:794), org.testng.TestRunner.run(TestRunner.java:596), org.testng.SuiteRunner.runTest(SuiteRunner.java:377), org.testng.SuiteRunner.runSequentially(SuiteRunner.java:371), org.testng.SuiteRunner.privateRun(SuiteRunner.java:332), org.testng.SuiteRunner.run(SuiteRunner.java:276), org.testng.SuiteRunnerWorker.runSuite(SuiteRunnerWorker.java:53), org.testng.SuiteRunnerWorker.run(SuiteRunnerWorker.java:96), org.testng.TestNG.runSuitesSequentially(TestNG.java:1212), org.testng.TestNG.runSuitesLocally(TestNG.java:1134), org.testng.TestNG.runSuites(TestNG.java:1063), org.testng.TestNG.run(TestNG.java:1031), org.testng.remote.AbstractRemoteTestNG.run(AbstractRemoteTestNG.java:115), org.testng.remote.RemoteTestNG.initAndRun(RemoteTestNG.java:251), org.testng.remote.RemoteTestNG.main(RemoteTestNG.java:77)]
2022-06-01 13:51:16 FATAL Logs:22 - Console: null
2022-06-01 13:51:22 INFO  Logs:12 - ============Finished:Test============
2022-06-01 13:54:18 INFO  Logs:12 - ============Started:Test============
2022-06-01 13:54:25 INFO  Logs:12 - verifyAddUser has passed
2022-06-01 13:54:33 FATAL Logs:22 - Failed, Exception: [java.base/jdk.internal.reflect.NativeConstructorAccessorImpl.newInstance0(Native Method), java.base/jdk.internal.reflect.NativeConstructorAccessorImpl.newInstance(NativeConstructorAccessorImpl.java:77), java.base/jdk.internal.reflect.DelegatingConstructorAccessorImpl.newInstance(DelegatingConstructorAccessorImpl.java:45), java.base/java.lang.reflect.Constructor.newInstanceWithCaller(Constructor.java:499), java.base/java.lang.reflect.Constructor.newInstance(Constructor.java:480), org.openqa.selenium.remote.codec.w3c.W3CHttpResponseCodec.createException(W3CHttpResponseCodec.java:200), org.openqa.selenium.remote.codec.w3c.W3CHttpResponseCodec.decode(W3CHttpResponseCodec.java:133), org.openqa.selenium.remote.codec.w3c.W3CHttpResponseCodec.decode(W3CHttpResponseCodec.java:53), org.openqa.selenium.remote.HttpCommandExecutor.execute(HttpCommandExecutor.java:184), org.openqa.selenium.remote.service.DriverCommandExecutor.invokeExecute(DriverCommandExecutor.java:167), org.openqa.selenium.remote.service.DriverCommandExecutor.execute(DriverCommandExecutor.java:142), org.openqa.selenium.remote.RemoteWebDriver.execute(RemoteWebDriver.java:567), org.openqa.selenium.remote.ElementLocation$ElementFinder$2.findElement(ElementLocation.java:162), org.openqa.selenium.remote.ElementLocation.findElement(ElementLocation.java:60), org.openqa.selenium.remote.RemoteWebDriver.findElement(RemoteWebDriver.java:385), org.openqa.selenium.remote.RemoteWebDriver.findElement(RemoteWebDriver.java:377), resman.pageData.resmanaddUser.closeAdvisior(resmanaddUser.java:32), resman.qa.TestCases.addUser.VerifyUsersPage(addUser.java:96), resman.qa.TestCases.addUser.verifyAddUser(addUser.java:32), java.base/jdk.internal.reflect.NativeMethodAccessorImpl.invoke0(Native Method), java.base/jdk.internal.reflect.NativeMethodAccessorImpl.invoke(NativeMethodAccessorImpl.java:77), java.base/jdk.internal.reflect.DelegatingMethodAccessorImpl.invoke(DelegatingMethodAccessorImpl.java:43), java.base/java.lang.reflect.Method.invoke(Method.java:568), org.testng.internal.MethodInvocationHelper.invokeMethod(MethodInvocationHelper.java:133), org.testng.internal.TestInvoker.invokeMethod(TestInvoker.java:598), org.testng.internal.TestInvoker.invokeTestMethod(TestInvoker.java:173), org.testng.internal.MethodRunner.runInSequence(MethodRunner.java:46), org.testng.internal.TestInvoker$MethodInvocationAgent.invoke(TestInvoker.java:824), org.testng.internal.TestInvoker.invokeTestMethods(TestInvoker.java:146), org.testng.internal.TestMethodWorker.invokeTestMethods(TestMethodWorker.java:146), org.testng.internal.TestMethodWorker.run(TestMethodWorker.java:128), java.base/java.util.ArrayList.forEach(ArrayList.java:1511), org.testng.TestRunner.privateRun(TestRunner.java:794), org.testng.TestRunner.run(TestRunner.java:596), org.testng.SuiteRunner.runTest(SuiteRunner.java:377), org.testng.SuiteRunner.runSequentially(SuiteRunner.java:371), org.testng.SuiteRunner.privateRun(SuiteRunner.java:332), org.testng.SuiteRunner.run(SuiteRunner.java:276), org.testng.SuiteRunnerWorker.runSuite(SuiteRunnerWorker.java:53), org.testng.SuiteRunnerWorker.run(SuiteRunnerWorker.java:96), org.testng.TestNG.runSuitesSequentially(TestNG.java:1212), org.testng.TestNG.runSuitesLocally(TestNG.java:1134), org.testng.TestNG.runSuites(TestNG.java:1063), org.testng.TestNG.run(TestNG.java:1031), org.testng.remote.AbstractRemoteTestNG.run(AbstractRemoteTestNG.java:115), org.testng.remote.RemoteTestNG.initAndRun(RemoteTestNG.java:251), org.testng.remote.RemoteTestNG.main(RemoteTestNG.java:77)]
2022-06-01 13:54:33 FATAL Logs:22 - Console: null
2022-06-01 13:54:38 INFO  Logs:12 - ============Finished:Test============
2022-06-01 13:57:13 INFO  Logs:12 - ============Started:Test============
2022-06-01 13:57:20 INFO  Logs:12 - verifyAddUser has passed
2022-06-01 13:58:09 FATAL Logs:22 - Failed, Exception: [org.testng.Assert.fail(Assert.java:99), org.testng.Assert.failNotEquals(Assert.java:1037), org.testng.Assert.assertFalse(Assert.java:67), org.testng.Assert.assertFalse(Assert.java:77), resman.qa.TestCases.addUser.VerifyUsersPage(addUser.java:133), resman.qa.TestCases.addUser.verifyAddUser(addUser.java:32), java.base/jdk.internal.reflect.NativeMethodAccessorImpl.invoke0(Native Method), java.base/jdk.internal.reflect.NativeMethodAccessorImpl.invoke(NativeMethodAccessorImpl.java:77), java.base/jdk.internal.reflect.DelegatingMethodAccessorImpl.invoke(DelegatingMethodAccessorImpl.java:43), java.base/java.lang.reflect.Method.invoke(Method.java:568), org.testng.internal.MethodInvocationHelper.invokeMethod(MethodInvocationHelper.java:133), org.testng.internal.TestInvoker.invokeMethod(TestInvoker.java:598), org.testng.internal.TestInvoker.invokeTestMethod(TestInvoker.java:173), org.testng.internal.MethodRunner.runInSequence(MethodRunner.java:46), org.testng.internal.TestInvoker$MethodInvocationAgent.invoke(TestInvoker.java:824), org.testng.internal.TestInvoker.invokeTestMethods(TestInvoker.java:146), org.testng.internal.TestMethodWorker.invokeTestMethods(TestMethodWorker.java:146), org.testng.internal.TestMethodWorker.run(TestMethodWorker.java:128), java.base/java.util.ArrayList.forEach(ArrayList.java:1511), org.testng.TestRunner.privateRun(TestRunner.java:794), org.testng.TestRunner.run(TestRunner.java:596), org.testng.SuiteRunner.runTest(SuiteRunner.java:377), org.testng.SuiteRunner.runSequentially(SuiteRunner.java:371), org.testng.SuiteRunner.privateRun(SuiteRunner.java:332), org.testng.SuiteRunner.run(SuiteRunner.java:276), org.testng.SuiteRunnerWorker.runSuite(SuiteRunnerWorker.java:53), org.testng.SuiteRunnerWorker.run(SuiteRunnerWorker.java:96), org.testng.TestNG.runSuitesSequentially(TestNG.java:1212), org.testng.TestNG.runSuitesLocally(TestNG.java:1134), org.testng.TestNG.runSuites(TestNG.java:1063), org.testng.TestNG.run(TestNG.java:1031), org.testng.remote.AbstractRemoteTestNG.run(AbstractRemoteTestNG.java:115), org.testng.remote.RemoteTestNG.initAndRun(RemoteTestNG.java:251), org.testng.remote.RemoteTestNG.main(RemoteTestNG.java:77)]
2022-06-01 13:58:09 FATAL Logs:22 - Console: https://regression.myresman.com/Scripts/jquery-1.7.1.min.js?v=637896216520000000 5 The specified value "!" does not conform to the required format.  The format is "#rrggbb" where rr, gg, bb are two-digit hexadecimal numbers.
2022-06-01 13:58:23 INFO  Logs:12 - VerifyRemoveUser has passed
2022-06-01 13:59:17 FATAL Logs:22 - Failed, Exception: [org.testng.Assert.fail(Assert.java:99), org.testng.Assert.failNotEquals(Assert.java:1037), org.testng.Assert.assertFalse(Assert.java:67), org.testng.Assert.assertFalse(Assert.java:77), resman.qa.TestCases.addUser.VerifyUsersPage(addUser.java:133), resman.qa.TestCases.removeUser.VerifyRemoveUser(removeUser.java:25), java.base/jdk.internal.reflect.NativeMethodAccessorImpl.invoke0(Native Method), java.base/jdk.internal.reflect.NativeMethodAccessorImpl.invoke(NativeMethodAccessorImpl.java:77), java.base/jdk.internal.reflect.DelegatingMethodAccessorImpl.invoke(DelegatingMethodAccessorImpl.java:43), java.base/java.lang.reflect.Method.invoke(Method.java:568), org.testng.internal.MethodInvocationHelper.invokeMethod(MethodInvocationHelper.java:133), org.testng.internal.TestInvoker.invokeMethod(TestInvoker.java:598), org.testng.internal.TestInvoker.invokeTestMethod(TestInvoker.java:173), org.testng.internal.MethodRunner.runInSequence(MethodRunner.java:46), org.testng.internal.TestInvoker$MethodInvocationAgent.invoke(TestInvoker.java:824), org.testng.internal.TestInvoker.invokeTestMethods(TestInvoker.java:146), org.testng.internal.TestMethodWorker.invokeTestMethods(TestMethodWorker.java:146), org.testng.internal.TestMethodWorker.run(TestMethodWorker.java:128), java.base/java.util.ArrayList.forEach(ArrayList.java:1511), org.testng.TestRunner.privateRun(TestRunner.java:794), org.testng.TestRunner.run(TestRunner.java:596), org.testng.SuiteRunner.runTest(SuiteRunner.java:377), org.testng.SuiteRunner.runSequentially(SuiteRunner.java:371), org.testng.SuiteRunner.privateRun(SuiteRunner.java:332), org.testng.SuiteRunner.run(SuiteRunner.java:276), org.testng.SuiteRunnerWorker.runSuite(SuiteRunnerWorker.java:53), org.testng.SuiteRunnerWorker.run(SuiteRunnerWorker.java:96), org.testng.TestNG.runSuitesSequentially(TestNG.java:1212), org.testng.TestNG.runSuitesLocally(TestNG.java:1134), org.testng.TestNG.runSuites(TestNG.java:1063), org.testng.TestNG.run(TestNG.java:1031), org.testng.remote.AbstractRemoteTestNG.run(AbstractRemoteTestNG.java:115), org.testng.remote.RemoteTestNG.initAndRun(RemoteTestNG.java:251), org.testng.remote.RemoteTestNG.main(RemoteTestNG.java:77)]
2022-06-01 13:59:17 FATAL Logs:22 - Console: https://regression.myresman.com/Scripts/jquery-1.7.1.min.js?v=637896216520000000 5 The specified value "!" does not conform to the required format.  The format is "#rrggbb" where rr, gg, bb are two-digit hexadecimal numbers.
2022-06-01 13:59:28 INFO  Logs:12 - ============Finished:Test============
2022-06-01 13:59:51 INFO  Logs:12 - ============Started:Test============
2022-06-01 14:00:01 INFO  Logs:12 - verifyAddUser has passed
2022-06-01 14:01:06 INFO  Logs:12 - ============Started:Test============
2022-06-01 14:01:13 INFO  Logs:12 - verifyAddUser has passed
2022-06-01 14:02:24 INFO  Logs:12 - verifyAddUser has passed
2022-06-01 14:02:24 INFO  Logs:12 - 
2022-06-01 14:02:31 INFO  Logs:12 - VerifyRemoveUser has passed
2022-06-01 14:03:52 FATAL Logs:22 - Failed, Exception: [org.testng.Assert.fail(Assert.java:99), org.testng.Assert.failNotEquals(Assert.java:1037), org.testng.Assert.assertFalse(Assert.java:67), org.testng.Assert.assertFalse(Assert.java:77), resman.qa.TestCases.addUser.VerifyUsersPage(addUser.java:133), resman.qa.TestCases.removeUser.VerifyRemoveUser(removeUser.java:25), java.base/jdk.internal.reflect.NativeMethodAccessorImpl.invoke0(Native Method), java.base/jdk.internal.reflect.NativeMethodAccessorImpl.invoke(NativeMethodAccessorImpl.java:77), java.base/jdk.internal.reflect.DelegatingMethodAccessorImpl.invoke(DelegatingMethodAccessorImpl.java:43), java.base/java.lang.reflect.Method.invoke(Method.java:568), org.testng.internal.MethodInvocationHelper.invokeMethod(MethodInvocationHelper.java:133), org.testng.internal.TestInvoker.invokeMethod(TestInvoker.java:598), org.testng.internal.TestInvoker.invokeTestMethod(TestInvoker.java:173), org.testng.internal.MethodRunner.runInSequence(MethodRunner.java:46), org.testng.internal.TestInvoker$MethodInvocationAgent.invoke(TestInvoker.java:824), org.testng.internal.TestInvoker.invokeTestMethods(TestInvoker.java:146), org.testng.internal.TestMethodWorker.invokeTestMethods(TestMethodWorker.java:146), org.testng.internal.TestMethodWorker.run(TestMethodWorker.java:128), java.base/java.util.ArrayList.forEach(ArrayList.java:1511), org.testng.TestRunner.privateRun(TestRunner.java:794), org.testng.TestRunner.run(TestRunner.java:596), org.testng.SuiteRunner.runTest(SuiteRunner.java:377), org.testng.SuiteRunner.runSequentially(SuiteRunner.java:371), org.testng.SuiteRunner.privateRun(SuiteRunner.java:332), org.testng.SuiteRunner.run(SuiteRunner.java:276), org.testng.SuiteRunnerWorker.runSuite(SuiteRunnerWorker.java:53), org.testng.SuiteRunnerWorker.run(SuiteRunnerWorker.java:96), org.testng.TestNG.runSuitesSequentially(TestNG.java:1212), org.testng.TestNG.runSuitesLocally(TestNG.java:1134), org.testng.TestNG.runSuites(TestNG.java:1063), org.testng.TestNG.run(TestNG.java:1031), org.testng.remote.AbstractRemoteTestNG.run(AbstractRemoteTestNG.java:115), org.testng.remote.RemoteTestNG.initAndRun(RemoteTestNG.java:251), org.testng.remote.RemoteTestNG.main(RemoteTestNG.java:77)]
2022-06-01 14:03:52 FATAL Logs:22 - Console: https://regression.myresman.com/Scripts/jquery-1.7.1.min.js?v=637896216520000000 5 The specified value "!" does not conform to the required format.  The format is "#rrggbb" where rr, gg, bb are two-digit hexadecimal numbers.
2022-06-01 14:04:03 INFO  Logs:12 - ============Finished:Test============
2022-06-01 14:05:40 INFO  Logs:12 - ============Started:Test============
2022-06-01 14:05:47 INFO  Logs:12 - verifyAddUser has passed
2022-06-01 14:06:38 FATAL Logs:22 - Failed, Exception: [org.testng.Assert.fail(Assert.java:99), org.testng.Assert.failNotEquals(Assert.java:1037), org.testng.Assert.assertFalse(Assert.java:67), org.testng.Assert.assertFalse(Assert.java:77), resman.qa.TestCases.addUser.VerifyUsersPage(addUser.java:133), resman.qa.TestCases.addUser.verifyAddUser(addUser.java:32), java.base/jdk.internal.reflect.NativeMethodAccessorImpl.invoke0(Native Method), java.base/jdk.internal.reflect.NativeMethodAccessorImpl.invoke(NativeMethodAccessorImpl.java:77), java.base/jdk.internal.reflect.DelegatingMethodAccessorImpl.invoke(DelegatingMethodAccessorImpl.java:43), java.base/java.lang.reflect.Method.invoke(Method.java:568), org.testng.internal.MethodInvocationHelper.invokeMethod(MethodInvocationHelper.java:133), org.testng.internal.TestInvoker.invokeMethod(TestInvoker.java:598), org.testng.internal.TestInvoker.invokeTestMethod(TestInvoker.java:173), org.testng.internal.MethodRunner.runInSequence(MethodRunner.java:46), org.testng.internal.TestInvoker$MethodInvocationAgent.invoke(TestInvoker.java:824), org.testng.internal.TestInvoker.invokeTestMethods(TestInvoker.java:146), org.testng.internal.TestMethodWorker.invokeTestMethods(TestMethodWorker.java:146), org.testng.internal.TestMethodWorker.run(TestMethodWorker.java:128), java.base/java.util.ArrayList.forEach(ArrayList.java:1511), org.testng.TestRunner.privateRun(TestRunner.java:794), org.testng.TestRunner.run(TestRunner.java:596), org.testng.SuiteRunner.runTest(SuiteRunner.java:377), org.testng.SuiteRunner.runSequentially(SuiteRunner.java:371), org.testng.SuiteRunner.privateRun(SuiteRunner.java:332), org.testng.SuiteRunner.run(SuiteRunner.java:276), org.testng.SuiteRunnerWorker.runSuite(SuiteRunnerWorker.java:53), org.testng.SuiteRunnerWorker.run(SuiteRunnerWorker.java:96), org.testng.TestNG.runSuitesSequentially(TestNG.java:1212), org.testng.TestNG.runSuitesLocally(TestNG.java:1134), org.testng.TestNG.runSuites(TestNG.java:1063), org.testng.TestNG.run(TestNG.java:1031), org.testng.remote.AbstractRemoteTestNG.run(AbstractRemoteTestNG.java:115), org.testng.remote.RemoteTestNG.initAndRun(RemoteTestNG.java:251), org.testng.remote.RemoteTestNG.main(RemoteTestNG.java:77)]
2022-06-01 14:06:38 FATAL Logs:22 - Console: https://regression.myresman.com/Scripts/jquery-1.7.1.min.js?v=637896216520000000 5 The specified value "!" does not conform to the required format.  The format is "#rrggbb" where rr, gg, bb are two-digit hexadecimal numbers.
2022-06-01 14:06:45 INFO  Logs:12 - VerifyRemoveUser has passed
2022-06-01 14:07:05 INFO  Logs:12 - ============Started:Test============
2022-06-01 14:07:11 INFO  Logs:12 - verifyAddUser has passed
2022-06-01 14:08:15 INFO  Logs:12 - verifyAddUser has passed
2022-06-01 14:08:15 INFO  Logs:12 - 
2022-06-01 14:08:21 INFO  Logs:12 - VerifyRemoveUser has passed
2022-06-01 14:09:31 FATAL Logs:22 - Failed, Exception: [java.base/jdk.internal.reflect.NativeConstructorAccessorImpl.newInstance0(Native Method), java.base/jdk.internal.reflect.NativeConstructorAccessorImpl.newInstance(NativeConstructorAccessorImpl.java:77), java.base/jdk.internal.reflect.DelegatingConstructorAccessorImpl.newInstance(DelegatingConstructorAccessorImpl.java:45), java.base/java.lang.reflect.Constructor.newInstanceWithCaller(Constructor.java:499), java.base/java.lang.reflect.Constructor.newInstance(Constructor.java:480), org.openqa.selenium.remote.codec.w3c.W3CHttpResponseCodec.createException(W3CHttpResponseCodec.java:200), org.openqa.selenium.remote.codec.w3c.W3CHttpResponseCodec.decode(W3CHttpResponseCodec.java:133), org.openqa.selenium.remote.codec.w3c.W3CHttpResponseCodec.decode(W3CHttpResponseCodec.java:53), org.openqa.selenium.remote.HttpCommandExecutor.execute(HttpCommandExecutor.java:184), org.openqa.selenium.remote.service.DriverCommandExecutor.invokeExecute(DriverCommandExecutor.java:167), org.openqa.selenium.remote.service.DriverCommandExecutor.execute(DriverCommandExecutor.java:142), org.openqa.selenium.remote.RemoteWebDriver.execute(RemoteWebDriver.java:567), org.openqa.selenium.remote.RemoteWebElement.execute(RemoteWebElement.java:251), org.openqa.selenium.remote.RemoteWebElement.click(RemoteWebElement.java:77), resman.qa.TestCases.addUser.VerifyUsersPage(addUser.java:100), resman.qa.TestCases.removeUser.VerifyRemoveUser(removeUser.java:25), java.base/jdk.internal.reflect.NativeMethodAccessorImpl.invoke0(Native Method), java.base/jdk.internal.reflect.NativeMethodAccessorImpl.invoke(NativeMethodAccessorImpl.java:77), java.base/jdk.internal.reflect.DelegatingMethodAccessorImpl.invoke(DelegatingMethodAccessorImpl.java:43), java.base/java.lang.reflect.Method.invoke(Method.java:568), org.testng.internal.MethodInvocationHelper.invokeMethod(MethodInvocationHelper.java:133), org.testng.internal.TestInvoker.invokeMethod(TestInvoker.java:598), org.testng.internal.TestInvoker.invokeTestMethod(TestInvoker.java:173), org.testng.internal.MethodRunner.runInSequence(MethodRunner.java:46), org.testng.internal.TestInvoker$MethodInvocationAgent.invoke(TestInvoker.java:824), org.testng.internal.TestInvoker.invokeTestMethods(TestInvoker.java:146), org.testng.internal.TestMethodWorker.invokeTestMethods(TestMethodWorker.java:146), org.testng.internal.TestMethodWorker.run(TestMethodWorker.java:128), java.base/java.util.ArrayList.forEach(ArrayList.java:1511), org.testng.TestRunner.privateRun(TestRunner.java:794), org.testng.TestRunner.run(TestRunner.java:596), org.testng.SuiteRunner.runTest(SuiteRunner.java:377), org.testng.SuiteRunner.runSequentially(SuiteRunner.java:371), org.testng.SuiteRunner.privateRun(SuiteRunner.java:332), org.testng.SuiteRunner.run(SuiteRunner.java:276), org.testng.SuiteRunnerWorker.runSuite(SuiteRunnerWorker.java:53), org.testng.SuiteRunnerWorker.run(SuiteRunnerWorker.java:96), org.testng.TestNG.runSuitesSequentially(TestNG.java:1212), org.testng.TestNG.runSuitesLocally(TestNG.java:1134), org.testng.TestNG.runSuites(TestNG.java:1063), org.testng.TestNG.run(TestNG.java:1031), org.testng.remote.AbstractRemoteTestNG.run(AbstractRemoteTestNG.java:115), org.testng.remote.RemoteTestNG.initAndRun(RemoteTestNG.java:251), org.testng.remote.RemoteTestNG.main(RemoteTestNG.java:77)]
2022-06-01 14:09:31 FATAL Logs:22 - Console: https://regression.myresman.com/Scripts/Base.js?v=637896216500000000 559:4 Uncaught ReferenceError: makeInnerScrollBetter is not defined
2022-06-01 14:09:46 INFO  Logs:12 - ============Finished:Test============
2022-06-01 14:11:03 INFO  Logs:12 - ============Started:Test============
2022-06-01 14:11:10 INFO  Logs:12 - verifyAddUser has passed
2022-06-01 14:12:13 FATAL Logs:22 - Failed, Exception: [org.testng.Assert.fail(Assert.java:99), org.testng.Assert.failNotEquals(Assert.java:1037), org.testng.Assert.assertTrue(Assert.java:45), org.testng.Assert.assertTrue(Assert.java:55), resman.qa.TestCases.addUser.verifyAddUser(addUser.java:43), java.base/jdk.internal.reflect.NativeMethodAccessorImpl.invoke0(Native Method), java.base/jdk.internal.reflect.NativeMethodAccessorImpl.invoke(NativeMethodAccessorImpl.java:77), java.base/jdk.internal.reflect.DelegatingMethodAccessorImpl.invoke(DelegatingMethodAccessorImpl.java:43), java.base/java.lang.reflect.Method.invoke(Method.java:568), org.testng.internal.MethodInvocationHelper.invokeMethod(MethodInvocationHelper.java:133), org.testng.internal.TestInvoker.invokeMethod(TestInvoker.java:598), org.testng.internal.TestInvoker.invokeTestMethod(TestInvoker.java:173), org.testng.internal.MethodRunner.runInSequence(MethodRunner.java:46), org.testng.internal.TestInvoker$MethodInvocationAgent.invoke(TestInvoker.java:824), org.testng.internal.TestInvoker.invokeTestMethods(TestInvoker.java:146), org.testng.internal.TestMethodWorker.invokeTestMethods(TestMethodWorker.java:146), org.testng.internal.TestMethodWorker.run(TestMethodWorker.java:128), java.base/java.util.ArrayList.forEach(ArrayList.java:1511), org.testng.TestRunner.privateRun(TestRunner.java:794), org.testng.TestRunner.run(TestRunner.java:596), org.testng.SuiteRunner.runTest(SuiteRunner.java:377), org.testng.SuiteRunner.runSequentially(SuiteRunner.java:371), org.testng.SuiteRunner.privateRun(SuiteRunner.java:332), org.testng.SuiteRunner.run(SuiteRunner.java:276), org.testng.SuiteRunnerWorker.runSuite(SuiteRunnerWorker.java:53), org.testng.SuiteRunnerWorker.run(SuiteRunnerWorker.java:96), org.testng.TestNG.runSuitesSequentially(TestNG.java:1212), org.testng.TestNG.runSuitesLocally(TestNG.java:1134), org.testng.TestNG.runSuites(TestNG.java:1063), org.testng.TestNG.run(TestNG.java:1031), org.testng.remote.AbstractRemoteTestNG.run(AbstractRemoteTestNG.java:115), org.testng.remote.RemoteTestNG.initAndRun(RemoteTestNG.java:251), org.testng.remote.RemoteTestNG.main(RemoteTestNG.java:77)]
2022-06-01 14:12:13 FATAL Logs:22 - Console: https://regression.myresman.com/Scripts/jquery-1.7.1.min.js?v=637896216520000000 5 The specified value "!" does not conform to the required format.  The format is "#rrggbb" where rr, gg, bb are two-digit hexadecimal numbers.
2022-06-01 14:12:20 INFO  Logs:12 - VerifyRemoveUser has passed
2022-06-01 14:18:44 INFO  Logs:12 - ============Started:Test============
2022-06-01 14:18:53 INFO  Logs:12 - verifyAddUser has passed
2022-06-01 14:19:53 FATAL Logs:22 - Failed, Exception: [org.testng.Assert.fail(Assert.java:99), org.testng.Assert.failNotEquals(Assert.java:1037), org.testng.Assert.assertTrue(Assert.java:45), org.testng.Assert.assertTrue(Assert.java:55), resman.qa.TestCases.addUser.verifyAddUser(addUser.java:43), java.base/jdk.internal.reflect.NativeMethodAccessorImpl.invoke0(Native Method), java.base/jdk.internal.reflect.NativeMethodAccessorImpl.invoke(NativeMethodAccessorImpl.java:77), java.base/jdk.internal.reflect.DelegatingMethodAccessorImpl.invoke(DelegatingMethodAccessorImpl.java:43), java.base/java.lang.reflect.Method.invoke(Method.java:568), org.testng.internal.MethodInvocationHelper.invokeMethod(MethodInvocationHelper.java:133), org.testng.internal.TestInvoker.invokeMethod(TestInvoker.java:598), org.testng.internal.TestInvoker.invokeTestMethod(TestInvoker.java:173), org.testng.internal.MethodRunner.runInSequence(MethodRunner.java:46), org.testng.internal.TestInvoker$MethodInvocationAgent.invoke(TestInvoker.java:824), org.testng.internal.TestInvoker.invokeTestMethods(TestInvoker.java:146), org.testng.internal.TestMethodWorker.invokeTestMethods(TestMethodWorker.java:146), org.testng.internal.TestMethodWorker.run(TestMethodWorker.java:128), java.base/java.util.ArrayList.forEach(ArrayList.java:1511), org.testng.TestRunner.privateRun(TestRunner.java:794), org.testng.TestRunner.run(TestRunner.java:596), org.testng.SuiteRunner.runTest(SuiteRunner.java:377), org.testng.SuiteRunner.runSequentially(SuiteRunner.java:371), org.testng.SuiteRunner.privateRun(SuiteRunner.java:332), org.testng.SuiteRunner.run(SuiteRunner.java:276), org.testng.SuiteRunnerWorker.runSuite(SuiteRunnerWorker.java:53), org.testng.SuiteRunnerWorker.run(SuiteRunnerWorker.java:96), org.testng.TestNG.runSuitesSequentially(TestNG.java:1212), org.testng.TestNG.runSuitesLocally(TestNG.java:1134), org.testng.TestNG.runSuites(TestNG.java:1063), org.testng.TestNG.run(TestNG.java:1031), org.testng.remote.AbstractRemoteTestNG.run(AbstractRemoteTestNG.java:115), org.testng.remote.RemoteTestNG.initAndRun(RemoteTestNG.java:251), org.testng.remote.RemoteTestNG.main(RemoteTestNG.java:77)]
2022-06-01 14:19:53 FATAL Logs:22 - Console: https://regression.myresman.com/Scripts/jquery-1.7.1.min.js?v=637896216520000000 5 The specified value "!" does not conform to the required format.  The format is "#rrggbb" where rr, gg, bb are two-digit hexadecimal numbers.
2022-06-01 14:19:59 INFO  Logs:12 - VerifyRemoveUser has passed
2022-06-01 14:21:36 INFO  Logs:12 - VerifyRemoveUser has passed
2022-06-01 14:21:36 INFO  Logs:12 - 
2022-06-01 14:21:47 INFO  Logs:12 - ============Finished:Test============
2022-06-01 14:22:25 INFO  Logs:12 - ============Started:Test============
2022-06-01 14:22:33 INFO  Logs:12 - verifyAddUser has passed
2022-06-01 14:23:35 INFO  Logs:12 - verifyAddUser has passed
2022-06-01 14:23:35 INFO  Logs:12 - 
2022-06-01 14:23:41 INFO  Logs:12 - VerifyRemoveUser has passed
2022-06-01 14:25:07 INFO  Logs:12 - VerifyRemoveUser has passed
2022-06-01 14:25:07 INFO  Logs:12 - 
2022-06-01 14:25:22 INFO  Logs:12 - ============Finished:Test============
2022-06-01 14:26:17 INFO  Logs:12 - ============Started:Test============
2022-06-01 14:26:24 INFO  Logs:12 - verifyAddUser has passed
2022-06-01 14:27:25 INFO  Logs:12 - verifyAddUser has passed
2022-06-01 14:27:25 INFO  Logs:12 - 
2022-06-01 14:27:30 INFO  Logs:12 - VerifyRemoveUser has passed
2022-06-01 14:29:05 INFO  Logs:12 - VerifyRemoveUser has passed
2022-06-01 14:29:05 INFO  Logs:12 - 
2022-06-01 14:29:16 INFO  Logs:12 - ============Finished:Test============
